TN:
SF:src/app.js
FN:24,(anonymous_0)
FN:58,(anonymous_1)
FN:85,(anonymous_2)
FN:96,(anonymous_3)
FN:118,(anonymous_4)
FN:126,(anonymous_5)
FN:155,(anonymous_6)
FN:167,(anonymous_7)
FN:185,(anonymous_8)
FN:186,(anonymous_9)
FN:189,(anonymous_10)
FN:195,(anonymous_11)
FN:202,startServer
FN:208,(anonymous_13)
FNF:14
FNH:0
FNDA:0,(anonymous_0)
FNDA:0,(anonymous_1)
FNDA:0,(anonymous_2)
FNDA:0,(anonymous_3)
FNDA:0,(anonymous_4)
FNDA:0,(anonymous_5)
FNDA:0,(anonymous_6)
FNDA:0,(anonymous_7)
FNDA:0,(anonymous_8)
FNDA:0,(anonymous_9)
FNDA:0,(anonymous_10)
FNDA:0,(anonymous_11)
FNDA:0,startServer
FNDA:0,(anonymous_13)
DA:7,0
DA:8,0
DA:11,0
DA:12,0
DA:13,0
DA:16,0
DA:17,0
DA:18,0
DA:21,0
DA:24,0
DA:25,0
DA:26,0
DA:27,0
DA:35,0
DA:38,0
DA:39,0
DA:42,0
DA:48,0
DA:58,0
DA:59,0
DA:61,0
DA:72,0
DA:80,0
DA:81,0
DA:82,0
DA:85,0
DA:86,0
DA:88,0
DA:96,0
DA:97,0
DA:98,0
DA:100,0
DA:101,0
DA:103,0
DA:104,0
DA:110,0
DA:118,0
DA:120,0
DA:121,0
DA:125,0
DA:126,0
DA:127,0
DA:128,0
DA:147,0
DA:154,0
DA:155,0
DA:156,0
DA:157,0
DA:158,0
DA:161,0
DA:162,0
DA:164,0
DA:166,0
DA:167,0
DA:168,0
DA:173,0
DA:175,0
DA:176,0
DA:179,0
DA:180,0
DA:185,0
DA:186,0
DA:189,0
DA:190,0
DA:191,0
DA:192,0
DA:195,0
DA:196,0
DA:197,0
DA:198,0
DA:203,0
DA:205,0
DA:208,0
DA:209,0
DA:210,0
DA:211,0
DA:212,0
DA:213,0
DA:214,0
DA:215,0
DA:219,0
DA:222,0
DA:224,0
DA:227,0
DA:228,0
DA:233,0
DA:234,0
DA:237,0
LF:88
LH:0
BRDA:24,0,0,0
BRDA:26,1,0,0
BRDA:26,1,1,0
BRDA:26,2,0,0
BRDA:26,2,1,0
BRDA:43,3,0,0
BRDA:43,3,1,0
BRDA:49,4,0,0
BRDA:49,4,1,0
BRDA:103,5,0,0
BRDA:103,5,1,0
BRDA:120,6,0,0
BRDA:120,6,1,0
BRDA:127,7,0,0
BRDA:127,7,1,0
BRDA:156,8,0,0
BRDA:156,8,1,0
BRDA:166,9,0,0
BRDA:166,9,1,0
BRDA:233,10,0,0
BRDA:233,10,1,0
BRF:21
BRH:0
end_of_record
TN:
SF:src/demo-fase2.js
FNF:0
FNH:0
DA:6,0
DA:9,0
DA:10,0
DA:11,0
DA:12,0
DA:14,0
DA:15,0
DA:17,0
DA:18,0
DA:20,0
DA:21,0
DA:23,0
DA:24,0
DA:27,0
DA:28,0
DA:32,0
DA:34,0
DA:36,0
DA:37,0
DA:38,0
DA:40,0
DA:41,0
DA:43,0
DA:44,0
DA:47,0
DA:48,0
DA:49,0
DA:50,0
DA:53,0
DA:54,0
DA:57,0
DA:58,0
DA:59,0
DA:61,0
DA:62,0
DA:64,0
DA:65,0
DA:68,0
DA:69,0
DA:70,0
DA:71,0
DA:73,0
DA:74,0
DA:75,0
DA:76,0
DA:77,0
DA:78,0
DA:79,0
DA:80,0
DA:83,0
DA:84,0
LF:51
LH:0
BRF:0
BRH:0
end_of_record
TN:
SF:src/server.js
FN:89,(anonymous_0)
FN:98,(anonymous_1)
FN:121,(anonymous_2)
FN:125,(anonymous_3)
FN:153,(anonymous_4)
FN:159,(anonymous_5)
FN:161,(anonymous_6)
FN:187,(anonymous_7)
FN:208,(anonymous_8)
FN:214,(anonymous_9)
FN:223,(anonymous_10)
FN:228,(anonymous_11)
FN:234,(anonymous_12)
FN:257,(anonymous_13)
FN:271,(anonymous_14)
FN:281,(anonymous_15)
FN:286,(anonymous_16)
FN:299,(anonymous_17)
FN:300,(anonymous_18)
FN:303,(anonymous_19)
FN:308,(anonymous_20)
FNF:21
FNH:0
FNDA:0,(anonymous_0)
FNDA:0,(anonymous_1)
FNDA:0,(anonymous_2)
FNDA:0,(anonymous_3)
FNDA:0,(anonymous_4)
FNDA:0,(anonymous_5)
FNDA:0,(anonymous_6)
FNDA:0,(anonymous_7)
FNDA:0,(anonymous_8)
FNDA:0,(anonymous_9)
FNDA:0,(anonymous_10)
FNDA:0,(anonymous_11)
FNDA:0,(anonymous_12)
FNDA:0,(anonymous_13)
FNDA:0,(anonymous_14)
FNDA:0,(anonymous_15)
FNDA:0,(anonymous_16)
FNDA:0,(anonymous_17)
FNDA:0,(anonymous_18)
FNDA:0,(anonymous_19)
FNDA:0,(anonymous_20)
DA:1,0
DA:2,0
DA:3,0
DA:4,0
DA:5,0
DA:6,0
DA:7,0
DA:8,0
DA:10,0
DA:11,0
DA:12,0
DA:13,0
DA:16,0
DA:17,0
DA:18,0
DA:19,0
DA:20,0
DA:21,0
DA:22,0
DA:23,0
DA:24,0
DA:25,0
DA:26,0
DA:27,0
DA:29,0
DA:30,0
DA:33,0
DA:42,0
DA:62,0
DA:63,0
DA:66,0
DA:78,0
DA:79,0
DA:82,0
DA:83,0
DA:86,0
DA:89,0
DA:90,0
DA:94,0
DA:95,0
DA:97,0
DA:99,0
DA:102,0
DA:103,0
DA:104,0
DA:106,0
DA:107,0
DA:108,0
DA:110,0
DA:111,0
DA:113,0
DA:114,0
DA:120,0
DA:121,0
DA:125,0
DA:126,0
DA:128,0
DA:139,0
DA:140,0
DA:141,0
DA:142,0
DA:143,0
DA:144,0
DA:145,0
DA:146,0
DA:147,0
DA:148,0
DA:149,0
DA:150,0
DA:153,0
DA:154,0
DA:155,0
DA:157,0
DA:158,0
DA:159,0
DA:161,0
DA:162,0
DA:163,0
DA:164,0
DA:173,0
DA:179,0
DA:187,0
DA:188,0
DA:189,0
DA:190,0
DA:192,0
DA:202,0
DA:205,0
DA:208,0
DA:210,0
DA:211,0
DA:214,0
DA:215,0
DA:216,0
DA:219,0
DA:223,0
DA:224,0
DA:228,0
DA:229,0
DA:234,0
DA:235,0
DA:236,0
DA:237,0
DA:238,0
DA:239,0
DA:243,0
DA:246,0
DA:247,0
DA:248,0
DA:249,0
DA:252,0
DA:253,0
DA:256,0
DA:257,0
DA:258,0
DA:259,0
DA:269,0
DA:271,0
DA:272,0
DA:273,0
DA:274,0
DA:277,0
DA:278,0
DA:281,0
DA:282,0
DA:283,0
DA:286,0
DA:287,0
DA:289,0
DA:290,0
DA:291,0
DA:294,0
DA:295,0
DA:299,0
DA:300,0
DA:303,0
DA:304,0
DA:305,0
DA:308,0
DA:309,0
DA:310,0
DA:314,0
LF:142
LH:0
BRDA:30,0,0,0
BRDA:30,0,1,0
BRDA:34,1,0,0
BRDA:34,1,1,0
BRDA:35,2,0,0
BRDA:35,2,1,0
BRDA:68,3,0,0
BRDA:68,3,1,0
BRDA:102,4,0,0
BRDA:102,4,1,0
BRDA:106,5,0,0
BRDA:106,5,1,0
BRDA:110,6,0,0
BRDA:110,6,1,0
BRDA:113,7,0,0
BRDA:113,7,1,0
BRDA:120,8,0,0
BRDA:120,8,1,0
BRDA:126,9,0,0
BRDA:126,9,1,0
BRDA:128,10,0,0
BRDA:128,10,1,0
BRDA:129,11,0,0
BRDA:129,11,1,0
BRDA:256,12,0,0
BRDA:256,12,1,0
BRDA:272,13,0,0
BRDA:272,13,1,0
BRDA:289,14,0,0
BRDA:289,14,1,0
BRF:30
BRH:0
end_of_record
TN:
SF:src/test-services.js
FNF:0
FNH:0
DA:5,0
DA:7,0
DA:8,0
DA:9,0
DA:10,0
DA:12,0
DA:13,0
DA:14,0
DA:16,0
DA:17,0
DA:18,0
DA:20,0
DA:21,0
DA:22,0
DA:24,0
DA:25,0
DA:26,0
DA:29,0
DA:32,0
DA:33,0
DA:34,0
DA:37,0
DA:38,0
DA:39,0
DA:42,0
DA:44,0
DA:45,0
DA:48,0
DA:49,0
DA:50,0
LF:30
LH:0
BRDA:39,0,0,0
BRDA:39,0,1,0
BRF:2
BRH:0
end_of_record
TN:
SF:src/controllers/dashboardController.js
FN:13,(anonymous_0)
FN:36,(anonymous_1)
FN:53,(anonymous_2)
FN:79,(anonymous_3)
FN:99,(anonymous_4)
FNF:5
FNH:0
FNDA:0,(anonymous_0)
FNDA:0,(anonymous_1)
FNDA:0,(anonymous_2)
FNDA:0,(anonymous_3)
FNDA:0,(anonymous_4)
DA:6,0
DA:14,0
DA:15,0
DA:17,0
DA:19,0
DA:25,0
DA:28,0
DA:29,0
DA:37,0
DA:38,0
DA:40,0
DA:42,0
DA:45,0
DA:46,0
DA:54,0
DA:55,0
DA:57,0
DA:59,0
DA:61,0
DA:64,0
DA:65,0
DA:68,0
DA:71,0
DA:72,0
DA:80,0
DA:81,0
DA:83,0
DA:85,0
DA:86,0
DA:88,0
DA:91,0
DA:92,0
DA:100,0
DA:101,0
DA:103,0
DA:105,0
DA:108,0
DA:109,0
DA:114,0
LF:39
LH:0
BRDA:64,0,0,0
BRDA:64,0,1,0
BRDA:64,1,0,0
BRDA:64,1,1,0
BRDA:81,2,0,0
BRF:5
BRH:0
end_of_record
TN:
SF:src/controllers/historicoController.js
FN:13,(anonymous_0)
FN:50,(anonymous_1)
FN:69,(anonymous_2)
FNF:3
FNH:0
FNDA:0,(anonymous_0)
FNDA:0,(anonymous_1)
FNDA:0,(anonymous_2)
DA:6,0
DA:14,0
DA:15,0
DA:23,0
DA:25,0
DA:30,0
DA:39,0
DA:42,0
DA:43,0
DA:51,0
DA:52,0
DA:54,0
DA:56,0
DA:58,0
DA:61,0
DA:62,0
DA:70,0
DA:71,0
DA:73,0
DA:75,0
DA:77,0
DA:83,0
DA:84,0
DA:89,0
LF:24
LH:0
BRDA:31,0,0,0
BRDA:31,0,1,0
BRDA:32,1,0,0
BRDA:32,1,1,0
BRDA:34,2,0,0
BRDA:34,2,1,0
BRDA:35,3,0,0
BRDA:35,3,1,0
BRDA:71,4,0,0
BRF:9
BRH:0
end_of_record
TN:
SF:src/controllers/medicosController.js
FN:17,(anonymous_0)
FN:67,(anonymous_1)
FN:108,(anonymous_2)
FN:181,(anonymous_3)
FN:257,(anonymous_4)
FN:334,(anonymous_5)
FN:421,(anonymous_6)
FN:495,(anonymous_7)
FN:525,(anonymous_8)
FN:580,(anonymous_9)
FN:621,(anonymous_10)
FN:671,(anonymous_11)
FN:715,(anonymous_12)
FN:737,(anonymous_13)
FN:770,(anonymous_14)
FN:786,(anonymous_15)
FN:810,(anonymous_16)
FN:843,(anonymous_17)
FNF:18
FNH:0
FNDA:0,(anonymous_0)
FNDA:0,(anonymous_1)
FNDA:0,(anonymous_2)
FNDA:0,(anonymous_3)
FNDA:0,(anonymous_4)
FNDA:0,(anonymous_5)
FNDA:0,(anonymous_6)
FNDA:0,(anonymous_7)
FNDA:0,(anonymous_8)
FNDA:0,(anonymous_9)
FNDA:0,(anonymous_10)
FNDA:0,(anonymous_11)
FNDA:0,(anonymous_12)
FNDA:0,(anonymous_13)
FNDA:0,(anonymous_14)
FNDA:0,(anonymous_15)
FNDA:0,(anonymous_16)
FNDA:0,(anonymous_17)
DA:6,0
DA:7,0
DA:8,0
DA:9,0
DA:10,0
DA:11,0
DA:18,0
DA:19,0
DA:22,0
DA:28,0
DA:29,0
DA:39,0
DA:40,0
DA:43,0
DA:44,0
DA:67,0
DA:93,0
DA:100,0
DA:101,0
DA:109,0
DA:111,0
DA:112,0
DA:132,0
DA:133,0
DA:136,0
DA:170,0
DA:173,0
DA:174,0
DA:182,0
DA:185,0
DA:186,0
DA:187,0
DA:190,0
DA:192,0
DA:196,0
DA:197,0
DA:201,0
DA:205,0
DA:206,0
DA:210,0
DA:211,0
DA:212,0
DA:216,0
DA:217,0
DA:247,0
DA:250,0
DA:253,0
DA:257,0
DA:259,0
DA:270,0
DA:306,0
DA:309,0
DA:321,0
DA:323,0
DA:324,0
DA:327,0
DA:335,0
DA:336,0
DA:339,0
DA:340,0
DA:341,0
DA:344,0
DA:346,0
DA:351,0
DA:352,0
DA:356,0
DA:357,0
DA:360,0
DA:361,0
DA:365,0
DA:366,0
DA:369,0
DA:370,0
DA:374,0
DA:375,0
DA:376,0
DA:377,0
DA:383,0
DA:384,0
DA:414,0
DA:417,0
DA:421,0
DA:423,0
DA:424,0
DA:435,0
DA:473,0
DA:476,0
DA:487,0
DA:488,0
DA:496,0
DA:498,0
DA:499,0
DA:504,0
DA:505,0
DA:509,0
DA:514,0
DA:517,0
DA:518,0
DA:526,0
DA:528,0
DA:530,0
DA:535,0
DA:536,0
DA:540,0
DA:541,0
DA:545,0
DA:552,0
DA:553,0
DA:557,0
DA:565,0
DA:572,0
DA:573,0
DA:581,0
DA:583,0
DA:585,0
DA:590,0
DA:591,0
DA:594,0
DA:595,0
DA:599,0
DA:602,0
DA:610,0
DA:613,0
DA:614,0
DA:622,0
DA:623,0
DA:626,0
DA:632,0
DA:633,0
DA:643,0
DA:644,0
DA:647,0
DA:648,0
DA:651,0
DA:652,0
DA:656,0
DA:671,0
DA:687,0
DA:696,0
DA:697,0
DA:700,0
DA:701,0
DA:702,0
DA:704,0
DA:707,0
DA:708,0
DA:716,0
DA:718,0
DA:737,0
DA:748,0
DA:751,0
DA:752,0
DA:755,0
DA:756,0
DA:757,0
DA:759,0
DA:762,0
DA:763,0
DA:771,0
DA:773,0
DA:786,0
DA:797,0
DA:799,0
DA:802,0
DA:803,0
DA:811,0
DA:812,0
DA:813,0
DA:816,0
DA:823,0
DA:826,0
DA:832,0
DA:835,0
DA:836,0
DA:844,0
DA:845,0
DA:847,0
DA:848,0
DA:850,0
DA:851,0
DA:852,0
DA:854,0
DA:857,0
DA:858,0
DA:863,0
LF:185
LH:0
BRDA:18,0,0,0
BRDA:18,1,0,0
BRDA:28,2,0,0
BRDA:28,2,1,0
BRDA:39,3,0,0
BRDA:39,3,1,0
BRDA:69,4,0,0
BRDA:69,4,1,0
BRDA:76,5,0,0
BRDA:76,5,1,0
BRDA:79,6,0,0
BRDA:79,6,1,0
BRDA:80,7,0,0
BRDA:80,7,1,0
BRDA:81,8,0,0
BRDA:81,8,1,0
BRDA:84,9,0,0
BRDA:84,9,1,0
BRDA:132,10,0,0
BRDA:132,10,1,0
BRDA:138,11,0,0
BRDA:138,11,1,0
BRDA:145,12,0,0
BRDA:145,12,1,0
BRDA:148,13,0,0
BRDA:148,13,1,0
BRDA:149,14,0,0
BRDA:149,14,1,0
BRDA:152,15,0,0
BRDA:152,15,1,0
BRDA:165,16,0,0
BRDA:165,16,1,0
BRDA:166,17,0,0
BRDA:166,17,1,0
BRDA:186,18,0,0
BRDA:186,18,1,0
BRDA:196,19,0,0
BRDA:196,19,1,0
BRDA:205,20,0,0
BRDA:205,20,1,0
BRDA:210,21,0,0
BRDA:210,21,1,0
BRDA:216,22,0,0
BRDA:216,22,1,0
BRDA:225,23,0,0
BRDA:246,24,0,0
BRDA:279,25,0,0
BRDA:279,25,1,0
BRDA:280,26,0,0
BRDA:280,26,1,0
BRDA:282,27,0,0
BRDA:282,27,1,0
BRDA:283,28,0,0
BRDA:283,28,1,0
BRDA:323,29,0,0
BRDA:323,29,1,0
BRDA:340,30,0,0
BRDA:340,30,1,0
BRDA:351,31,0,0
BRDA:351,31,1,0
BRDA:356,32,0,0
BRDA:356,32,1,0
BRDA:356,33,0,0
BRDA:356,33,1,0
BRDA:360,34,0,0
BRDA:360,34,1,0
BRDA:365,35,0,0
BRDA:365,35,1,0
BRDA:365,36,0,0
BRDA:365,36,1,0
BRDA:369,37,0,0
BRDA:369,37,1,0
BRDA:374,38,0,0
BRDA:374,38,1,0
BRDA:376,39,0,0
BRDA:376,39,1,0
BRDA:383,40,0,0
BRDA:383,40,1,0
BRDA:423,41,0,0
BRDA:423,41,1,0
BRDA:423,42,0,0
BRDA:423,42,1,0
BRDA:423,42,2,0
BRDA:427,43,0,0
BRDA:427,43,1,0
BRDA:428,44,0,0
BRDA:428,44,1,0
BRDA:429,45,0,0
BRDA:429,45,1,0
BRDA:438,46,0,0
BRDA:438,46,1,0
BRDA:439,47,0,0
BRDA:439,47,1,0
BRDA:440,48,0,0
BRDA:440,48,1,0
BRDA:441,49,0,0
BRDA:441,49,1,0
BRDA:442,50,0,0
BRDA:442,50,1,0
BRDA:443,51,0,0
BRDA:443,51,1,0
BRDA:444,52,0,0
BRDA:444,52,1,0
BRDA:444,53,0,0
BRDA:444,53,1,0
BRDA:445,54,0,0
BRDA:445,54,1,0
BRDA:446,55,0,0
BRDA:446,55,1,0
BRDA:448,56,0,0
BRDA:448,56,1,0
BRDA:449,57,0,0
BRDA:449,57,1,0
BRDA:450,58,0,0
BRDA:450,58,1,0
BRDA:450,59,0,0
BRDA:450,59,1,0
BRDA:451,60,0,0
BRDA:451,60,1,0
BRDA:452,61,0,0
BRDA:452,61,1,0
BRDA:453,62,0,0
BRDA:453,62,1,0
BRDA:454,63,0,0
BRDA:454,63,1,0
BRDA:455,64,0,0
BRDA:455,64,1,0
BRDA:456,65,0,0
BRDA:456,65,1,0
BRDA:457,66,0,0
BRDA:457,66,1,0
BRDA:458,67,0,0
BRDA:458,67,1,0
BRDA:459,68,0,0
BRDA:459,68,1,0
BRDA:460,69,0,0
BRDA:460,69,1,0
BRDA:504,70,0,0
BRDA:504,70,1,0
BRDA:535,71,0,0
BRDA:535,71,1,0
BRDA:540,72,0,0
BRDA:540,72,1,0
BRDA:552,73,0,0
BRDA:552,73,1,0
BRDA:590,74,0,0
BRDA:590,74,1,0
BRDA:594,75,0,0
BRDA:594,75,1,0
BRDA:628,76,0,0
BRDA:628,76,1,0
BRDA:628,77,0,0
BRDA:628,77,1,0
BRDA:632,78,0,0
BRDA:632,78,1,0
BRDA:643,79,0,0
BRDA:643,79,1,0
BRDA:647,80,0,0
BRDA:647,80,1,0
BRDA:651,81,0,0
BRDA:651,81,1,0
BRDA:673,82,0,0
BRDA:673,82,1,0
BRDA:676,83,0,0
BRDA:676,83,1,0
BRDA:680,84,0,0
BRDA:680,84,1,0
BRDA:741,85,0,0
BRDA:741,85,1,0
BRDA:790,86,0,0
BRDA:790,86,1,0
BRDA:812,87,0,0
BRDA:812,87,1,0
BRF:173
BRH:0
end_of_record
TN:
SF:src/controllers/pacientesController.js
FN:12,(anonymous_0)
FN:61,(anonymous_1)
FN:98,(anonymous_2)
FN:172,(anonymous_3)
FN:220,(anonymous_4)
FN:266,(anonymous_5)
FNF:6
FNH:0
FNDA:0,(anonymous_0)
FNDA:0,(anonymous_1)
FNDA:0,(anonymous_2)
FNDA:0,(anonymous_3)
FNDA:0,(anonymous_4)
FNDA:0,(anonymous_5)
DA:6,0
DA:13,0
DA:14,0
DA:17,0
DA:21,0
DA:22,0
DA:29,0
DA:30,0
DA:61,0
DA:62,0
DA:64,0
DA:83,0
DA:90,0
DA:91,0
DA:99,0
DA:101,0
DA:102,0
DA:121,0
DA:122,0
DA:126,0
DA:128,0
DA:161,0
DA:164,0
DA:165,0
DA:173,0
DA:175,0
DA:177,0
DA:181,0
DA:182,0
DA:186,0
DA:188,0
DA:196,0
DA:207,0
DA:209,0
DA:210,0
DA:213,0
DA:221,0
DA:222,0
DA:224,0
DA:226,0
DA:230,0
DA:231,0
DA:235,0
DA:236,0
DA:239,0
DA:240,0
DA:243,0
DA:248,0
DA:258,0
DA:259,0
DA:267,0
DA:269,0
DA:270,0
DA:274,0
DA:275,0
DA:279,0
DA:284,0
DA:287,0
DA:288,0
DA:293,0
LF:60
LH:0
BRDA:13,0,0,0
BRDA:13,1,0,0
BRDA:21,2,0,0
BRDA:21,2,1,0
BRDA:70,3,0,0
BRDA:70,3,1,0
BRDA:74,4,0,0
BRDA:74,4,1,0
BRDA:121,5,0,0
BRDA:121,5,1,0
BRDA:181,6,0,0
BRDA:181,6,1,0
BRDA:209,7,0,0
BRDA:209,7,1,0
BRDA:230,8,0,0
BRDA:230,8,1,0
BRDA:235,9,0,0
BRDA:235,9,1,0
BRDA:239,10,0,0
BRDA:239,10,1,0
BRDA:274,11,0,0
BRDA:274,11,1,0
BRF:22
BRH:0
end_of_record
TN:
SF:src/database/seed.js
FN:4,main
FN:327,(anonymous_1)
FN:331,(anonymous_2)
FNF:3
FNH:0
FNDA:0,main
FNDA:0,(anonymous_1)
FNDA:0,(anonymous_2)
DA:1,0
DA:2,0
DA:5,0
DA:8,0
DA:10,0
DA:78,0
DA:79,0
DA:80,0
DA:82,0
DA:91,0
DA:106,0
DA:110,0
DA:112,0
DA:240,0
DA:241,0
DA:242,0
DA:245,0
DA:249,0
DA:252,0
DA:262,0
DA:273,0
DA:285,0
DA:298,0
DA:309,0
DA:320,0
DA:321,0
DA:322,0
DA:323,0
DA:326,0
DA:328,0
DA:329,0
DA:332,0
LF:32
LH:0
BRF:0
BRH:0
end_of_record
TN:
SF:src/middleware/analyticsDataSanitizer.js
FN:10,(anonymous_0)
FN:68,(anonymous_1)
FN:73,(anonymous_2)
FN:87,(anonymous_3)
FN:124,(anonymous_4)
FN:127,(anonymous_5)
FN:163,(anonymous_6)
FN:168,(anonymous_7)
FN:190,(anonymous_8)
FN:204,(anonymous_9)
FN:205,(anonymous_10)
FN:210,(anonymous_11)
FN:255,(anonymous_12)
FN:264,(anonymous_13)
FN:286,(anonymous_14)
FN:320,(anonymous_15)
FNF:16
FNH:0
FNDA:0,(anonymous_0)
FNDA:0,(anonymous_1)
FNDA:0,(anonymous_2)
FNDA:0,(anonymous_3)
FNDA:0,(anonymous_4)
FNDA:0,(anonymous_5)
FNDA:0,(anonymous_6)
FNDA:0,(anonymous_7)
FNDA:0,(anonymous_8)
FNDA:0,(anonymous_9)
FNDA:0,(anonymous_10)
FNDA:0,(anonymous_11)
FNDA:0,(anonymous_12)
FNDA:0,(anonymous_13)
FNDA:0,(anonymous_14)
FNDA:0,(anonymous_15)
DA:6,0
DA:7,0
DA:12,0
DA:42,0
DA:58,0
DA:69,0
DA:72,0
DA:73,0
DA:77,0
DA:78,0
DA:81,0
DA:88,0
DA:90,0
DA:92,0
DA:94,0
DA:95,0
DA:96,0
DA:100,0
DA:101,0
DA:103,0
DA:104,0
DA:106,0
DA:110,0
DA:111,0
DA:113,0
DA:118,0
DA:126,0
DA:127,0
DA:128,0
DA:133,0
DA:134,0
DA:138,0
DA:141,0
DA:145,0
DA:149,0
DA:153,0
DA:156,0
DA:165,0
DA:166,0
DA:168,0
DA:169,0
DA:173,0
DA:175,0
DA:177,0
DA:179,0
DA:181,0
DA:184,0
DA:191,0
DA:193,0
DA:198,0
DA:205,0
DA:207,0
DA:210,0
DA:211,0
DA:213,0
DA:215,0
DA:217,0
DA:220,0
DA:223,0
DA:234,0
DA:236,0
DA:239,0
DA:240,0
DA:248,0
DA:258,0
DA:266,0
DA:267,0
DA:268,0
DA:271,0
DA:272,0
DA:273,0
DA:277,0
DA:278,0
DA:279,0
DA:280,0
DA:287,0
DA:293,0
DA:294,0
DA:295,0
DA:296,0
DA:300,0
DA:301,0
DA:303,0
DA:304,0
DA:305,0
DA:309,0
DA:310,0
DA:311,0
DA:314,0
DA:321,0
DA:323,0
DA:324,0
DA:326,0
DA:327,0
DA:330,0
DA:331,0
DA:337,0
LF:97
LH:0
BRDA:68,0,0,0
BRDA:69,1,0,0
BRDA:69,1,1,0
BRDA:72,2,0,0
BRDA:72,2,1,0
BRDA:77,3,0,0
BRDA:77,3,1,0
BRDA:88,4,0,0
BRDA:88,4,1,0
BRDA:88,5,0,0
BRDA:88,5,1,0
BRDA:94,6,0,0
BRDA:94,6,1,0
BRDA:100,7,0,0
BRDA:100,7,1,0
BRDA:101,8,0,0
BRDA:101,8,1,0
BRDA:104,9,0,0
BRDA:104,9,1,0
BRDA:110,10,0,0
BRDA:110,10,1,0
BRDA:126,11,0,0
BRDA:126,11,1,0
BRDA:128,12,0,0
BRDA:128,12,1,0
BRDA:133,13,0,0
BRDA:133,13,1,0
BRDA:133,14,0,0
BRDA:133,14,1,0
BRDA:138,15,0,0
BRDA:138,15,1,0
BRDA:138,15,2,0
BRDA:138,15,3,0
BRDA:138,15,4,0
BRDA:145,16,0,0
BRDA:145,16,1,0
BRDA:149,17,0,0
BRDA:149,17,1,0
BRDA:168,18,0,0
BRDA:168,18,1,0
BRDA:173,19,0,0
BRDA:173,19,1,0
BRDA:175,20,0,0
BRDA:175,20,1,0
BRDA:177,21,0,0
BRDA:177,21,1,0
BRDA:179,22,0,0
BRDA:179,22,1,0
BRDA:181,23,0,0
BRDA:181,23,1,0
BRDA:191,24,0,0
BRDA:191,24,1,0
BRDA:215,25,0,0
BRDA:215,25,1,0
BRDA:227,26,0,0
BRDA:227,26,1,0
BRDA:228,27,0,0
BRDA:228,27,1,0
BRDA:271,28,0,0
BRDA:271,28,1,0
BRDA:293,29,0,0
BRDA:293,29,1,0
BRDA:303,30,0,0
BRDA:303,30,1,0
BRDA:310,31,0,0
BRDA:310,31,1,0
BRDA:321,32,0,0
BRDA:321,32,1,0
BRDA:321,33,0,0
BRDA:321,33,1,0
BRDA:324,34,0,0
BRDA:324,34,1,0
BRDA:326,35,0,0
BRDA:326,35,1,0
BRDA:330,36,0,0
BRDA:330,36,1,0
BRDA:330,37,0,0
BRDA:330,37,1,0
BRF:78
BRH:0
end_of_record
TN:
SF:src/middleware/centralMiddleware.js
FN:20,(anonymous_0)
FN:59,(anonymous_1)
FN:71,(anonymous_2)
FN:119,(anonymous_3)
FN:133,(anonymous_4)
FN:147,(anonymous_5)
FN:162,(anonymous_6)
FN:186,(anonymous_7)
FN:206,(anonymous_8)
FN:229,(anonymous_9)
FN:248,(anonymous_10)
FN:268,(anonymous_11)
FN:292,(anonymous_12)
FN:322,(anonymous_13)
FN:322,(anonymous_14)
FN:346,(anonymous_15)
FN:365,(anonymous_16)
FNF:17
FNH:1
FNDA:0,(anonymous_0)
FNDA:4,(anonymous_1)
FNDA:0,(anonymous_2)
FNDA:0,(anonymous_3)
FNDA:0,(anonymous_4)
FNDA:0,(anonymous_5)
FNDA:0,(anonymous_6)
FNDA:0,(anonymous_7)
FNDA:0,(anonymous_8)
FNDA:0,(anonymous_9)
FNDA:0,(anonymous_10)
FNDA:0,(anonymous_11)
FNDA:0,(anonymous_12)
FNDA:0,(anonymous_13)
FNDA:0,(anonymous_14)
FNDA:0,(anonymous_15)
FNDA:0,(anonymous_16)
DA:6,1
DA:7,1
DA:8,1
DA:9,1
DA:10,1
DA:12,1
DA:13,1
DA:14,1
DA:19,1
DA:22,0
DA:33,0
DA:35,0
DA:36,0
DA:38,0
DA:39,0
DA:59,1
DA:60,4
DA:72,0
DA:84,1
DA:101,1
DA:117,1
DA:121,0
DA:133,0
DA:134,0
DA:135,0
DA:136,0
DA:137,0
DA:146,1
DA:149,0
DA:150,0
DA:153,0
DA:162,1
DA:164,0
DA:165,0
DA:166,0
DA:167,0
DA:170,0
DA:171,0
DA:174,0
DA:175,0
DA:176,0
DA:177,0
DA:180,0
DA:186,1
DA:188,0
DA:191,0
DA:194,0
DA:200,0
DA:206,1
DA:207,0
DA:209,0
DA:210,0
DA:213,0
DA:214,0
DA:218,0
DA:219,0
DA:223,0
DA:229,1
DA:231,0
DA:232,0
DA:235,0
DA:237,0
DA:238,0
DA:240,0
DA:241,0
DA:248,1
DA:250,0
DA:258,0
DA:259,0
DA:262,0
DA:268,1
DA:270,0
DA:281,0
DA:284,0
DA:285,0
DA:286,0
DA:289,0
DA:290,0
DA:291,0
DA:292,0
DA:296,0
DA:297,0
DA:298,0
DA:299,0
DA:300,0
DA:301,0
DA:302,0
DA:303,0
DA:304,0
DA:305,0
DA:306,0
DA:307,0
DA:308,0
DA:309,0
DA:310,0
DA:311,0
DA:312,0
DA:313,0
DA:316,0
DA:322,1
DA:323,0
DA:326,1
DA:347,0
DA:350,0
DA:351,0
DA:352,0
DA:353,0
DA:354,0
DA:355,0
DA:356,0
DA:361,0
DA:366,0
DA:372,0
DA:375,0
DA:377,0
LF:115
LH:23
BRDA:33,0,0,0
BRDA:33,0,1,0
BRDA:35,1,0,0
BRDA:35,1,1,0
BRDA:59,2,0,0
BRDA:59,3,0,0
BRDA:59,4,0,0
BRDA:134,5,0,0
BRDA:134,5,1,0
BRDA:149,6,0,0
BRDA:149,6,1,0
BRDA:174,7,0,0
BRDA:174,7,1,0
BRDA:195,8,0,0
BRDA:195,8,1,0
BRDA:196,9,0,0
BRDA:196,9,1,0
BRDA:197,10,0,0
BRDA:197,10,1,0
BRDA:197,10,2,0
BRDA:209,11,0,0
BRDA:209,11,1,0
BRDA:213,12,0,0
BRDA:213,12,1,0
BRDA:213,13,0,0
BRDA:213,13,1,0
BRDA:218,14,0,0
BRDA:218,14,1,0
BRDA:218,15,0,0
BRDA:218,15,1,0
BRDA:231,16,0,0
BRDA:231,16,1,0
BRDA:258,17,0,0
BRDA:258,17,1,0
BRDA:272,18,0,0
BRDA:272,18,1,0
BRDA:278,19,0,0
BRDA:278,19,1,0
BRDA:289,20,0,0
BRDA:289,20,1,0
BRDA:296,21,0,0
BRDA:296,21,1,0
BRDA:299,22,0,0
BRDA:299,22,1,0
BRDA:302,23,0,0
BRDA:302,23,1,0
BRDA:305,24,0,0
BRDA:305,24,1,0
BRDA:308,25,0,0
BRDA:308,25,1,0
BRDA:311,26,0,0
BRDA:311,26,1,0
BRF:52
BRH:0
end_of_record
TN:
SF:src/middleware/errorHandler.js
FN:4,(anonymous_0)
FN:18,(anonymous_1)
FN:91,(anonymous_2)
FN:91,(anonymous_3)
FNF:4
FNH:0
FNDA:0,(anonymous_0)
FNDA:0,(anonymous_1)
FNDA:0,(anonymous_2)
FNDA:0,(anonymous_3)
DA:1,0
DA:4,0
DA:6,0
DA:8,0
DA:9,0
DA:12,0
DA:13,0
DA:14,0
DA:18,0
DA:19,0
DA:20,0
DA:23,0
DA:24,0
DA:25,0
DA:29,0
DA:30,0
DA:31,0
DA:34,0
DA:35,0
DA:36,0
DA:40,0
DA:41,0
DA:42,0
DA:45,0
DA:46,0
DA:47,0
DA:51,0
DA:52,0
DA:53,0
DA:56,0
DA:57,0
DA:58,0
DA:62,0
DA:68,0
DA:69,0
DA:81,0
DA:87,0
DA:91,0
DA:92,0
DA:95,0
LF:40
LH:0
BRDA:8,0,0,0
BRDA:8,0,1,0
BRDA:19,1,0,0
BRDA:19,1,1,0
BRDA:23,2,0,0
BRDA:23,2,1,0
BRDA:29,3,0,0
BRDA:29,3,1,0
BRDA:34,4,0,0
BRDA:34,4,1,0
BRDA:40,5,0,0
BRDA:40,5,1,0
BRDA:45,6,0,0
BRDA:45,6,1,0
BRDA:51,7,0,0
BRDA:51,7,1,0
BRDA:56,8,0,0
BRDA:56,8,1,0
BRDA:63,9,0,0
BRDA:63,9,1,0
BRDA:63,9,2,0
BRDA:63,9,3,0
BRDA:63,9,4,0
BRDA:68,10,0,0
BRDA:68,10,1,0
BRDA:71,11,0,0
BRDA:71,11,1,0
BRDA:76,12,0,0
BRDA:76,12,1,0
BRDA:84,13,0,0
BRDA:84,13,1,0
BRF:31
BRH:0
end_of_record
TN:
SF:src/middleware/errorHandling.js
FN:11,(anonymous_0)
FN:29,(anonymous_1)
FN:100,(anonymous_2)
FN:113,(anonymous_3)
FN:114,(anonymous_4)
FNF:5
FNH:0
FNDA:0,(anonymous_0)
FNDA:0,(anonymous_1)
FNDA:0,(anonymous_2)
FNDA:0,(anonymous_3)
FNDA:0,(anonymous_4)
DA:6,0
DA:11,0
DA:12,0
DA:13,0
DA:14,0
DA:15,0
DA:17,0
DA:18,0
DA:19,0
DA:20,0
DA:21,0
DA:22,0
DA:23,0
DA:29,0
DA:31,0
DA:34,0
DA:35,0
DA:39,0
DA:40,0
DA:41,0
DA:44,0
DA:45,0
DA:46,0
DA:47,0
DA:48,0
DA:49,0
DA:50,0
DA:51,0
DA:52,0
DA:53,0
DA:54,0
DA:55,0
DA:56,0
DA:57,0
DA:58,0
DA:59,0
DA:60,0
DA:62,0
DA:63,0
DA:64,0
DA:66,0
DA:67,0
DA:68,0
DA:69,0
DA:70,0
DA:74,0
DA:75,0
DA:76,0
DA:77,0
DA:81,0
DA:88,0
DA:100,0
DA:101,0
DA:113,0
DA:114,0
DA:115,0
DA:119,0
LF:57
LH:0
BRDA:15,0,0,0
BRDA:15,0,1,0
BRDA:34,1,0,0
BRDA:34,1,1,0
BRDA:44,2,0,0
BRDA:44,2,1,0
BRDA:47,3,0,0
BRDA:47,3,1,0
BRDA:48,4,0,0
BRDA:48,4,1,0
BRDA:48,5,0,0
BRDA:48,5,1,0
BRDA:51,6,0,0
BRDA:51,6,1,0
BRDA:54,7,0,0
BRDA:54,7,1,0
BRDA:57,8,0,0
BRDA:57,8,1,0
BRDA:60,9,0,0
BRDA:60,9,1,0
BRDA:64,10,0,0
BRDA:64,10,1,0
BRDA:68,11,0,0
BRDA:68,11,1,0
BRDA:74,12,0,0
BRDA:74,12,1,0
BRDA:76,13,0,0
BRDA:76,13,1,0
BRF:28
BRH:0
end_of_record
TN:
SF:src/middleware/importUploadMiddleware.js
FN:12,(anonymous_0)
FN:42,(anonymous_1)
FN:81,(anonymous_2)
FNF:3
FNH:0
FNDA:0,(anonymous_0)
FNDA:0,(anonymous_1)
FNDA:0,(anonymous_2)
DA:5,0
DA:6,0
DA:9,0
DA:12,0
DA:13,0
DA:19,0
DA:20,0
DA:22,0
DA:23,0
DA:25,0
DA:30,0
DA:42,0
DA:43,0
DA:44,0
DA:45,0
DA:50,0
DA:51,0
DA:56,0
DA:57,0
DA:64,0
DA:65,0
DA:72,0
DA:81,0
DA:82,0
DA:83,0
DA:88,0
DA:91,0
LF:27
LH:0
BRDA:22,0,0,0
BRDA:22,0,1,0
BRDA:22,1,0,0
BRDA:22,1,1,0
BRDA:43,2,0,0
BRDA:43,2,1,0
BRDA:44,3,0,0
BRDA:44,3,1,0
BRDA:50,4,0,0
BRDA:50,4,1,0
BRDA:56,5,0,0
BRDA:56,5,1,0
BRDA:64,6,0,0
BRDA:64,6,1,0
BRDA:82,7,0,0
BRDA:82,7,1,0
BRF:16
BRH:0
end_of_record
TN:
SF:src/middleware/responseFormatter.js
FN:9,(anonymous_0)
FN:11,(anonymous_1)
FN:22,(anonymous_2)
FN:39,(anonymous_3)
FN:50,(anonymous_4)
FN:61,(anonymous_5)
FN:71,(anonymous_6)
FNF:7
FNH:0
FNDA:0,(anonymous_0)
FNDA:0,(anonymous_1)
FNDA:0,(anonymous_2)
FNDA:0,(anonymous_3)
FNDA:0,(anonymous_4)
FNDA:0,(anonymous_5)
FNDA:0,(anonymous_6)
DA:9,0
DA:11,0
DA:12,0
DA:22,0
DA:23,0
DA:39,0
DA:40,0
DA:50,0
DA:51,0
DA:61,0
DA:62,0
DA:71,0
DA:72,0
DA:80,0
DA:83,0
LF:15
LH:0
BRDA:11,0,0,0
BRDA:11,1,0,0
BRDA:22,2,0,0
BRDA:27,3,0,0
BRDA:27,3,1,0
BRDA:28,4,0,0
BRDA:28,4,1,0
BRDA:29,5,0,0
BRDA:29,5,1,0
BRDA:30,6,0,0
BRDA:30,6,1,0
BRDA:30,7,0,0
BRDA:30,7,1,0
BRDA:39,8,0,0
BRDA:39,9,0,0
BRDA:39,10,0,0
BRDA:50,11,0,0
BRDA:61,12,0,0
BRDA:71,13,0,0
BRF:19
BRH:0
end_of_record
TN:
SF:src/middleware/uploadMiddleware.js
FN:16,(anonymous_0)
FN:49,processarFotoMedico
FN:90,removerFotoAnterior
FN:115,handleUploadError
FN:139,validarUploadFoto
FNF:5
FNH:0
FNDA:0,(anonymous_0)
FNDA:0,processarFotoMedico
FNDA:0,removerFotoAnterior
FNDA:0,handleUploadError
FNDA:0,validarUploadFoto
DA:6,0
DA:7,0
DA:8,0
DA:9,0
DA:10,0
DA:13,0
DA:16,0
DA:18,0
DA:20,0
DA:21,0
DA:23,0
DA:28,0
DA:40,0
DA:50,0
DA:52,0
DA:53,0
DA:56,0
DA:57,0
DA:58,0
DA:61,0
DA:73,0
DA:82,0
DA:91,0
DA:93,0
DA:95,0
DA:96,0
DA:99,0
DA:100,0
DA:101,0
DA:102,0
DA:105,0
DA:108,0
DA:116,0
DA:117,0
DA:119,0
DA:121,0
DA:123,0
DA:125,0
DA:129,0
DA:130,0
DA:133,0
DA:140,0
DA:142,0
DA:143,0
DA:147,0
DA:150,0
DA:151,0
DA:152,0
DA:153,0
DA:156,0
DA:160,0
DA:167,0
DA:170,0
DA:174,0
LF:54
LH:0
BRDA:20,0,0,0
BRDA:20,0,1,0
BRDA:91,1,0,0
BRDA:91,1,1,0
BRDA:116,2,0,0
BRDA:116,2,1,0
BRDA:117,3,0,0
BRDA:117,3,1,0
BRDA:117,3,2,0
BRDA:117,3,3,0
BRDA:129,4,0,0
BRDA:129,4,1,0
BRDA:142,5,0,0
BRDA:142,5,1,0
BRDA:152,6,0,0
BRDA:152,6,1,0
BRDA:152,7,0,0
BRDA:152,7,1,0
BRF:18
BRH:0
end_of_record
TN:
SF:src/middleware/validacaoTempoReal.js
FN:14,(anonymous_0)
FN:15,(anonymous_1)
FN:49,(anonymous_2)
FN:50,(anonymous_3)
FN:83,(anonymous_4)
FN:108,(anonymous_5)
FN:144,(anonymous_6)
FN:171,(anonymous_7)
FN:186,(anonymous_8)
FN:199,(anonymous_9)
FN:226,(anonymous_10)
FN:241,(anonymous_11)
FN:266,(anonymous_12)
FN:267,(anonymous_13)
FNF:14
FNH:0
FNDA:0,(anonymous_0)
FNDA:0,(anonymous_1)
FNDA:0,(anonymous_2)
FNDA:0,(anonymous_3)
FNDA:0,(anonymous_4)
FNDA:0,(anonymous_5)
FNDA:0,(anonymous_6)
FNDA:0,(anonymous_7)
FNDA:0,(anonymous_8)
FNDA:0,(anonymous_9)
FNDA:0,(anonymous_10)
FNDA:0,(anonymous_11)
FNDA:0,(anonymous_12)
FNDA:0,(anonymous_13)
DA:6,0
DA:7,0
DA:15,0
DA:16,0
DA:17,0
DA:18,0
DA:20,0
DA:26,0
DA:27,0
DA:28,0
DA:37,0
DA:48,0
DA:49,0
DA:50,0
DA:52,0
DA:53,0
DA:62,0
DA:67,0
DA:70,0
DA:71,0
DA:84,0
DA:86,0
DA:87,0
DA:88,0
DA:89,0
DA:92,0
DA:96,0
DA:101,0
DA:109,0
DA:111,0
DA:112,0
DA:113,0
DA:115,0
DA:120,0
DA:121,0
DA:128,0
DA:132,0
DA:137,0
DA:145,0
DA:147,0
DA:148,0
DA:149,0
DA:151,0
DA:152,0
DA:155,0
DA:159,0
DA:164,0
DA:172,0
DA:175,0
DA:185,0
DA:186,0
DA:187,0
DA:190,0
DA:200,0
DA:202,0
DA:203,0
DA:205,0
DA:206,0
DA:209,0
DA:210,0
DA:212,0
DA:213,0
DA:216,0
DA:219,0
DA:227,0
DA:230,0
DA:232,0
DA:242,0
DA:244,0
DA:245,0
DA:246,0
DA:247,0
DA:249,0
DA:250,0
DA:253,0
DA:254,0
DA:257,0
DA:259,0
DA:267,0
DA:268,0
DA:269,0
DA:270,0
DA:272,0
DA:274,0
DA:276,0
DA:278,0
DA:279,0
DA:281,0
DA:282,0
DA:284,0
DA:285,0
DA:287,0
DA:288,0
DA:290,0
DA:291,0
DA:293,0
DA:294,0
DA:296,0
DA:297,0
DA:299,0
DA:305,0
DA:314,0
DA:315,0
DA:325,0
LF:104
LH:0
BRDA:21,0,0,0
BRDA:21,0,1,0
BRDA:27,1,0,0
BRDA:27,1,1,0
BRDA:52,2,0,0
BRDA:52,2,1,0
BRDA:83,3,0,0
BRDA:84,4,0,0
BRDA:84,4,1,0
BRDA:88,5,0,0
BRDA:88,5,1,0
BRDA:98,6,0,0
BRDA:98,6,1,0
BRDA:108,7,0,0
BRDA:109,8,0,0
BRDA:109,8,1,0
BRDA:113,9,0,0
BRDA:113,9,1,0
BRDA:120,10,0,0
BRDA:120,10,1,0
BRDA:134,11,0,0
BRDA:134,11,1,0
BRDA:144,12,0,0
BRDA:145,13,0,0
BRDA:145,13,1,0
BRDA:151,14,0,0
BRDA:151,14,1,0
BRDA:161,15,0,0
BRDA:161,15,1,0
BRDA:172,16,0,0
BRDA:172,16,1,0
BRDA:192,17,0,0
BRDA:192,17,1,0
BRDA:200,18,0,0
BRDA:200,18,1,0
BRDA:205,19,0,0
BRDA:205,19,1,0
BRDA:212,20,0,0
BRDA:212,20,1,0
BRDA:227,21,0,0
BRDA:227,21,1,0
BRDA:234,22,0,0
BRDA:234,22,1,0
BRDA:242,23,0,0
BRDA:242,23,1,0
BRDA:249,24,0,0
BRDA:249,24,1,0
BRDA:253,25,0,0
BRDA:253,25,1,0
BRDA:276,26,0,0
BRDA:276,26,1,0
BRDA:276,26,2,0
BRDA:276,26,3,0
BRDA:276,26,4,0
BRDA:276,26,5,0
BRDA:276,26,6,0
BRDA:276,26,7,0
BRDA:310,27,0,0
BRDA:310,27,1,0
BRF:59
BRH:0
end_of_record
TN:
SF:src/routes/allergies.js
FN:5,(anonymous_0)
FNF:1
FNH:0
FNDA:0,(anonymous_0)
DA:1,0
DA:2,0
DA:5,0
DA:6,0
DA:9,0
LF:5
LH:0
BRF:0
BRH:0
end_of_record
TN:
SF:src/routes/analytics.js
FN:17,(anonymous_0)
FN:34,(anonymous_1)
FN:46,(anonymous_2)
FN:51,(anonymous_3)
FN:63,(anonymous_4)
FN:80,(anonymous_5)
FN:91,(anonymous_6)
FN:98,(anonymous_7)
FN:116,(anonymous_8)
FN:133,(anonymous_9)
FN:160,(anonymous_10)
FN:167,(anonymous_11)
FN:174,(anonymous_12)
FN:180,(anonymous_13)
FN:203,(anonymous_14)
FN:260,(anonymous_15)
FN:283,(anonymous_16)
FN:290,(anonymous_17)
FN:308,(anonymous_18)
FN:355,(anonymous_19)
FN:374,(anonymous_20)
FN:375,(anonymous_21)
FN:376,(anonymous_22)
FN:377,(anonymous_23)
FN:378,(anonymous_24)
FN:402,(anonymous_25)
FN:414,(anonymous_26)
FN:449,formatBytes
FN:461,generateRecommendations
FNF:29
FNH:0
FNDA:0,(anonymous_0)
FNDA:0,(anonymous_1)
FNDA:0,(anonymous_2)
FNDA:0,(anonymous_3)
FNDA:0,(anonymous_4)
FNDA:0,(anonymous_5)
FNDA:0,(anonymous_6)
FNDA:0,(anonymous_7)
FNDA:0,(anonymous_8)
FNDA:0,(anonymous_9)
FNDA:0,(anonymous_10)
FNDA:0,(anonymous_11)
FNDA:0,(anonymous_12)
FNDA:0,(anonymous_13)
FNDA:0,(anonymous_14)
FNDA:0,(anonymous_15)
FNDA:0,(anonymous_16)
FNDA:0,(anonymous_17)
FNDA:0,(anonymous_18)
FNDA:0,(anonymous_19)
FNDA:0,(anonymous_20)
FNDA:0,(anonymous_21)
FNDA:0,(anonymous_22)
FNDA:0,(anonymous_23)
FNDA:0,(anonymous_24)
FNDA:0,(anonymous_25)
FNDA:0,(anonymous_26)
FNDA:0,formatBytes
FNDA:0,generateRecommendations
DA:1,0
DA:2,0
DA:3,0
DA:4,0
DA:5,0
DA:7,0
DA:8,0
DA:11,0
DA:17,0
DA:18,0
DA:34,0
DA:35,0
DA:36,0
DA:37,0
DA:45,0
DA:46,0
DA:47,0
DA:51,0
DA:59,0
DA:63,0
DA:67,0
DA:68,0
DA:80,0
DA:81,0
DA:82,0
DA:83,0
DA:90,0
DA:91,0
DA:92,0
DA:98,0
DA:99,0
DA:100,0
DA:102,0
DA:113,0
DA:116,0
DA:120,0
DA:121,0
DA:133,0
DA:134,0
DA:135,0
DA:156,0
DA:157,0
DA:160,0
DA:161,0
DA:164,0
DA:166,0
DA:167,0
DA:168,0
DA:170,0
DA:174,0
DA:175,0
DA:179,0
DA:180,0
DA:183,0
DA:190,0
DA:191,0
DA:203,0
DA:204,0
DA:205,0
DA:208,0
DA:217,0
DA:219,0
DA:220,0
DA:222,0
DA:223,0
DA:225,0
DA:226,0
DA:229,0
DA:230,0
DA:233,0
DA:246,0
DA:247,0
DA:260,0
DA:261,0
DA:262,0
DA:263,0
DA:266,0
DA:276,0
DA:277,0
DA:279,0
DA:283,0
DA:290,0
DA:296,0
DA:297,0
DA:308,0
DA:309,0
DA:310,0
DA:312,0
DA:343,0
DA:344,0
DA:355,0
DA:356,0
DA:357,0
DA:359,0
DA:366,0
DA:369,0
DA:374,0
DA:375,0
DA:376,0
DA:377,0
DA:378,0
DA:388,0
DA:389,0
DA:390,0
DA:394,0
DA:395,0
DA:401,0
DA:402,0
DA:413,0
DA:414,0
DA:415,0
DA:417,0
DA:423,0
DA:439,0
DA:440,0
DA:450,0
DA:452,0
DA:453,0
DA:454,0
DA:456,0
DA:458,0
DA:462,0
DA:464,0
DA:465,0
DA:473,0
DA:474,0
DA:482,0
DA:483,0
DA:491,0
DA:492,0
DA:493,0
DA:494,0
DA:503,0
DA:506,0
LF:134
LH:0
BRDA:36,0,0,0
BRDA:36,0,1,0
BRDA:47,1,0,0
BRDA:47,1,1,0
BRDA:47,1,2,0
BRDA:47,1,3,0
BRDA:63,2,0,0
BRDA:63,2,1,0
BRDA:71,3,0,0
BRDA:71,3,1,0
BRDA:82,4,0,0
BRDA:82,4,1,0
BRDA:92,5,0,0
BRDA:92,5,1,0
BRDA:92,5,2,0
BRDA:92,5,3,0
BRDA:124,6,0,0
BRDA:124,6,1,0
BRDA:140,7,0,0
BRDA:140,7,1,0
BRDA:156,8,0,0
BRDA:156,8,1,0
BRDA:161,9,0,0
BRDA:161,9,1,0
BRDA:161,9,2,0
BRDA:161,9,3,0
BRDA:166,10,0,0
BRDA:166,10,1,0
BRDA:175,11,0,0
BRDA:175,11,1,0
BRDA:175,11,2,0
BRDA:194,12,0,0
BRDA:194,12,1,0
BRDA:217,13,0,0
BRDA:217,13,1,0
BRDA:217,13,2,0
BRDA:217,13,3,0
BRDA:217,13,4,0
BRDA:250,14,0,0
BRDA:250,14,1,0
BRDA:357,15,0,0
BRDA:357,16,0,0
BRDA:357,17,0,0
BRDA:362,18,0,0
BRDA:362,18,1,0
BRDA:389,19,0,0
BRDA:389,19,1,0
BRDA:394,20,0,0
BRDA:394,20,1,0
BRDA:394,21,0,0
BRDA:394,21,1,0
BRDA:401,22,0,0
BRDA:401,22,1,0
BRDA:401,23,0,0
BRDA:401,23,1,0
BRDA:428,24,0,0
BRDA:428,24,1,0
BRDA:428,25,0,0
BRDA:428,25,1,0
BRDA:429,26,0,0
BRDA:429,26,1,0
BRDA:429,27,0,0
BRDA:429,27,1,0
BRDA:443,28,0,0
BRDA:443,28,1,0
BRDA:449,29,0,0
BRDA:450,30,0,0
BRDA:450,30,1,0
BRDA:453,31,0,0
BRDA:453,31,1,0
BRDA:464,32,0,0
BRDA:464,32,1,0
BRDA:473,33,0,0
BRDA:473,33,1,0
BRDA:482,34,0,0
BRDA:482,34,1,0
BRDA:491,35,0,0
BRDA:491,35,1,0
BRDA:493,36,0,0
BRDA:493,36,1,0
BRF:80
BRH:0
end_of_record
TN:
SF:src/routes/auth.js
FN:15,(anonymous_0)
FN:16,(anonymous_1)
FN:36,(anonymous_2)
FN:37,(anonymous_3)
FN:186,(anonymous_4)
FN:187,(anonymous_5)
FN:205,(anonymous_6)
FN:206,(anonymous_7)
FN:213,(anonymous_8)
FN:214,(anonymous_9)
FN:222,(anonymous_10)
FN:223,(anonymous_11)
FN:240,(anonymous_12)
FN:241,(anonymous_13)
FNF:14
FNH:0
FNDA:0,(anonymous_0)
FNDA:0,(anonymous_1)
FNDA:0,(anonymous_2)
FNDA:0,(anonymous_3)
FNDA:0,(anonymous_4)
FNDA:0,(anonymous_5)
FNDA:0,(anonymous_6)
FNDA:0,(anonymous_7)
FNDA:0,(anonymous_8)
FNDA:0,(anonymous_9)
FNDA:0,(anonymous_10)
FNDA:0,(anonymous_11)
FNDA:0,(anonymous_12)
FNDA:0,(anonymous_13)
DA:6,0
DA:7,0
DA:8,0
DA:9,0
DA:10,0
DA:12,0
DA:15,0
DA:16,0
DA:17,0
DA:20,0
DA:21,0
DA:22,0
DA:26,0
DA:28,0
DA:36,0
DA:37,0
DA:56,0
DA:59,0
DA:62,0
DA:63,0
DA:64,0
DA:68,0
DA:69,0
DA:70,0
DA:74,0
DA:75,0
DA:76,0
DA:77,0
DA:78,0
DA:80,0
DA:85,0
DA:86,0
DA:87,0
DA:91,0
DA:92,0
DA:93,0
DA:94,0
DA:95,0
DA:97,0
DA:102,0
DA:107,0
DA:108,0
DA:112,0
DA:113,0
DA:116,0
DA:117,0
DA:121,0
DA:122,0
DA:123,0
DA:127,0
DA:131,0
DA:132,0
DA:136,0
DA:139,0
DA:149,0
DA:158,0
DA:172,0
DA:174,0
DA:186,0
DA:187,0
DA:188,0
DA:190,0
DA:191,0
DA:195,0
DA:197,0
DA:199,0
DA:205,0
DA:206,0
DA:207,0
DA:208,0
DA:213,0
DA:214,0
DA:216,0
DA:217,0
DA:222,0
DA:223,0
DA:224,0
DA:226,0
DA:227,0
DA:230,0
DA:232,0
DA:234,0
DA:240,0
DA:241,0
DA:242,0
DA:244,0
DA:245,0
DA:249,0
DA:253,0
DA:254,0
DA:258,0
DA:259,0
DA:260,0
DA:264,0
DA:267,0
DA:268,0
DA:272,0
DA:275,0
DA:280,0
DA:282,0
DA:287,0
LF:101
LH:0
BRDA:21,0,0,0
BRDA:21,0,1,0
BRDA:63,1,0,0
BRDA:63,1,1,0
BRDA:69,2,0,0
BRDA:69,2,1,0
BRDA:75,3,0,0
BRDA:75,3,1,0
BRDA:77,4,0,0
BRDA:77,4,1,0
BRDA:86,5,0,0
BRDA:86,5,1,0
BRDA:92,6,0,0
BRDA:92,6,1,0
BRDA:94,7,0,0
BRDA:94,7,1,0
BRDA:107,8,0,0
BRDA:107,8,1,0
BRDA:112,9,0,0
BRDA:112,9,1,0
BRDA:116,10,0,0
BRDA:116,10,1,0
BRDA:122,11,0,0
BRDA:122,11,1,0
BRDA:131,12,0,0
BRDA:131,12,1,0
BRDA:150,13,0,0
BRDA:150,13,1,0
BRDA:150,14,0,0
BRDA:150,14,1,0
BRDA:153,15,0,0
BRDA:153,15,1,0
BRDA:153,16,0,0
BRDA:153,16,1,0
BRDA:162,17,0,0
BRDA:162,17,1,0
BRDA:166,18,0,0
BRDA:166,18,1,0
BRDA:167,19,0,0
BRDA:167,19,1,0
BRDA:168,20,0,0
BRDA:168,20,1,0
BRDA:190,21,0,0
BRDA:190,21,1,0
BRDA:190,22,0,0
BRDA:190,22,1,0
BRDA:226,23,0,0
BRDA:226,23,1,0
BRDA:244,24,0,0
BRDA:244,24,1,0
BRDA:244,25,0,0
BRDA:244,25,1,0
BRDA:253,26,0,0
BRDA:253,26,1,0
BRDA:259,27,0,0
BRDA:259,27,1,0
BRDA:267,28,0,0
BRDA:267,28,1,0
BRF:58
BRH:0
end_of_record
TN:
SF:src/routes/dashboardRoutes.js
FNF:0
FNH:0
DA:5,0
DA:6,0
DA:7,0
DA:9,0
DA:12,0
DA:15,0
DA:18,0
DA:21,0
DA:24,0
DA:26,0
LF:10
LH:0
BRF:0
BRH:0
end_of_record
TN:
SF:src/routes/exams.js
FN:10,(anonymous_0)
FN:21,(anonymous_1)
FN:29,(anonymous_2)
FN:72,(anonymous_3)
FN:148,(anonymous_4)
FN:190,(anonymous_5)
FN:291,(anonymous_6)
FN:357,(anonymous_7)
FN:403,(anonymous_8)
FN:463,(anonymous_9)
FN:506,(anonymous_10)
FN:533,(anonymous_11)
FNF:12
FNH:0
FNDA:0,(anonymous_0)
FNDA:0,(anonymous_1)
FNDA:0,(anonymous_2)
FNDA:0,(anonymous_3)
FNDA:0,(anonymous_4)
FNDA:0,(anonymous_5)
FNDA:0,(anonymous_6)
FNDA:0,(anonymous_7)
FNDA:0,(anonymous_8)
FNDA:0,(anonymous_9)
FNDA:0,(anonymous_10)
FNDA:0,(anonymous_11)
DA:1,0
DA:2,0
DA:3,0
DA:4,0
DA:5,0
DA:6,0
DA:9,0
DA:11,0
DA:14,0
DA:15,0
DA:16,0
DA:18,0
DA:23,0
DA:24,0
DA:29,0
DA:30,0
DA:52,0
DA:53,0
DA:55,0
DA:59,0
DA:72,0
DA:73,0
DA:74,0
DA:76,0
DA:77,0
DA:80,0
DA:82,0
DA:83,0
DA:86,0
DA:87,0
DA:93,0
DA:94,0
DA:95,0
DA:96,0
DA:98,0
DA:99,0
DA:104,0
DA:124,0
DA:126,0
DA:138,0
DA:139,0
DA:148,0
DA:149,0
DA:150,0
DA:152,0
DA:167,0
DA:168,0
DA:174,0
DA:180,0
DA:181,0
DA:190,0
DA:191,0
DA:202,0
DA:205,0
DA:206,0
DA:213,0
DA:217,0
DA:218,0
DA:225,0
DA:226,0
DA:227,0
DA:228,0
DA:230,0
DA:231,0
DA:232,0
DA:233,0
DA:234,0
DA:238,0
DA:264,0
DA:271,0
DA:274,0
DA:275,0
DA:276,0
DA:278,0
DA:282,0
DA:291,0
DA:292,0
DA:293,0
DA:303,0
DA:306,0
DA:310,0
DA:311,0
DA:318,0
DA:340,0
DA:347,0
DA:348,0
DA:357,0
DA:358,0
DA:359,0
DA:362,0
DA:366,0
DA:367,0
DA:374,0
DA:375,0
DA:376,0
DA:378,0
DA:383,0
DA:387,0
DA:393,0
DA:394,0
DA:403,0
DA:404,0
DA:405,0
DA:407,0
DA:418,0
DA:419,0
DA:425,0
DA:426,0
DA:433,0
DA:434,0
DA:436,0
DA:443,0
DA:446,0
DA:447,0
DA:450,0
DA:453,0
DA:454,0
DA:463,0
DA:464,0
DA:465,0
DA:467,0
DA:471,0
DA:472,0
DA:479,0
DA:480,0
DA:482,0
DA:489,0
DA:490,0
DA:493,0
DA:496,0
DA:497,0
DA:506,0
DA:507,0
DA:508,0
DA:510,0
DA:517,0
DA:523,0
DA:524,0
DA:533,0
DA:534,0
DA:535,0
DA:558,0
DA:564,0
DA:565,0
DA:573,0
LF:145
LH:0
BRDA:23,0,0,0
BRDA:23,0,1,0
BRDA:52,1,0,0
BRDA:52,1,1,0
BRDA:74,2,0,0
BRDA:74,3,0,0
BRDA:82,4,0,0
BRDA:82,4,1,0
BRDA:86,5,0,0
BRDA:86,5,1,0
BRDA:93,6,0,0
BRDA:93,6,1,0
BRDA:93,7,0,0
BRDA:93,7,1,0
BRDA:95,8,0,0
BRDA:95,8,1,0
BRDA:98,9,0,0
BRDA:98,9,1,0
BRDA:167,10,0,0
BRDA:167,10,1,0
BRDA:205,11,0,0
BRDA:205,11,1,0
BRDA:205,12,0,0
BRDA:205,12,1,0
BRDA:205,12,2,0
BRDA:205,12,3,0
BRDA:217,13,0,0
BRDA:217,13,1,0
BRDA:230,14,0,0
BRDA:230,14,1,0
BRDA:244,15,0,0
BRDA:244,15,1,0
BRDA:274,16,0,0
BRDA:274,16,1,0
BRDA:310,17,0,0
BRDA:310,17,1,0
BRDA:323,18,0,0
BRDA:323,18,1,0
BRDA:324,19,0,0
BRDA:324,19,1,0
BRDA:366,20,0,0
BRDA:366,20,1,0
BRDA:374,21,0,0
BRDA:374,21,1,0
BRDA:418,22,0,0
BRDA:418,22,1,0
BRDA:425,23,0,0
BRDA:425,23,1,0
BRDA:447,24,0,0
BRDA:447,24,1,0
BRDA:471,25,0,0
BRDA:471,25,1,0
BRDA:471,26,0,0
BRDA:471,26,1,0
BRDA:489,27,0,0
BRDA:489,27,1,0
BRF:56
BRH:0
end_of_record
TN:
SF:src/routes/historicoRoutes.js
FNF:0
FNH:0
DA:5,0
DA:6,0
DA:7,0
DA:9,0
DA:12,0
DA:15,0
DA:18,0
DA:20,0
LF:8
LH:0
BRF:0
BRH:0
end_of_record
TN:
SF:src/routes/medicos.js
FN:27,(anonymous_0)
FN:28,(anonymous_1)
FN:82,(anonymous_2)
FN:112,(anonymous_3)
FN:113,(anonymous_4)
FN:194,(anonymous_5)
FN:195,(anonymous_6)
FN:254,(anonymous_7)
FN:323,(anonymous_8)
FN:324,(anonymous_9)
FN:377,(anonymous_10)
FN:395,(anonymous_11)
FN:456,(anonymous_12)
FN:457,(anonymous_13)
FN:484,(anonymous_14)
FN:485,(anonymous_15)
FN:512,(anonymous_16)
FN:513,(anonymous_17)
FN:549,(anonymous_18)
FN:550,(anonymous_19)
FN:589,(anonymous_20)
FN:599,(anonymous_21)
FN:608,(anonymous_22)
FNF:23
FNH:0
FNDA:0,(anonymous_0)
FNDA:0,(anonymous_1)
FNDA:0,(anonymous_2)
FNDA:0,(anonymous_3)
FNDA:0,(anonymous_4)
FNDA:0,(anonymous_5)
FNDA:0,(anonymous_6)
FNDA:0,(anonymous_7)
FNDA:0,(anonymous_8)
FNDA:0,(anonymous_9)
FNDA:0,(anonymous_10)
FNDA:0,(anonymous_11)
FNDA:0,(anonymous_12)
FNDA:0,(anonymous_13)
FNDA:0,(anonymous_14)
FNDA:0,(anonymous_15)
FNDA:0,(anonymous_16)
FNDA:0,(anonymous_17)
FNDA:0,(anonymous_18)
FNDA:0,(anonymous_19)
FNDA:0,(anonymous_20)
FNDA:0,(anonymous_21)
FNDA:0,(anonymous_22)
DA:6,0
DA:7,0
DA:8,0
DA:9,0
DA:10,0
DA:11,0
DA:13,0
DA:20,0
DA:27,0
DA:28,0
DA:35,0
DA:37,0
DA:40,0
DA:46,0
DA:47,0
DA:54,0
DA:55,0
DA:59,0
DA:82,0
DA:102,0
DA:112,0
DA:113,0
DA:114,0
DA:116,0
DA:161,0
DA:162,0
DA:166,0
DA:188,0
DA:194,0
DA:195,0
DA:209,0
DA:212,0
DA:219,0
DA:220,0
DA:221,0
DA:225,0
DA:226,0
DA:227,0
DA:231,0
DA:232,0
DA:236,0
DA:237,0
DA:238,0
DA:242,0
DA:246,0
DA:247,0
DA:251,0
DA:254,0
DA:256,0
DA:266,0
DA:293,0
DA:296,0
DA:299,0
DA:317,0
DA:323,0
DA:324,0
DA:325,0
DA:326,0
DA:329,0
DA:334,0
DA:335,0
DA:339,0
DA:341,0
DA:342,0
DA:343,0
DA:344,0
DA:348,0
DA:349,0
DA:350,0
DA:351,0
DA:355,0
DA:356,0
DA:357,0
DA:358,0
DA:362,0
DA:363,0
DA:367,0
DA:368,0
DA:371,0
DA:372,0
DA:376,0
DA:377,0
DA:378,0
DA:379,0
DA:381,0
DA:382,0
DA:383,0
DA:387,0
DA:395,0
DA:397,0
DA:398,0
DA:405,0
DA:406,0
DA:413,0
DA:429,0
DA:432,0
DA:450,0
DA:456,0
DA:457,0
DA:458,0
DA:461,0
DA:466,0
DA:467,0
DA:471,0
DA:476,0
DA:478,0
DA:484,0
DA:485,0
DA:486,0
DA:489,0
DA:494,0
DA:495,0
DA:499,0
DA:504,0
DA:506,0
DA:512,0
DA:513,0
DA:514,0
DA:517,0
DA:521,0
DA:522,0
DA:525,0
DA:526,0
DA:530,0
DA:537,0
DA:539,0
DA:549,0
DA:550,0
DA:558,0
DA:589,0
DA:599,0
DA:602,0
DA:608,0
DA:621,0
LF:134
LH:0
BRDA:30,0,0,0
BRDA:31,1,0,0
BRDA:34,2,0,0
BRDA:46,3,0,0
BRDA:46,3,1,0
BRDA:54,4,0,0
BRDA:54,4,1,0
BRDA:161,5,0,0
BRDA:161,5,1,0
BRDA:216,6,0,0
BRDA:216,6,1,0
BRDA:220,7,0,0
BRDA:220,7,1,0
BRDA:226,8,0,0
BRDA:226,8,1,0
BRDA:231,9,0,0
BRDA:231,9,1,0
BRDA:231,10,0,0
BRDA:231,10,1,0
BRDA:237,11,0,0
BRDA:237,11,1,0
BRDA:246,12,0,0
BRDA:246,12,1,0
BRDA:270,13,0,0
BRDA:270,13,1,0
BRDA:275,14,0,0
BRDA:275,14,1,0
BRDA:334,15,0,0
BRDA:334,15,1,0
BRDA:341,16,0,0
BRDA:341,16,1,0
BRDA:343,17,0,0
BRDA:343,17,1,0
BRDA:348,18,0,0
BRDA:348,18,1,0
BRDA:350,19,0,0
BRDA:350,19,1,0
BRDA:355,20,0,0
BRDA:355,20,1,0
BRDA:357,21,0,0
BRDA:357,21,1,0
BRDA:362,22,0,0
BRDA:362,22,1,0
BRDA:371,23,0,0
BRDA:371,23,1,0
BRDA:378,24,0,0
BRDA:378,24,1,0
BRDA:379,25,0,0
BRDA:379,25,1,0
BRDA:379,26,0,0
BRDA:379,26,1,0
BRDA:382,27,0,0
BRDA:382,27,1,0
BRDA:388,28,0,0
BRDA:388,28,1,0
BRDA:388,29,0,0
BRDA:388,29,1,0
BRDA:397,30,0,0
BRDA:397,30,1,0
BRDA:405,31,0,0
BRDA:405,31,1,0
BRDA:466,32,0,0
BRDA:466,32,1,0
BRDA:494,33,0,0
BRDA:494,33,1,0
BRDA:521,34,0,0
BRDA:521,34,1,0
BRDA:525,35,0,0
BRDA:525,35,1,0
BRF:69
BRH:0
end_of_record
TN:
SF:src/routes/medicosRoutes.js
FNF:0
FNH:0
DA:5,0
DA:6,0
DA:7,0
DA:8,0
DA:9,0
DA:11,0
DA:14,0
DA:17,0
DA:20,0
DA:23,0
DA:26,0
DA:29,0
DA:37,0
DA:40,0
DA:43,0
DA:46,0
DA:49,0
DA:57,0
DA:59,0
LF:19
LH:0
BRF:0
BRH:0
end_of_record
TN:
SF:src/routes/patients-db.js
FN:12,(anonymous_0)
FN:52,(anonymous_1)
FN:103,(anonymous_2)
FN:158,(anonymous_3)
FN:183,(anonymous_4)
FN:276,(anonymous_5)
FN:387,(anonymous_6)
FN:425,(anonymous_7)
FNF:8
FNH:0
FNDA:0,(anonymous_0)
FNDA:0,(anonymous_1)
FNDA:0,(anonymous_2)
FNDA:0,(anonymous_3)
FNDA:0,(anonymous_4)
FNDA:0,(anonymous_5)
FNDA:0,(anonymous_6)
FNDA:0,(anonymous_7)
DA:1,0
DA:2,0
DA:3,0
DA:5,0
DA:12,0
DA:13,0
DA:14,0
DA:16,0
DA:17,0
DA:19,0
DA:21,0
DA:22,0
DA:29,0
DA:52,0
DA:82,0
DA:84,0
DA:94,0
DA:95,0
DA:103,0
DA:104,0
DA:105,0
DA:107,0
DA:125,0
DA:126,0
DA:133,0
DA:158,0
DA:167,0
DA:169,0
DA:174,0
DA:175,0
DA:183,0
DA:184,0
DA:200,0
DA:203,0
DA:207,0
DA:208,0
DA:215,0
DA:237,0
DA:238,0
DA:251,0
DA:253,0
DA:267,0
DA:268,0
DA:276,0
DA:277,0
DA:278,0
DA:291,0
DA:294,0
DA:298,0
DA:299,0
DA:306,0
DA:307,0
DA:311,0
DA:312,0
DA:320,0
DA:340,0
DA:342,0
DA:350,0
DA:363,0
DA:365,0
DA:378,0
DA:379,0
DA:387,0
DA:388,0
DA:389,0
DA:392,0
DA:396,0
DA:397,0
DA:404,0
DA:409,0
DA:411,0
DA:416,0
DA:417,0
DA:425,0
DA:426,0
DA:432,0
DA:452,0
DA:454,0
DA:464,0
DA:465,0
DA:472,0
LF:81
LH:0
BRDA:14,0,0,0
BRDA:14,1,0,0
BRDA:21,2,0,0
BRDA:21,2,1,0
BRDA:57,3,0,0
BRDA:57,3,1,0
BRDA:71,4,0,0
BRDA:71,4,1,0
BRDA:77,5,0,0
BRDA:77,5,1,0
BRDA:79,6,0,0
BRDA:79,6,1,0
BRDA:82,7,0,0
BRDA:82,7,1,0
BRDA:125,8,0,0
BRDA:125,8,1,0
BRDA:138,9,0,0
BRDA:138,9,1,0
BRDA:152,10,0,0
BRDA:152,10,1,0
BRDA:158,11,0,0
BRDA:158,11,1,0
BRDA:197,12,0,0
BRDA:207,13,0,0
BRDA:207,13,1,0
BRDA:219,14,0,0
BRDA:219,14,1,0
BRDA:222,15,0,0
BRDA:222,15,1,0
BRDA:223,16,0,0
BRDA:223,16,1,0
BRDA:224,17,0,0
BRDA:224,17,1,0
BRDA:225,18,0,0
BRDA:225,18,1,0
BRDA:226,19,0,0
BRDA:226,19,1,0
BRDA:227,20,0,0
BRDA:227,20,1,0
BRDA:228,21,0,0
BRDA:228,21,1,0
BRDA:229,22,0,0
BRDA:229,22,1,0
BRDA:230,23,0,0
BRDA:230,23,1,0
BRDA:231,24,0,0
BRDA:231,24,1,0
BRDA:232,25,0,0
BRDA:232,25,1,0
BRDA:237,26,0,0
BRDA:237,26,1,0
BRDA:244,27,0,0
BRDA:244,27,1,0
BRDA:298,28,0,0
BRDA:298,28,1,0
BRDA:306,29,0,0
BRDA:306,29,1,0
BRDA:311,30,0,0
BRDA:311,30,1,0
BRDA:325,31,0,0
BRDA:325,31,1,0
BRDA:327,32,0,0
BRDA:327,32,1,0
BRDA:328,33,0,0
BRDA:328,33,1,0
BRDA:329,34,0,0
BRDA:329,34,1,0
BRDA:330,35,0,0
BRDA:330,35,1,0
BRDA:331,36,0,0
BRDA:331,36,1,0
BRDA:332,37,0,0
BRDA:332,37,1,0
BRDA:333,38,0,0
BRDA:333,38,1,0
BRDA:334,39,0,0
BRDA:334,39,1,0
BRDA:335,40,0,0
BRDA:335,40,1,0
BRDA:340,41,0,0
BRDA:340,41,1,0
BRDA:356,42,0,0
BRDA:356,42,1,0
BRDA:396,43,0,0
BRDA:396,43,1,0
BRF:85
BRH:0
end_of_record
TN:
SF:src/routes/patients-mock.js
FN:97,(anonymous_0)
FN:106,(anonymous_1)
FN:139,(anonymous_2)
FN:142,(anonymous_3)
FN:167,(anonymous_4)
FN:183,(anonymous_5)
FN:227,(anonymous_6)
FN:230,(anonymous_7)
FN:254,(anonymous_8)
FN:297,(anonymous_9)
FN:300,(anonymous_10)
FN:327,(anonymous_11)
FN:330,(anonymous_12)
FN:336,(anonymous_13)
FN:340,(anonymous_14)
FNF:15
FNH:0
FNDA:0,(anonymous_0)
FNDA:0,(anonymous_1)
FNDA:0,(anonymous_2)
FNDA:0,(anonymous_3)
FNDA:0,(anonymous_4)
FNDA:0,(anonymous_5)
FNDA:0,(anonymous_6)
FNDA:0,(anonymous_7)
FNDA:0,(anonymous_8)
FNDA:0,(anonymous_9)
FNDA:0,(anonymous_10)
FNDA:0,(anonymous_11)
FNDA:0,(anonymous_12)
FNDA:0,(anonymous_13)
FNDA:0,(anonymous_14)
DA:1,0
DA:2,0
DA:4,0
DA:7,0
DA:94,0
DA:97,0
DA:98,0
DA:99,0
DA:101,0
DA:104,0
DA:105,0
DA:106,0
DA:107,0
DA:114,0
DA:115,0
DA:116,0
DA:118,0
DA:120,0
DA:130,0
DA:131,0
DA:139,0
DA:140,0
DA:141,0
DA:142,0
DA:144,0
DA:145,0
DA:151,0
DA:153,0
DA:158,0
DA:159,0
DA:167,0
DA:168,0
DA:180,0
DA:183,0
DA:184,0
DA:185,0
DA:192,0
DA:208,0
DA:210,0
DA:212,0
DA:218,0
DA:219,0
DA:227,0
DA:228,0
DA:229,0
DA:230,0
DA:232,0
DA:233,0
DA:250,0
DA:253,0
DA:254,0
DA:255,0
DA:256,0
DA:264,0
DA:278,0
DA:280,0
DA:282,0
DA:288,0
DA:289,0
DA:297,0
DA:298,0
DA:299,0
DA:300,0
DA:302,0
DA:303,0
DA:309,0
DA:311,0
DA:313,0
DA:318,0
DA:319,0
DA:327,0
DA:328,0
DA:329,0
DA:330,0
DA:331,0
DA:335,0
DA:336,0
DA:337,0
DA:340,0
DA:342,0
DA:344,0
DA:354,0
DA:355,0
DA:362,0
LF:84
LH:0
BRDA:99,0,0,0
BRDA:99,1,0,0
BRDA:104,2,0,0
BRDA:104,2,1,0
BRDA:107,3,0,0
BRDA:107,3,1,0
BRDA:107,3,2,0
BRDA:107,3,3,0
BRDA:118,4,0,0
BRDA:118,4,1,0
BRDA:144,5,0,0
BRDA:144,5,1,0
BRDA:184,6,0,0
BRDA:184,6,1,0
BRDA:198,7,0,0
BRDA:198,7,1,0
BRDA:199,8,0,0
BRDA:199,8,1,0
BRDA:200,9,0,0
BRDA:200,9,1,0
BRDA:201,10,0,0
BRDA:201,10,1,0
BRDA:202,11,0,0
BRDA:202,11,1,0
BRDA:203,12,0,0
BRDA:203,12,1,0
BRDA:232,13,0,0
BRDA:232,13,1,0
BRDA:253,14,0,0
BRDA:253,14,1,0
BRDA:254,15,0,0
BRDA:254,15,1,0
BRDA:255,16,0,0
BRDA:255,16,1,0
BRDA:270,17,0,0
BRDA:270,17,1,0
BRDA:271,18,0,0
BRDA:271,18,1,0
BRDA:272,19,0,0
BRDA:272,19,1,0
BRDA:273,20,0,0
BRDA:273,20,1,0
BRDA:274,21,0,0
BRDA:274,21,1,0
BRDA:275,22,0,0
BRDA:275,22,1,0
BRDA:302,23,0,0
BRDA:302,23,1,0
BRDA:331,24,0,0
BRDA:331,24,1,0
BRDA:337,25,0,0
BRDA:337,25,1,0
BRF:52
BRH:0
end_of_record
TN:
SF:src/routes/patients.js
FN:26,(anonymous_0)
FN:27,(anonymous_1)
FN:62,(anonymous_2)
FN:78,(anonymous_3)
FN:79,(anonymous_4)
FN:110,(anonymous_5)
FN:111,(anonymous_6)
FN:212,(anonymous_7)
FN:239,(anonymous_8)
FN:240,(anonymous_9)
FN:369,(anonymous_10)
FN:370,(anonymous_11)
FN:395,(anonymous_12)
FN:396,(anonymous_13)
FN:417,(anonymous_14)
FN:422,(anonymous_15)
FN:438,(anonymous_16)
FN:439,(anonymous_17)
FN:565,(anonymous_18)
FN:566,(anonymous_19)
FN:598,(anonymous_20)
FN:610,(anonymous_21)
FN:611,(anonymous_22)
FN:658,(anonymous_23)
FN:659,(anonymous_24)
FN:680,(anonymous_25)
FN:751,(anonymous_26)
FN:752,(anonymous_27)
FNF:28
FNH:0
FNDA:0,(anonymous_0)
FNDA:0,(anonymous_1)
FNDA:0,(anonymous_2)
FNDA:0,(anonymous_3)
FNDA:0,(anonymous_4)
FNDA:0,(anonymous_5)
FNDA:0,(anonymous_6)
FNDA:0,(anonymous_7)
FNDA:0,(anonymous_8)
FNDA:0,(anonymous_9)
FNDA:0,(anonymous_10)
FNDA:0,(anonymous_11)
FNDA:0,(anonymous_12)
FNDA:0,(anonymous_13)
FNDA:0,(anonymous_14)
FNDA:0,(anonymous_15)
FNDA:0,(anonymous_16)
FNDA:0,(anonymous_17)
FNDA:0,(anonymous_18)
FNDA:0,(anonymous_19)
FNDA:0,(anonymous_20)
FNDA:0,(anonymous_21)
FNDA:0,(anonymous_22)
FNDA:0,(anonymous_23)
FNDA:0,(anonymous_24)
FNDA:0,(anonymous_25)
FNDA:0,(anonymous_26)
FNDA:0,(anonymous_27)
DA:6,0
DA:7,0
DA:8,0
DA:9,0
DA:10,0
DA:12,0
DA:19,0
DA:26,0
DA:27,0
DA:28,0
DA:30,0
DA:31,0
DA:33,0
DA:35,0
DA:36,0
DA:45,0
DA:62,0
DA:68,0
DA:78,0
DA:79,0
DA:80,0
DA:82,0
DA:100,0
DA:101,0
DA:104,0
DA:110,0
DA:111,0
DA:128,0
DA:131,0
DA:134,0
DA:135,0
DA:136,0
DA:140,0
DA:141,0
DA:142,0
DA:146,0
DA:151,0
DA:152,0
DA:156,0
DA:157,0
DA:158,0
DA:159,0
DA:160,0
DA:162,0
DA:167,0
DA:168,0
DA:169,0
DA:170,0
DA:171,0
DA:173,0
DA:177,0
DA:178,0
DA:182,0
DA:186,0
DA:187,0
DA:191,0
DA:211,0
DA:212,0
DA:214,0
DA:215,0
DA:216,0
DA:228,0
DA:230,0
DA:239,0
DA:240,0
DA:241,0
DA:251,0
DA:254,0
DA:258,0
DA:259,0
DA:263,0
DA:264,0
DA:267,0
DA:268,0
DA:269,0
DA:270,0
DA:272,0
DA:277,0
DA:278,0
DA:279,0
DA:280,0
DA:283,0
DA:284,0
DA:288,0
DA:289,0
DA:292,0
DA:297,0
DA:298,0
DA:303,0
DA:304,0
DA:306,0
DA:311,0
DA:312,0
DA:313,0
DA:314,0
DA:315,0
DA:317,0
DA:320,0
DA:325,0
DA:326,0
DA:327,0
DA:328,0
DA:329,0
DA:331,0
DA:334,0
DA:339,0
DA:340,0
DA:343,0
DA:344,0
DA:347,0
DA:348,0
DA:351,0
DA:352,0
DA:356,0
DA:361,0
DA:363,0
DA:369,0
DA:370,0
DA:371,0
DA:374,0
DA:378,0
DA:379,0
DA:383,0
DA:387,0
DA:389,0
DA:395,0
DA:396,0
DA:402,0
DA:417,0
DA:422,0
DA:425,0
DA:438,0
DA:439,0
DA:440,0
DA:441,0
DA:473,0
DA:476,0
DA:480,0
DA:481,0
DA:485,0
DA:492,0
DA:493,0
DA:497,0
DA:527,0
DA:557,0
DA:559,0
DA:565,0
DA:566,0
DA:567,0
DA:568,0
DA:569,0
DA:571,0
DA:572,0
DA:574,0
DA:598,0
DA:600,0
DA:610,0
DA:611,0
DA:612,0
DA:613,0
DA:615,0
DA:648,0
DA:649,0
DA:652,0
DA:658,0
DA:659,0
DA:660,0
DA:661,0
DA:663,0
DA:664,0
DA:665,0
DA:666,0
DA:668,0
DA:675,0
DA:676,0
DA:680,0
DA:681,0
DA:682,0
DA:712,0
DA:713,0
DA:717,0
DA:743,0
DA:745,0
DA:751,0
DA:752,0
DA:753,0
DA:754,0
DA:756,0
DA:764,0
DA:772,0
LF:190
LH:0
BRDA:28,0,0,0
BRDA:28,1,0,0
BRDA:35,2,0,0
BRDA:35,2,1,0
BRDA:64,3,0,0
BRDA:64,3,1,0
BRDA:100,4,0,0
BRDA:100,4,1,0
BRDA:135,5,0,0
BRDA:135,5,1,0
BRDA:141,6,0,0
BRDA:141,6,1,0
BRDA:151,7,0,0
BRDA:151,7,1,0
BRDA:157,8,0,0
BRDA:157,8,1,0
BRDA:159,9,0,0
BRDA:159,9,1,0
BRDA:168,10,0,0
BRDA:168,10,1,0
BRDA:170,11,0,0
BRDA:170,11,1,0
BRDA:177,12,0,0
BRDA:177,12,1,0
BRDA:186,13,0,0
BRDA:186,13,1,0
BRDA:195,14,0,0
BRDA:195,14,1,0
BRDA:199,15,0,0
BRDA:199,15,1,0
BRDA:200,16,0,0
BRDA:200,16,1,0
BRDA:201,17,0,0
BRDA:201,17,1,0
BRDA:202,18,0,0
BRDA:202,18,1,0
BRDA:203,19,0,0
BRDA:203,19,1,0
BRDA:204,20,0,0
BRDA:204,20,1,0
BRDA:205,21,0,0
BRDA:205,21,1,0
BRDA:206,22,0,0
BRDA:206,22,1,0
BRDA:211,23,0,0
BRDA:211,23,1,0
BRDA:211,24,0,0
BRDA:211,24,1,0
BRDA:215,25,0,0
BRDA:215,25,1,0
BRDA:258,26,0,0
BRDA:258,26,1,0
BRDA:267,27,0,0
BRDA:267,27,1,0
BRDA:269,28,0,0
BRDA:269,28,1,0
BRDA:277,29,0,0
BRDA:277,29,1,0
BRDA:279,30,0,0
BRDA:279,30,1,0
BRDA:283,31,0,0
BRDA:283,31,1,0
BRDA:288,32,0,0
BRDA:288,32,1,0
BRDA:297,33,0,0
BRDA:297,33,1,0
BRDA:303,34,0,0
BRDA:303,34,1,0
BRDA:311,35,0,0
BRDA:311,35,1,0
BRDA:312,36,0,0
BRDA:312,36,1,0
BRDA:314,37,0,0
BRDA:314,37,1,0
BRDA:325,38,0,0
BRDA:325,38,1,0
BRDA:326,39,0,0
BRDA:326,39,1,0
BRDA:328,40,0,0
BRDA:328,40,1,0
BRDA:339,41,0,0
BRDA:339,41,1,0
BRDA:340,42,0,0
BRDA:340,42,1,0
BRDA:343,43,0,0
BRDA:343,43,1,0
BRDA:344,44,0,0
BRDA:344,44,1,0
BRDA:347,45,0,0
BRDA:347,45,1,0
BRDA:348,46,0,0
BRDA:348,46,1,0
BRDA:351,47,0,0
BRDA:351,47,1,0
BRDA:378,48,0,0
BRDA:378,48,1,0
BRDA:480,49,0,0
BRDA:480,49,1,0
BRDA:492,50,0,0
BRDA:492,50,1,0
BRDA:532,51,0,0
BRDA:532,51,1,0
BRDA:569,52,0,0
BRDA:569,53,0,0
BRDA:648,54,0,0
BRDA:648,54,1,0
BRDA:675,55,0,0
BRDA:675,55,1,0
BRDA:681,56,0,0
BRDA:681,56,1,0
BRDA:681,57,0,0
BRDA:681,57,1,0
BRDA:712,58,0,0
BRDA:712,58,1,0
BRDA:766,59,0,0
BRDA:766,59,1,0
BRF:116
BRH:0
end_of_record
TN:
SF:src/routes/records.js
FN:10,(anonymous_0)
FN:99,(anonymous_1)
FN:163,(anonymous_2)
FN:192,(anonymous_3)
FN:271,(anonymous_4)
FN:349,(anonymous_5)
FN:366,(anonymous_6)
FN:404,(anonymous_7)
FNF:8
FNH:0
FNDA:0,(anonymous_0)
FNDA:0,(anonymous_1)
FNDA:0,(anonymous_2)
FNDA:0,(anonymous_3)
FNDA:0,(anonymous_4)
FNDA:0,(anonymous_5)
FNDA:0,(anonymous_6)
FNDA:0,(anonymous_7)
DA:1,0
DA:2,0
DA:3,0
DA:10,0
DA:11,0
DA:12,0
DA:14,0
DA:15,0
DA:18,0
DA:20,0
DA:21,0
DA:24,0
DA:25,0
DA:28,0
DA:29,0
DA:30,0
DA:31,0
DA:33,0
DA:34,0
DA:39,0
DA:75,0
DA:77,0
DA:89,0
DA:90,0
DA:99,0
DA:100,0
DA:101,0
DA:103,0
DA:140,0
DA:141,0
DA:147,0
DA:153,0
DA:154,0
DA:163,0
DA:164,0
DA:181,0
DA:184,0
DA:185,0
DA:192,0
DA:194,0
DA:212,0
DA:213,0
DA:222,0
DA:223,0
DA:224,0
DA:237,0
DA:238,0
DA:239,0
DA:251,0
DA:254,0
DA:261,0
DA:262,0
DA:271,0
DA:272,0
DA:273,0
DA:283,0
DA:286,0
DA:290,0
DA:291,0
DA:298,0
DA:332,0
DA:339,0
DA:340,0
DA:349,0
DA:350,0
DA:351,0
DA:354,0
DA:358,0
DA:359,0
DA:366,0
DA:368,0
DA:373,0
DA:378,0
DA:383,0
DA:388,0
DA:394,0
DA:395,0
DA:404,0
DA:405,0
DA:406,0
DA:408,0
DA:430,0
DA:436,0
DA:437,0
DA:445,0
LF:85
LH:0
BRDA:12,0,0,0
BRDA:12,1,0,0
BRDA:20,2,0,0
BRDA:20,2,1,0
BRDA:24,3,0,0
BRDA:24,3,1,0
BRDA:28,4,0,0
BRDA:28,4,1,0
BRDA:28,5,0,0
BRDA:28,5,1,0
BRDA:30,6,0,0
BRDA:30,6,1,0
BRDA:33,7,0,0
BRDA:33,7,1,0
BRDA:140,8,0,0
BRDA:140,8,1,0
BRDA:184,9,0,0
BRDA:184,9,1,0
BRDA:184,10,0,0
BRDA:184,10,1,0
BRDA:184,10,2,0
BRDA:184,10,3,0
BRDA:206,11,0,0
BRDA:206,11,1,0
BRDA:212,12,0,0
BRDA:212,12,1,0
BRDA:222,13,0,0
BRDA:222,13,1,0
BRDA:222,14,0,0
BRDA:222,14,1,0
BRDA:230,15,0,0
BRDA:230,15,1,0
BRDA:237,16,0,0
BRDA:237,16,1,0
BRDA:237,17,0,0
BRDA:237,17,1,0
BRDA:245,18,0,0
BRDA:245,18,1,0
BRDA:290,19,0,0
BRDA:290,19,1,0
BRDA:307,20,0,0
BRDA:307,20,1,0
BRDA:358,21,0,0
BRDA:358,21,1,0
BRF:44
BRH:0
end_of_record
TN:
SF:src/routes/statistics.js
FN:12,loadStatistics
FN:23,getRealDataFromDatabase
FN:217,mergeRealDataWithStats
FN:274,createDefaultStats
FN:321,saveStatisticsToDatabase
FN:427,getStatisticsFromDatabase
FN:441,(anonymous_6)
FN:470,saveStatistics
FN:480,updateStatsWithRealism
FN:514,(anonymous_9)
FN:547,(anonymous_10)
FN:713,(anonymous_11)
FN:780,(anonymous_12)
FNF:13
FNH:0
FNDA:0,loadStatistics
FNDA:0,getRealDataFromDatabase
FNDA:0,mergeRealDataWithStats
FNDA:0,createDefaultStats
FNDA:0,saveStatisticsToDatabase
FNDA:0,getStatisticsFromDatabase
FNDA:0,(anonymous_6)
FNDA:0,saveStatistics
FNDA:0,updateStatsWithRealism
FNDA:0,(anonymous_9)
FNDA:0,(anonymous_10)
FNDA:0,(anonymous_11)
FNDA:0,(anonymous_12)
DA:1,0
DA:2,0
DA:3,0
DA:4,0
DA:5,0
DA:6,0
DA:9,0
DA:13,0
DA:14,0
DA:15,0
DA:17,0
DA:18,0
DA:24,0
DA:33,0
DA:35,0
DA:36,0
DA:37,0
DA:40,0
DA:41,0
DA:42,0
DA:48,0
DA:51,0
DA:52,0
DA:62,0
DA:64,0
DA:66,0
DA:70,0
DA:71,0
DA:72,0
DA:75,0
DA:81,0
DA:82,0
DA:83,0
DA:85,0
DA:87,0
DA:91,0
DA:92,0
DA:93,0
DA:94,0
DA:95,0
DA:97,0
DA:106,0
DA:112,0
DA:118,0
DA:119,0
DA:120,0
DA:122,0
DA:124,0
DA:128,0
DA:129,0
DA:138,0
DA:140,0
DA:141,0
DA:142,0
DA:144,0
DA:146,0
DA:150,0
DA:151,0
DA:152,0
DA:155,0
DA:156,0
DA:157,0
DA:163,0
DA:164,0
DA:165,0
DA:167,0
DA:169,0
DA:173,0
DA:174,0
DA:177,0
DA:178,0
DA:179,0
DA:186,0
DA:187,0
DA:196,0
DA:197,0
DA:198,0
DA:200,0
DA:202,0
DA:205,0
DA:206,0
DA:209,0
DA:210,0
DA:212,0
DA:218,0
DA:220,0
DA:223,0
DA:224,0
DA:232,0
DA:233,0
DA:241,0
DA:242,0
DA:250,0
DA:251,0
DA:259,0
DA:260,0
DA:268,0
DA:270,0
DA:275,0
DA:276,0
DA:277,0
DA:280,0
DA:313,0
DA:322,0
DA:323,0
DA:326,0
DA:392,0
DA:395,0
DA:400,0
DA:403,0
DA:405,0
DA:406,0
DA:407,0
DA:408,0
DA:409,0
DA:411,0
DA:415,0
DA:416,0
DA:419,0
DA:420,0
DA:422,0
DA:428,0
DA:429,0
DA:434,0
DA:435,0
DA:439,0
DA:441,0
DA:442,0
DA:443,0
DA:453,0
DA:454,0
DA:464,0
DA:465,0
DA:467,0
DA:471,0
DA:472,0
DA:473,0
DA:475,0
DA:481,0
DA:482,0
DA:485,0
DA:493,0
DA:494,0
DA:496,0
DA:497,0
DA:498,0
DA:499,0
DA:500,0
DA:503,0
DA:504,0
DA:505,0
DA:507,0
DA:510,0
DA:514,0
DA:515,0
DA:516,0
DA:519,0
DA:522,0
DA:525,0
DA:528,0
DA:530,0
DA:537,0
DA:538,0
DA:547,0
DA:548,0
DA:550,0
DA:553,0
DA:556,0
DA:557,0
DA:559,0
DA:562,0
DA:565,0
DA:568,0
DA:569,0
DA:572,0
DA:607,0
DA:621,0
DA:622,0
DA:623,0
DA:625,0
DA:628,0
DA:635,0
DA:636,0
DA:654,0
DA:657,0
DA:692,0
DA:713,0
DA:714,0
DA:715,0
DA:717,0
DA:718,0
DA:724,0
DA:727,0
DA:729,0
DA:730,0
DA:731,0
DA:733,0
DA:735,0
DA:736,0
DA:737,0
DA:739,0
DA:741,0
DA:742,0
DA:743,0
DA:744,0
DA:745,0
DA:747,0
DA:749,0
DA:750,0
DA:751,0
DA:752,0
DA:754,0
DA:756,0
DA:762,0
DA:763,0
DA:765,0
DA:771,0
DA:772,0
DA:780,0
DA:781,0
DA:782,0
DA:783,0
DA:789,0
DA:790,0
DA:792,0
DA:798,0
DA:799,0
DA:806,0
LF:228
LH:0
BRDA:218,0,0,0
BRDA:218,0,1,0
BRDA:223,1,0,0
BRDA:223,1,1,0
BRDA:232,2,0,0
BRDA:232,2,1,0
BRDA:241,3,0,0
BRDA:241,3,1,0
BRDA:250,4,0,0
BRDA:250,4,1,0
BRDA:259,5,0,0
BRDA:259,5,1,0
BRDA:330,6,0,0
BRDA:330,6,1,0
BRDA:337,7,0,0
BRDA:337,7,1,0
BRDA:340,8,0,0
BRDA:340,8,1,0
BRDA:341,9,0,0
BRDA:341,9,1,0
BRDA:347,10,0,0
BRDA:347,10,1,0
BRDA:354,11,0,0
BRDA:354,11,1,0
BRDA:362,12,0,0
BRDA:362,12,1,0
BRDA:378,13,0,0
BRDA:378,13,1,0
BRDA:385,14,0,0
BRDA:385,14,1,0
BRDA:434,15,0,0
BRDA:434,15,1,0
BRDA:489,16,0,0
BRDA:489,16,1,0
BRDA:489,17,0,0
BRDA:489,17,1,0
BRDA:496,18,0,0
BRDA:496,18,1,0
BRDA:534,19,0,0
BRDA:534,19,1,0
BRDA:541,20,0,0
BRDA:541,20,1,0
BRDA:553,21,0,0
BRDA:553,21,1,0
BRDA:556,22,0,0
BRDA:556,22,1,0
BRDA:579,23,0,0
BRDA:579,23,1,0
BRDA:587,24,0,0
BRDA:587,24,1,0
BRDA:595,25,0,0
BRDA:595,25,1,0
BRDA:603,26,0,0
BRDA:603,26,1,0
BRDA:612,27,0,0
BRDA:612,27,1,0
BRDA:613,28,0,0
BRDA:613,28,1,0
BRDA:614,29,0,0
BRDA:614,29,1,0
BRDA:615,30,0,0
BRDA:615,30,1,0
BRDA:616,31,0,0
BRDA:616,31,1,0
BRDA:715,32,0,0
BRDA:717,33,0,0
BRDA:717,33,1,0
BRDA:727,34,0,0
BRDA:727,34,1,0
BRDA:727,34,2,0
BRDA:727,34,3,0
BRDA:727,34,4,0
BRDA:729,35,0,0
BRDA:729,35,1,0
BRDA:735,36,0,0
BRDA:735,36,1,0
BRDA:741,37,0,0
BRDA:741,37,1,0
BRDA:744,38,0,0
BRDA:744,38,1,0
BRDA:749,39,0,0
BRDA:749,39,1,0
BRDA:782,40,0,0
BRDA:782,40,1,0
BRF:84
BRH:0
end_of_record
TN:
SF:src/routes/users.js
FN:7,(anonymous_0)
FN:73,(anonymous_1)
FN:124,(anonymous_2)
FNF:3
FNH:0
FNDA:0,(anonymous_0)
FNDA:0,(anonymous_1)
FNDA:0,(anonymous_2)
DA:1,0
DA:2,0
DA:3,0
DA:5,0
DA:7,0
DA:8,0
DA:9,0
DA:11,0
DA:12,0
DA:14,0
DA:18,0
DA:19,0
DA:27,0
DA:51,0
DA:53,0
DA:64,0
DA:65,0
DA:73,0
DA:74,0
DA:75,0
DA:77,0
DA:103,0
DA:104,0
DA:110,0
DA:115,0
DA:116,0
DA:124,0
DA:125,0
DA:126,0
DA:130,0
DA:137,0
DA:143,0
DA:153,0
DA:154,0
DA:161,0
LF:35
LH:0
BRDA:9,0,0,0
BRDA:9,1,0,0
BRDA:18,2,0,0
BRDA:18,2,1,0
BRDA:103,3,0,0
BRDA:103,3,1,0
BRF:6
BRH:0
end_of_record
TN:
SF:src/routes/validacaoRoutes.js
FN:15,(anonymous_0)
FNF:1
FNH:0
FNDA:0,(anonymous_0)
DA:5,0
DA:6,0
DA:7,0
DA:9,0
DA:12,0
DA:15,0
DA:17,0
DA:24,0
LF:8
LH:0
BRF:0
BRH:0
end_of_record
TN:
SF:src/scripts/cleanup-test-data.js
FN:14,cleanupTestData
FN:32,(anonymous_1)
FN:33,(anonymous_2)
FN:34,(anonymous_3)
FN:35,(anonymous_4)
FN:38,(anonymous_5)
FN:41,(anonymous_6)
FN:42,(anonymous_7)
FN:43,(anonymous_8)
FN:44,(anonymous_9)
FN:47,(anonymous_10)
FN:48,(anonymous_11)
FN:51,(anonymous_12)
FN:52,(anonymous_13)
FN:53,(anonymous_14)
FN:54,(anonymous_15)
FN:55,(anonymous_16)
FN:58,(anonymous_17)
FN:59,(anonymous_18)
FN:62,(anonymous_19)
FN:88,deleteWithLog
FN:100,getTableCounts
FN:129,printCounts
FN:130,(anonymous_23)
FN:135,createDefaultAdmin
FN:165,(anonymous_25)
FN:169,(anonymous_26)
FNF:27
FNH:0
FNDA:0,cleanupTestData
FNDA:0,(anonymous_1)
FNDA:0,(anonymous_2)
FNDA:0,(anonymous_3)
FNDA:0,(anonymous_4)
FNDA:0,(anonymous_5)
FNDA:0,(anonymous_6)
FNDA:0,(anonymous_7)
FNDA:0,(anonymous_8)
FNDA:0,(anonymous_9)
FNDA:0,(anonymous_10)
FNDA:0,(anonymous_11)
FNDA:0,(anonymous_12)
FNDA:0,(anonymous_13)
FNDA:0,(anonymous_14)
FNDA:0,(anonymous_15)
FNDA:0,(anonymous_16)
FNDA:0,(anonymous_17)
FNDA:0,(anonymous_18)
FNDA:0,(anonymous_19)
FNDA:0,deleteWithLog
FNDA:0,getTableCounts
FNDA:0,printCounts
FNDA:0,(anonymous_23)
FNDA:0,createDefaultAdmin
FNDA:0,(anonymous_25)
FNDA:0,(anonymous_26)
DA:12,0
DA:15,0
DA:16,0
DA:19,0
DA:20,0
DA:24,0
DA:25,0
DA:26,0
DA:29,0
DA:32,0
DA:33,0
DA:34,0
DA:35,0
DA:38,0
DA:41,0
DA:42,0
DA:43,0
DA:44,0
DA:47,0
DA:48,0
DA:51,0
DA:52,0
DA:53,0
DA:54,0
DA:55,0
DA:58,0
DA:59,0
DA:62,0
DA:65,0
DA:66,0
DA:67,0
DA:70,0
DA:73,0
DA:74,0
DA:77,0
DA:80,0
DA:81,0
DA:82,0
DA:84,0
DA:89,0
DA:90,0
DA:91,0
DA:92,0
DA:93,0
DA:95,0
DA:96,0
DA:101,0
DA:103,0
DA:104,0
DA:105,0
DA:106,0
DA:107,0
DA:108,0
DA:109,0
DA:110,0
DA:111,0
DA:112,0
DA:113,0
DA:114,0
DA:115,0
DA:116,0
DA:117,0
DA:118,0
DA:119,0
DA:120,0
DA:121,0
DA:123,0
DA:126,0
DA:130,0
DA:131,0
DA:136,0
DA:137,0
DA:139,0
DA:140,0
DA:141,0
DA:143,0
DA:153,0
DA:154,0
DA:155,0
DA:158,0
DA:163,0
DA:164,0
DA:166,0
DA:167,0
DA:170,0
DA:171,0
DA:175,0
LF:87
LH:0
BRDA:19,0,0,0
BRDA:19,0,1,0
BRDA:91,1,0,0
BRDA:91,1,1,0
BRDA:163,2,0,0
BRDA:163,2,1,0
BRF:6
BRH:0
end_of_record
TN:
SF:src/services/HealthDataIntegrator.js
FN:10,(anonymous_0)
FN:52,(anonymous_1)
FN:54,(anonymous_2)
FN:109,(anonymous_3)
FN:111,(anonymous_4)
FN:166,(anonymous_5)
FN:192,(anonymous_6)
FN:194,(anonymous_7)
FN:249,(anonymous_8)
FN:260,(anonymous_9)
FN:261,(anonymous_10)
FN:262,(anonymous_11)
FN:263,(anonymous_12)
FN:311,(anonymous_13)
FN:338,(anonymous_14)
FN:348,(anonymous_15)
FN:355,(anonymous_16)
FN:363,(anonymous_17)
FN:366,(anonymous_18)
FN:369,(anonymous_19)
FN:382,(anonymous_20)
FN:393,(anonymous_21)
FN:396,(anonymous_22)
FNF:23
FNH:0
FNDA:0,(anonymous_0)
FNDA:0,(anonymous_1)
FNDA:0,(anonymous_2)
FNDA:0,(anonymous_3)
FNDA:0,(anonymous_4)
FNDA:0,(anonymous_5)
FNDA:0,(anonymous_6)
FNDA:0,(anonymous_7)
FNDA:0,(anonymous_8)
FNDA:0,(anonymous_9)
FNDA:0,(anonymous_10)
FNDA:0,(anonymous_11)
FNDA:0,(anonymous_12)
FNDA:0,(anonymous_13)
FNDA:0,(anonymous_14)
FNDA:0,(anonymous_15)
FNDA:0,(anonymous_16)
FNDA:0,(anonymous_17)
FNDA:0,(anonymous_18)
FNDA:0,(anonymous_19)
FNDA:0,(anonymous_20)
FNDA:0,(anonymous_21)
FNDA:0,(anonymous_22)
DA:1,0
DA:2,0
DA:3,0
DA:11,0
DA:12,0
DA:13,0
DA:16,0
DA:24,0
DA:53,0
DA:54,0
DA:56,0
DA:57,0
DA:58,0
DA:61,0
DA:62,0
DA:64,0
DA:66,0
DA:68,0
DA:71,0
DA:75,0
DA:89,0
DA:95,0
DA:97,0
DA:98,0
DA:101,0
DA:102,0
DA:110,0
DA:111,0
DA:113,0
DA:114,0
DA:115,0
DA:118,0
DA:119,0
DA:121,0
DA:122,0
DA:124,0
DA:127,0
DA:131,0
DA:133,0
DA:148,0
DA:152,0
DA:154,0
DA:155,0
DA:158,0
DA:159,0
DA:167,0
DA:169,0
DA:170,0
DA:173,0
DA:175,0
DA:178,0
DA:180,0
DA:181,0
DA:184,0
DA:185,0
DA:193,0
DA:194,0
DA:196,0
DA:197,0
DA:198,0
DA:201,0
DA:202,0
DA:204,0
DA:205,0
DA:207,0
DA:211,0
DA:215,0
DA:231,0
DA:235,0
DA:237,0
DA:238,0
DA:241,0
DA:242,0
DA:250,0
DA:251,0
DA:253,0
DA:260,0
DA:261,0
DA:262,0
DA:263,0
DA:266,0
DA:268,0
DA:293,0
DA:301,0
DA:302,0
DA:305,0
DA:306,0
DA:313,0
DA:335,0
DA:340,0
DA:341,0
DA:342,0
DA:344,0
DA:345,0
DA:349,0
DA:355,0
DA:357,0
DA:358,0
DA:359,0
DA:360,0
DA:364,0
DA:365,0
DA:366,0
DA:370,0
DA:377,0
DA:378,0
DA:383,0
DA:389,0
DA:394,0
DA:396,0
DA:406,0
LF:111
LH:0
BRDA:52,0,0,0
BRDA:53,1,0,0
BRDA:53,1,1,0
BRDA:56,2,0,0
BRDA:56,2,1,0
BRDA:71,3,0,0
BRDA:71,3,1,0
BRDA:109,4,0,0
BRDA:110,5,0,0
BRDA:110,5,1,0
BRDA:113,6,0,0
BRDA:113,6,1,0
BRDA:127,7,0,0
BRDA:127,7,1,0
BRDA:169,8,0,0
BRDA:169,8,1,0
BRDA:192,9,0,0
BRDA:193,10,0,0
BRDA:193,10,1,0
BRDA:196,11,0,0
BRDA:196,11,1,0
BRDA:207,12,0,0
BRDA:207,12,1,0
BRDA:211,13,0,0
BRDA:211,13,1,0
BRDA:223,14,0,0
BRDA:223,14,1,0
BRDA:249,15,0,0
BRDA:261,16,0,0
BRDA:261,16,1,0
BRDA:262,17,0,0
BRDA:262,17,1,0
BRDA:263,18,0,0
BRDA:263,18,1,0
BRDA:275,19,0,0
BRDA:275,19,1,0
BRDA:276,20,0,0
BRDA:276,20,1,0
BRDA:277,21,0,0
BRDA:277,21,1,0
BRDA:281,22,0,0
BRDA:281,22,1,0
BRDA:282,23,0,0
BRDA:282,23,1,0
BRDA:283,24,0,0
BRDA:283,24,1,0
BRDA:335,25,0,0
BRDA:335,25,1,0
BRDA:340,26,0,0
BRDA:340,26,1,0
BRDA:341,27,0,0
BRDA:341,27,1,0
BRDA:342,28,0,0
BRDA:342,28,1,0
BRDA:350,29,0,0
BRDA:350,29,1,0
BRDA:351,30,0,0
BRDA:351,30,1,0
BRDA:352,31,0,0
BRDA:352,31,1,0
BRDA:357,32,0,0
BRDA:357,32,1,0
BRDA:358,33,0,0
BRDA:358,33,1,0
BRDA:359,34,0,0
BRDA:359,34,1,0
BRDA:365,35,0,0
BRDA:365,35,1,0
BRDA:389,36,0,0
BRDA:389,36,1,0
BRDA:396,37,0,0
BRDA:396,37,1,0
BRF:72
BRH:0
end_of_record
TN:
SF:src/services/ViaCepService.js
FN:19,(anonymous_0)
FN:33,(anonymous_1)
FN:68,(anonymous_2)
FN:87,(anonymous_3)
FN:92,(anonymous_4)
FN:106,(anonymous_5)
FN:124,(anonymous_6)
FN:142,(anonymous_7)
FN:173,(anonymous_8)
FN:231,(anonymous_9)
FN:294,(anonymous_10)
FN:306,(anonymous_11)
FNF:12
FNH:0
FNDA:0,(anonymous_0)
FNDA:0,(anonymous_1)
FNDA:0,(anonymous_2)
FNDA:0,(anonymous_3)
FNDA:0,(anonymous_4)
FNDA:0,(anonymous_5)
FNDA:0,(anonymous_6)
FNDA:0,(anonymous_7)
FNDA:0,(anonymous_8)
FNDA:0,(anonymous_9)
FNDA:0,(anonymous_10)
FNDA:0,(anonymous_11)
DA:20,0
DA:21,0
DA:22,0
DA:23,0
DA:24,0
DA:25,0
DA:34,0
DA:35,0
DA:39,0
DA:42,0
DA:43,0
DA:47,0
DA:51,0
DA:52,0
DA:56,0
DA:58,0
DA:69,0
DA:70,0
DA:73,0
DA:74,0
DA:77,0
DA:78,0
DA:81,0
DA:88,0
DA:89,0
DA:91,0
DA:92,0
DA:93,0
DA:97,0
DA:98,0
DA:107,0
DA:108,0
DA:111,0
DA:112,0
DA:113,0
DA:116,0
DA:125,0
DA:131,0
DA:132,0
DA:133,0
DA:143,0
DA:144,0
DA:146,0
DA:155,0
DA:156,0
DA:159,0
DA:160,0
DA:163,0
DA:164,0
DA:174,0
DA:177,0
DA:178,0
DA:179,0
DA:186,0
DA:187,0
DA:190,0
DA:191,0
DA:192,0
DA:193,0
DA:197,0
DA:198,0
DA:200,0
DA:201,0
DA:209,0
DA:210,0
DA:218,0
DA:220,0
DA:221,0
DA:232,0
DA:235,0
DA:236,0
DA:237,0
DA:245,0
DA:246,0
DA:247,0
DA:249,0
DA:252,0
DA:253,0
DA:254,0
DA:255,0
DA:259,0
DA:260,0
DA:263,0
DA:264,0
DA:266,0
DA:267,0
DA:275,0
DA:276,0
DA:284,0
DA:286,0
DA:287,0
DA:295,0
DA:307,0
DA:308,0
DA:312,0
LF:95
LH:0
BRDA:34,0,0,0
BRDA:34,0,1,0
BRDA:34,1,0,0
BRDA:34,1,1,0
BRDA:42,2,0,0
BRDA:42,2,1,0
BRDA:51,3,0,0
BRDA:51,3,1,0
BRDA:69,4,0,0
BRDA:69,4,1,0
BRDA:69,5,0,0
BRDA:69,5,1,0
BRDA:69,5,2,0
BRDA:73,6,0,0
BRDA:73,6,1,0
BRDA:73,7,0,0
BRDA:73,7,1,0
BRDA:73,7,2,0
BRDA:77,8,0,0
BRDA:77,8,1,0
BRDA:77,9,0,0
BRDA:77,9,1,0
BRDA:77,9,2,0
BRDA:91,10,0,0
BRDA:91,10,1,0
BRDA:108,11,0,0
BRDA:108,11,1,0
BRDA:111,12,0,0
BRDA:111,12,1,0
BRDA:131,13,0,0
BRDA:131,13,1,0
BRDA:155,14,0,0
BRDA:155,14,1,0
BRDA:178,15,0,0
BRDA:178,15,1,0
BRDA:191,16,0,0
BRDA:191,16,1,0
BRDA:200,17,0,0
BRDA:200,17,1,0
BRDA:209,18,0,0
BRDA:209,18,1,0
BRDA:236,19,0,0
BRDA:236,19,1,0
BRDA:253,20,0,0
BRDA:253,20,1,0
BRDA:266,21,0,0
BRDA:266,21,1,0
BRDA:275,22,0,0
BRDA:275,22,1,0
BRDA:275,23,0,0
BRDA:275,23,1,0
BRDA:299,24,0,0
BRDA:299,24,1,0
BRF:53
BRH:0
end_of_record
TN:
SF:src/services/authService.js
FN:17,(anonymous_0)
FN:31,(anonymous_1)
FN:45,(anonymous_2)
FN:62,(anonymous_3)
FN:87,(anonymous_4)
FN:138,(anonymous_5)
FN:208,(anonymous_6)
FN:245,(anonymous_7)
FN:261,(anonymous_8)
FN:272,(anonymous_9)
FN:286,(anonymous_10)
FN:287,(anonymous_11)
FNF:12
FNH:4
FNDA:3,(anonymous_0)
FNDA:2,(anonymous_1)
FNDA:2,(anonymous_2)
FNDA:2,(anonymous_3)
FNDA:0,(anonymous_4)
FNDA:0,(anonymous_5)
FNDA:0,(anonymous_6)
FNDA:0,(anonymous_7)
FNDA:0,(anonymous_8)
FNDA:0,(anonymous_9)
FNDA:0,(anonymous_10)
FNDA:0,(anonymous_11)
DA:6,1
DA:7,1
DA:8,1
DA:18,3
DA:19,0
DA:22,3
DA:32,2
DA:33,0
DA:36,2
DA:46,2
DA:51,2
DA:52,2
DA:54,2
DA:63,2
DA:64,0
DA:67,2
DA:69,2
DA:70,2
DA:72,1
DA:73,0
DA:74,1
DA:75,1
DA:77,0
DA:88,0
DA:89,0
DA:92,0
DA:105,0
DA:106,0
DA:110,0
DA:116,0
DA:128,0
DA:139,0
DA:140,0
DA:144,0
DA:161,0
DA:162,0
DA:166,0
DA:167,0
DA:168,0
DA:172,0
DA:178,0
DA:184,0
DA:190,0
DA:209,0
DA:222,0
DA:223,0
DA:226,0
DA:227,0
DA:230,0
DA:246,0
DA:248,0
DA:249,0
DA:252,0
DA:253,0
DA:263,0
DA:264,0
DA:273,0
DA:274,0
DA:276,0
DA:277,0
DA:280,0
DA:287,0
DA:288,0
DA:289,0
DA:291,0
DA:292,0
DA:298,0
DA:299,0
DA:300,0
DA:302,0
DA:303,0
DA:306,0
DA:315,1
LF:73
LH:19
BRDA:18,0,0,0
BRDA:18,0,1,3
BRDA:32,1,0,0
BRDA:32,1,1,2
BRDA:32,2,0,2
BRDA:32,2,1,2
BRDA:45,3,0,2
BRDA:52,4,0,2
BRDA:52,4,1,0
BRDA:63,5,0,0
BRDA:63,5,1,2
BRDA:67,6,0,2
BRDA:67,6,1,0
BRDA:72,7,0,0
BRDA:72,7,1,1
BRDA:74,8,0,1
BRDA:74,8,1,0
BRDA:105,9,0,0
BRDA:105,9,1,0
BRDA:105,10,0,0
BRDA:105,10,1,0
BRDA:139,11,0,0
BRDA:139,11,1,0
BRDA:139,12,0,0
BRDA:139,12,1,0
BRDA:161,13,0,0
BRDA:161,13,1,0
BRDA:167,14,0,0
BRDA:167,14,1,0
BRDA:222,15,0,0
BRDA:222,15,1,0
BRDA:226,16,0,0
BRDA:226,16,1,0
BRDA:245,17,0,0
BRDA:248,18,0,0
BRDA:248,18,1,0
BRDA:272,19,0,0
BRDA:291,20,0,0
BRDA:291,20,1,0
BRDA:291,21,0,0
BRDA:291,21,1,0
BRDA:308,22,0,0
BRDA:308,22,1,0
BRF:43
BRH:10
end_of_record
TN:
SF:src/services/dashboardService.js
FN:14,(anonymous_0)
FN:61,(anonymous_1)
FN:63,(anonymous_2)
FN:70,(anonymous_3)
FN:78,(anonymous_4)
FN:103,(anonymous_5)
FN:118,(anonymous_6)
FN:121,(anonymous_7)
FN:127,(anonymous_8)
FN:133,(anonymous_9)
FN:134,(anonymous_10)
FN:144,(anonymous_11)
FN:147,(anonymous_12)
FN:153,(anonymous_13)
FN:158,(anonymous_14)
FN:159,(anonymous_15)
FN:169,(anonymous_16)
FN:181,(anonymous_17)
FN:196,(anonymous_18)
FN:202,(anonymous_19)
FN:212,(anonymous_20)
FN:222,(anonymous_21)
FN:249,(anonymous_22)
FN:250,(anonymous_23)
FN:267,(anonymous_24)
FN:276,(anonymous_25)
FN:277,(anonymous_26)
FN:278,(anonymous_27)
FN:287,(anonymous_28)
FN:289,(anonymous_29)
FN:290,(anonymous_30)
FN:292,(anonymous_31)
FN:305,(anonymous_32)
FN:319,(anonymous_33)
FN:320,(anonymous_34)
FN:323,(anonymous_35)
FN:330,(anonymous_36)
FN:333,(anonymous_37)
FN:339,(anonymous_38)
FN:341,(anonymous_39)
FN:344,(anonymous_40)
FN:347,(anonymous_41)
FN:353,(anonymous_42)
FN:355,(anonymous_43)
FN:358,(anonymous_44)
FNF:45
FNH:0
FNDA:0,(anonymous_0)
FNDA:0,(anonymous_1)
FNDA:0,(anonymous_2)
FNDA:0,(anonymous_3)
FNDA:0,(anonymous_4)
FNDA:0,(anonymous_5)
FNDA:0,(anonymous_6)
FNDA:0,(anonymous_7)
FNDA:0,(anonymous_8)
FNDA:0,(anonymous_9)
FNDA:0,(anonymous_10)
FNDA:0,(anonymous_11)
FNDA:0,(anonymous_12)
FNDA:0,(anonymous_13)
FNDA:0,(anonymous_14)
FNDA:0,(anonymous_15)
FNDA:0,(anonymous_16)
FNDA:0,(anonymous_17)
FNDA:0,(anonymous_18)
FNDA:0,(anonymous_19)
FNDA:0,(anonymous_20)
FNDA:0,(anonymous_21)
FNDA:0,(anonymous_22)
FNDA:0,(anonymous_23)
FNDA:0,(anonymous_24)
FNDA:0,(anonymous_25)
FNDA:0,(anonymous_26)
FNDA:0,(anonymous_27)
FNDA:0,(anonymous_28)
FNDA:0,(anonymous_29)
FNDA:0,(anonymous_30)
FNDA:0,(anonymous_31)
FNDA:0,(anonymous_32)
FNDA:0,(anonymous_33)
FNDA:0,(anonymous_34)
FNDA:0,(anonymous_35)
FNDA:0,(anonymous_36)
FNDA:0,(anonymous_37)
FNDA:0,(anonymous_38)
FNDA:0,(anonymous_39)
FNDA:0,(anonymous_40)
FNDA:0,(anonymous_41)
FNDA:0,(anonymous_42)
FNDA:0,(anonymous_43)
FNDA:0,(anonymous_44)
DA:6,0
DA:15,0
DA:17,0
DA:31,0
DA:34,0
DA:37,0
DA:40,0
DA:42,0
DA:51,0
DA:52,0
DA:62,0
DA:63,0
DA:64,0
DA:67,0
DA:68,0
DA:70,0
DA:71,0
DA:75,0
DA:76,0
DA:78,0
DA:79,0
DA:84,0
DA:88,0
DA:104,0
DA:119,0
DA:121,0
DA:122,0
DA:123,0
DA:126,0
DA:127,0
DA:130,0
DA:133,0
DA:134,0
DA:145,0
DA:147,0
DA:148,0
DA:149,0
DA:152,0
DA:153,0
DA:155,0
DA:158,0
DA:159,0
DA:170,0
DA:171,0
DA:174,0
DA:175,0
DA:176,0
DA:177,0
DA:181,0
DA:182,0
DA:183,0
DA:184,0
DA:185,0
DA:186,0
DA:191,0
DA:193,0
DA:197,0
DA:198,0
DA:200,0
DA:202,0
DA:213,0
DA:222,0
DA:223,0
DA:224,0
DA:225,0
DA:226,0
DA:227,0
DA:228,0
DA:229,0
DA:231,0
DA:235,0
DA:250,0
DA:251,0
DA:253,0
DA:268,0
DA:269,0
DA:270,0
DA:272,0
DA:276,0
DA:277,0
DA:278,0
DA:288,0
DA:289,0
DA:290,0
DA:292,0
DA:306,0
DA:307,0
DA:308,0
DA:309,0
DA:310,0
DA:312,0
DA:313,0
DA:316,0
DA:320,0
DA:321,0
DA:323,0
DA:324,0
DA:327,0
DA:331,0
DA:333,0
DA:334,0
DA:335,0
DA:338,0
DA:339,0
DA:341,0
DA:345,0
DA:347,0
DA:348,0
DA:349,0
DA:352,0
DA:353,0
DA:355,0
DA:359,0
DA:364,0
DA:365,0
DA:366,0
DA:369,0
DA:373,0
LF:118
LH:0
BRDA:71,0,0,0
BRDA:71,0,1,0
BRDA:79,1,0,0
BRDA:79,1,1,0
BRDA:79,1,2,0
BRDA:84,2,0,0
BRDA:84,2,1,0
BRDA:86,3,0,0
BRDA:86,3,1,0
BRDA:92,4,0,0
BRDA:92,4,1,0
BRDA:122,5,0,0
BRDA:122,5,1,0
BRDA:123,6,0,0
BRDA:123,6,1,0
BRDA:148,7,0,0
BRDA:148,7,1,0
BRDA:149,8,0,0
BRDA:149,8,1,0
BRDA:182,9,0,0
BRDA:182,9,1,0
BRDA:185,10,0,0
BRDA:185,10,1,0
BRDA:223,11,0,0
BRDA:223,11,1,0
BRDA:225,12,0,0
BRDA:225,12,1,0
BRDA:226,13,0,0
BRDA:226,13,1,0
BRDA:227,14,0,0
BRDA:227,14,1,0
BRDA:228,15,0,0
BRDA:228,15,1,0
BRDA:275,16,0,0
BRDA:275,16,1,0
BRDA:312,17,0,0
BRDA:312,17,1,0
BRDA:312,18,0,0
BRDA:312,18,1,0
BRDA:312,18,2,0
BRDA:321,19,0,0
BRDA:321,19,1,0
BRDA:330,20,0,0
BRDA:334,21,0,0
BRDA:334,21,1,0
BRDA:335,22,0,0
BRDA:335,22,1,0
BRDA:344,23,0,0
BRDA:348,24,0,0
BRDA:348,24,1,0
BRDA:349,25,0,0
BRDA:349,25,1,0
BRF:52
BRH:0
end_of_record
TN:
SF:src/services/database.js
FN:10,(anonymous_0)
FN:22,(anonymous_1)
FN:40,(anonymous_2)
FN:53,(anonymous_3)
FN:82,(anonymous_4)
FN:124,(anonymous_5)
FN:131,(anonymous_6)
FN:138,(anonymous_7)
FN:145,(anonymous_8)
FNF:9
FNH:1
FNDA:1,(anonymous_0)
FNDA:0,(anonymous_1)
FNDA:0,(anonymous_2)
FNDA:0,(anonymous_3)
FNDA:0,(anonymous_4)
FNDA:0,(anonymous_5)
FNDA:0,(anonymous_6)
FNDA:0,(anonymous_7)
FNDA:0,(anonymous_8)
DA:6,1
DA:7,1
DA:11,1
DA:16,1
DA:23,0
DA:24,0
DA:25,0
DA:26,0
DA:29,0
DA:32,0
DA:33,0
DA:41,0
DA:42,0
DA:43,0
DA:44,0
DA:46,0
DA:54,0
DA:56,0
DA:62,0
DA:63,0
DA:64,0
DA:65,0
DA:67,0
DA:74,0
DA:75,0
DA:83,0
DA:91,0
DA:106,0
DA:116,0
DA:117,0
DA:125,0
DA:132,0
DA:139,0
DA:146,0
DA:147,0
DA:149,0
DA:154,1
DA:156,1
LF:38
LH:6
BRDA:12,0,0,0
BRDA:12,0,1,1
BRDA:131,1,0,0
BRDA:138,2,0,0
BRDA:146,3,0,0
BRDA:146,3,1,0
BRF:6
BRH:1
end_of_record
TN:
SF:src/services/fileService.js
FN:17,(anonymous_0)
FN:30,(anonymous_1)
FN:34,(anonymous_2)
FN:44,(anonymous_3)
FN:54,(anonymous_4)
FN:64,(anonymous_5)
FN:72,(anonymous_6)
FN:85,(anonymous_7)
FN:138,(anonymous_8)
FN:154,(anonymous_9)
FN:166,(anonymous_10)
FN:177,(anonymous_11)
FN:178,(anonymous_12)
FN:181,(anonymous_13)
FNF:14
FNH:0
FNDA:0,(anonymous_0)
FNDA:0,(anonymous_1)
FNDA:0,(anonymous_2)
FNDA:0,(anonymous_3)
FNDA:0,(anonymous_4)
FNDA:0,(anonymous_5)
FNDA:0,(anonymous_6)
FNDA:0,(anonymous_7)
FNDA:0,(anonymous_8)
FNDA:0,(anonymous_9)
FNDA:0,(anonymous_10)
FNDA:0,(anonymous_11)
FNDA:0,(anonymous_12)
FNDA:0,(anonymous_13)
DA:6,0
DA:7,0
DA:8,0
DA:9,0
DA:10,0
DA:18,0
DA:31,0
DA:33,0
DA:35,0
DA:37,0
DA:38,0
DA:39,0
DA:41,0
DA:45,0
DA:46,0
DA:55,0
DA:56,0
DA:57,0
DA:58,0
DA:65,0
DA:67,0
DA:73,0
DA:74,0
DA:76,0
DA:92,0
DA:94,0
DA:95,0
DA:98,0
DA:99,0
DA:106,0
DA:108,0
DA:109,0
DA:111,0
DA:112,0
DA:114,0
DA:115,0
DA:119,0
DA:120,0
DA:123,0
DA:124,0
DA:127,0
DA:130,0
DA:131,0
DA:139,0
DA:140,0
DA:141,0
DA:142,0
DA:144,0
DA:145,0
DA:147,0
DA:155,0
DA:156,0
DA:157,0
DA:159,0
DA:167,0
DA:169,0
DA:170,0
DA:171,0
DA:178,0
DA:179,0
DA:181,0
DA:182,0
DA:183,0
DA:190,0
DA:191,0
DA:193,0
DA:200,0
DA:201,0
DA:205,0
DA:207,0
DA:214,0
DA:221,0
LF:72
LH:0
BRDA:30,0,0,0
BRDA:64,1,0,0
BRDA:64,2,0,0
BRDA:73,3,0,0
BRDA:73,3,1,0
BRDA:85,4,0,0
BRDA:87,5,0,0
BRDA:88,6,0,0
BRDA:89,7,0,0
BRDA:90,8,0,0
BRDA:91,9,0,0
BRDA:98,10,0,0
BRDA:98,10,1,0
BRDA:98,11,0,0
BRDA:98,11,1,0
BRDA:106,12,0,0
BRDA:106,12,1,0
BRDA:106,12,2,0
BRDA:119,13,0,0
BRDA:119,13,1,0
BRDA:123,14,0,0
BRDA:123,14,1,0
BRDA:123,15,0,0
BRDA:123,15,1,0
BRDA:144,16,0,0
BRDA:144,16,1,0
BRDA:166,17,0,0
BRDA:167,18,0,0
BRDA:167,18,1,0
BRDA:182,19,0,0
BRDA:182,19,1,0
BRDA:190,20,0,0
BRDA:190,20,1,0
BRF:33
BRH:0
end_of_record
TN:
SF:src/services/historicoService.js
FN:20,(anonymous_0)
FN:57,(anonymous_1)
FN:115,(anonymous_2)
FN:144,(anonymous_3)
FN:166,(anonymous_4)
FN:193,(anonymous_5)
FN:204,(anonymous_6)
FN:228,(anonymous_7)
FN:251,(anonymous_8)
FN:262,(anonymous_9)
FN:277,(anonymous_10)
FN:278,(anonymous_11)
FN:295,(anonymous_12)
FNF:13
FNH:0
FNDA:0,(anonymous_0)
FNDA:0,(anonymous_1)
FNDA:0,(anonymous_2)
FNDA:0,(anonymous_3)
FNDA:0,(anonymous_4)
FNDA:0,(anonymous_5)
FNDA:0,(anonymous_6)
FNDA:0,(anonymous_7)
FNDA:0,(anonymous_8)
FNDA:0,(anonymous_9)
FNDA:0,(anonymous_10)
FNDA:0,(anonymous_11)
FNDA:0,(anonymous_12)
DA:6,0
DA:21,0
DA:23,0
DA:26,0
DA:37,0
DA:43,0
DA:46,0
DA:47,0
DA:58,0
DA:66,0
DA:69,0
DA:70,0
DA:71,0
DA:73,0
DA:74,0
DA:75,0
DA:76,0
DA:79,0
DA:80,0
DA:81,0
DA:82,0
DA:85,0
DA:86,0
DA:87,0
DA:88,0
DA:91,0
DA:92,0
DA:93,0
DA:94,0
DA:98,0
DA:110,0
DA:112,0
DA:115,0
DA:131,0
DA:134,0
DA:135,0
DA:145,0
DA:146,0
DA:157,0
DA:159,0
DA:166,0
DA:167,0
DA:168,0
DA:170,0
DA:171,0
DA:174,0
DA:175,0
DA:179,0
DA:182,0
DA:183,0
DA:194,0
DA:196,0
DA:199,0
DA:204,0
DA:205,0
DA:206,0
DA:209,0
DA:210,0
DA:219,0
DA:230,0
DA:231,0
DA:234,0
DA:237,0
DA:238,0
DA:242,0
DA:252,0
DA:253,0
DA:254,0
DA:263,0
DA:264,0
DA:266,0
DA:268,0
DA:271,0
DA:274,0
DA:276,0
DA:277,0
DA:278,0
DA:280,0
DA:281,0
DA:284,0
DA:287,0
DA:296,0
DA:297,0
DA:298,0
DA:300,0
DA:305,0
DA:306,0
DA:309,0
DA:310,0
DA:315,0
LF:90
LH:0
BRDA:33,0,0,0
BRDA:33,0,1,0
BRDA:57,1,0,0
BRDA:60,2,0,0
BRDA:61,3,0,0
BRDA:73,4,0,0
BRDA:73,4,1,0
BRDA:79,5,0,0
BRDA:79,5,1,0
BRDA:85,6,0,0
BRDA:85,6,1,0
BRDA:91,7,0,0
BRDA:91,7,1,0
BRDA:124,8,0,0
BRDA:124,8,1,0
BRDA:125,9,0,0
BRDA:125,9,1,0
BRDA:126,10,0,0
BRDA:126,10,1,0
BRDA:170,11,0,0
BRDA:170,11,1,0
BRDA:170,12,0,0
BRDA:170,12,1,0
BRDA:174,13,0,0
BRDA:174,13,1,0
BRDA:174,14,0,0
BRDA:174,14,1,0
BRDA:196,15,0,0
BRDA:196,15,1,0
BRDA:200,16,0,0
BRDA:200,16,1,0
BRDA:201,17,0,0
BRDA:201,17,1,0
BRDA:209,18,0,0
BRDA:209,18,1,0
BRDA:230,19,0,0
BRDA:230,19,1,0
BRDA:230,20,0,0
BRDA:230,20,1,0
BRDA:231,21,0,0
BRDA:231,21,1,0
BRDA:231,22,0,0
BRDA:231,22,1,0
BRDA:234,23,0,0
BRDA:234,23,1,0
BRDA:237,24,0,0
BRDA:237,24,1,0
BRDA:252,25,0,0
BRDA:252,25,1,0
BRDA:252,26,0,0
BRDA:252,26,1,0
BRDA:253,27,0,0
BRDA:253,27,1,0
BRDA:253,28,0,0
BRDA:253,28,1,0
BRDA:264,29,0,0
BRDA:264,29,1,0
BRDA:266,30,0,0
BRDA:266,30,1,0
BRDA:266,30,2,0
BRDA:266,30,3,0
BRDA:274,31,0,0
BRDA:274,31,1,0
BRDA:280,32,0,0
BRDA:280,32,1,0
BRDA:295,33,0,0
BRF:66
BRH:0
end_of_record
TN:
SF:src/services/importacaoService.js
FN:17,(anonymous_0)
FN:38,(anonymous_1)
FN:46,(anonymous_2)
FN:85,(anonymous_3)
FN:126,(anonymous_4)
FN:127,(anonymous_5)
FN:136,(anonymous_6)
FN:139,(anonymous_7)
FN:171,(anonymous_8)
FN:237,(anonymous_9)
FN:248,(anonymous_10)
FN:284,(anonymous_11)
FN:285,(anonymous_12)
FN:330,(anonymous_13)
FN:358,(anonymous_14)
FN:391,(anonymous_15)
FNF:16
FNH:0
FNDA:0,(anonymous_0)
FNDA:0,(anonymous_1)
FNDA:0,(anonymous_2)
FNDA:0,(anonymous_3)
FNDA:0,(anonymous_4)
FNDA:0,(anonymous_5)
FNDA:0,(anonymous_6)
FNDA:0,(anonymous_7)
FNDA:0,(anonymous_8)
FNDA:0,(anonymous_9)
FNDA:0,(anonymous_10)
FNDA:0,(anonymous_11)
FNDA:0,(anonymous_12)
FNDA:0,(anonymous_13)
FNDA:0,(anonymous_14)
FNDA:0,(anonymous_15)
DA:6,0
DA:7,0
DA:8,0
DA:18,0
DA:26,0
DA:27,0
DA:28,0
DA:30,0
DA:31,0
DA:32,0
DA:36,0
DA:37,0
DA:38,0
DA:39,0
DA:40,0
DA:44,0
DA:45,0
DA:46,0
DA:48,0
DA:49,0
DA:53,0
DA:54,0
DA:55,0
DA:58,0
DA:60,0
DA:61,0
DA:62,0
DA:66,0
DA:68,0
DA:71,0
DA:72,0
DA:76,0
DA:86,0
DA:118,0
DA:127,0
DA:137,0
DA:139,0
DA:140,0
DA:141,0
DA:142,0
DA:145,0
DA:146,0
DA:147,0
DA:148,0
DA:155,0
DA:157,0
DA:162,0
DA:172,0
DA:174,0
DA:186,0
DA:187,0
DA:188,0
DA:194,0
DA:198,0
DA:199,0
DA:200,0
DA:201,0
DA:207,0
DA:211,0
DA:213,0
DA:214,0
DA:222,0
DA:223,0
DA:238,0
DA:239,0
DA:240,0
DA:249,0
DA:252,0
DA:253,0
DA:256,0
DA:260,0
DA:261,0
DA:264,0
DA:268,0
DA:269,0
DA:270,0
DA:273,0
DA:276,0
DA:285,0
DA:287,0
DA:298,0
DA:322,0
DA:331,0
DA:332,0
DA:335,0
DA:357,0
DA:358,0
DA:359,0
DA:360,0
DA:368,0
DA:391,0
DA:394,0
DA:395,0
DA:396,0
DA:397,0
DA:398,0
DA:399,0
DA:400,0
DA:402,0
DA:403,0
DA:407,0
LF:101
LH:0
BRDA:31,0,0,0
BRDA:31,0,1,0
BRDA:48,1,0,0
BRDA:48,1,1,0
BRDA:58,2,0,0
BRDA:58,2,1,0
BRDA:118,3,0,0
BRDA:118,3,1,0
BRDA:127,4,0,0
BRDA:127,4,1,0
BRDA:127,5,0,0
BRDA:127,5,1,0
BRDA:141,6,0,0
BRDA:141,6,1,0
BRDA:141,7,0,0
BRDA:141,7,1,0
BRDA:145,8,0,0
BRDA:145,8,1,0
BRDA:145,9,0,0
BRDA:145,9,1,0
BRDA:147,10,0,0
BRDA:147,10,1,0
BRDA:155,11,0,0
BRDA:155,11,1,0
BRDA:186,12,0,0
BRDA:186,12,1,0
BRDA:191,13,0,0
BRDA:191,13,1,0
BRDA:199,14,0,0
BRDA:199,14,1,0
BRDA:226,15,0,0
BRDA:226,15,1,0
BRDA:238,16,0,0
BRDA:238,16,1,0
BRDA:240,17,0,0
BRDA:240,17,1,0
BRDA:252,18,0,0
BRDA:252,18,1,0
BRDA:256,19,0,0
BRDA:256,19,1,0
BRDA:260,20,0,0
BRDA:260,20,1,0
BRDA:264,21,0,0
BRDA:264,21,1,0
BRDA:268,22,0,0
BRDA:268,22,1,0
BRDA:273,23,0,0
BRDA:273,23,1,0
BRDA:306,24,0,0
BRDA:306,24,1,0
BRDA:307,25,0,0
BRDA:307,25,1,0
BRDA:309,26,0,0
BRDA:309,26,1,0
BRF:54
BRH:0
end_of_record
TN:
SF:src/services/relatoriosService.js
FN:18,(anonymous_0)
FN:46,(anonymous_1)
FN:47,(anonymous_2)
FN:70,(anonymous_3)
FN:86,(anonymous_4)
FN:102,(anonymous_5)
FN:146,(anonymous_6)
FN:147,(anonymous_7)
FN:148,(anonymous_8)
FN:164,(anonymous_9)
FN:167,(anonymous_10)
FN:168,(anonymous_11)
FN:190,(anonymous_12)
FN:193,(anonymous_13)
FN:236,(anonymous_14)
FN:241,(anonymous_15)
FN:250,(anonymous_16)
FN:263,(anonymous_17)
FN:273,(anonymous_18)
FNF:19
FNH:0
FNDA:0,(anonymous_0)
FNDA:0,(anonymous_1)
FNDA:0,(anonymous_2)
FNDA:0,(anonymous_3)
FNDA:0,(anonymous_4)
FNDA:0,(anonymous_5)
FNDA:0,(anonymous_6)
FNDA:0,(anonymous_7)
FNDA:0,(anonymous_8)
FNDA:0,(anonymous_9)
FNDA:0,(anonymous_10)
FNDA:0,(anonymous_11)
FNDA:0,(anonymous_12)
FNDA:0,(anonymous_13)
FNDA:0,(anonymous_14)
FNDA:0,(anonymous_15)
FNDA:0,(anonymous_16)
FNDA:0,(anonymous_17)
FNDA:0,(anonymous_18)
DA:6,0
DA:7,0
DA:8,0
DA:19,0
DA:20,0
DA:23,0
DA:24,0
DA:25,0
DA:28,0
DA:29,0
DA:30,0
DA:31,0
DA:32,0
DA:35,0
DA:36,0
DA:37,0
DA:38,0
DA:39,0
DA:42,0
DA:43,0
DA:44,0
DA:45,0
DA:46,0
DA:47,0
DA:49,0
DA:50,0
DA:51,0
DA:55,0
DA:69,0
DA:70,0
DA:71,0
DA:72,0
DA:77,0
DA:86,0
DA:87,0
DA:102,0
DA:103,0
DA:111,0
DA:112,0
DA:114,0
DA:115,0
DA:117,0
DA:118,0
DA:120,0
DA:127,0
DA:142,0
DA:143,0
DA:144,0
DA:146,0
DA:147,0
DA:148,0
DA:150,0
DA:151,0
DA:152,0
DA:155,0
DA:156,0
DA:165,0
DA:167,0
DA:168,0
DA:190,0
DA:193,0
DA:195,0
DA:196,0
DA:201,0
DA:202,0
DA:207,0
DA:208,0
DA:209,0
DA:210,0
DA:211,0
DA:212,0
DA:213,0
DA:215,0
DA:219,0
DA:220,0
DA:224,0
DA:228,0
DA:237,0
DA:240,0
DA:241,0
DA:242,0
DA:243,0
DA:244,0
DA:246,0
DA:250,0
DA:251,0
DA:254,0
DA:255,0
DA:256,0
DA:257,0
DA:258,0
DA:261,0
DA:262,0
DA:263,0
DA:264,0
DA:265,0
DA:273,0
DA:274,0
DA:285,0
DA:295,0
DA:296,0
DA:300,0
LF:102
LH:0
BRDA:18,0,0,0
BRDA:42,1,0,0
BRDA:42,1,1,0
BRDA:88,2,0,0
BRDA:88,2,1,0
BRDA:89,3,0,0
BRDA:89,3,1,0
BRDA:90,4,0,0
BRDA:90,4,1,0
BRDA:91,5,0,0
BRDA:91,5,1,0
BRDA:92,6,0,0
BRDA:92,6,1,0
BRDA:93,7,0,0
BRDA:93,7,1,0
BRDA:94,8,0,0
BRDA:94,8,1,0
BRDA:95,9,0,0
BRDA:95,9,1,0
BRDA:96,10,0,0
BRDA:96,10,1,0
BRDA:97,11,0,0
BRDA:97,11,1,0
BRDA:98,12,0,0
BRDA:98,12,1,0
BRDA:111,13,0,0
BRDA:111,13,1,0
BRDA:112,14,0,0
BRDA:112,14,1,0
BRDA:112,14,2,0
BRDA:195,15,0,0
BRDA:195,15,1,0
BRDA:197,16,0,0
BRDA:197,16,1,0
BRDA:201,17,0,0
BRDA:201,17,1,0
BRDA:203,18,0,0
BRDA:203,18,1,0
BRDA:207,19,0,0
BRDA:207,19,1,0
BRDA:209,20,0,0
BRDA:209,20,1,0
BRDA:210,21,0,0
BRDA:210,21,1,0
BRDA:211,22,0,0
BRDA:211,22,1,0
BRDA:212,23,0,0
BRDA:212,23,1,0
BRDA:219,24,0,0
BRDA:219,24,1,0
BRDA:224,25,0,0
BRDA:224,25,1,0
BRDA:242,26,0,0
BRDA:242,26,1,0
BRDA:243,27,0,0
BRDA:243,27,1,0
BRF:56
BRH:0
end_of_record
TN:
SF:src/services/responseService.js
FN:11,(anonymous_0)
FN:34,(anonymous_1)
FN:57,(anonymous_2)
FN:68,(anonymous_3)
FN:77,(anonymous_4)
FN:84,(anonymous_5)
FN:91,(anonymous_6)
FN:99,(anonymous_7)
FN:106,(anonymous_8)
FN:113,(anonymous_9)
FN:120,(anonymous_10)
FN:142,(anonymous_11)
FN:160,(anonymous_12)
FN:174,(anonymous_13)
FN:181,(anonymous_14)
FN:188,(anonymous_15)
FN:189,(anonymous_16)
FN:204,(anonymous_17)
FN:214,(anonymous_18)
FN:251,(anonymous_19)
FN:252,(anonymous_20)
FN:289,(anonymous_21)
FN:290,(anonymous_22)
FN:298,(anonymous_23)
FN:302,(anonymous_24)
FN:314,(anonymous_25)
FN:323,(anonymous_26)
FN:340,(anonymous_27)
FNF:28
FNH:5
FNDA:1,(anonymous_0)
FNDA:2,(anonymous_1)
FNDA:0,(anonymous_2)
FNDA:1,(anonymous_3)
FNDA:0,(anonymous_4)
FNDA:0,(anonymous_5)
FNDA:0,(anonymous_6)
FNDA:0,(anonymous_7)
FNDA:0,(anonymous_8)
FNDA:0,(anonymous_9)
FNDA:0,(anonymous_10)
FNDA:0,(anonymous_11)
FNDA:0,(anonymous_12)
FNDA:0,(anonymous_13)
FNDA:0,(anonymous_14)
FNDA:0,(anonymous_15)
FNDA:0,(anonymous_16)
FNDA:0,(anonymous_17)
FNDA:0,(anonymous_18)
FNDA:0,(anonymous_19)
FNDA:0,(anonymous_20)
FNDA:0,(anonymous_21)
FNDA:0,(anonymous_22)
FNDA:1,(anonymous_23)
FNDA:0,(anonymous_24)
FNDA:3,(anonymous_25)
FNDA:0,(anonymous_26)
FNDA:0,(anonymous_27)
DA:12,1
DA:18,1
DA:19,1
DA:23,1
DA:24,0
DA:25,0
DA:28,1
DA:35,2
DA:42,2
DA:43,1
DA:47,2
DA:48,0
DA:51,2
DA:58,0
DA:62,0
DA:69,1
DA:78,0
DA:85,0
DA:92,0
DA:93,0
DA:100,0
DA:107,0
DA:114,0
DA:121,0
DA:136,0
DA:143,0
DA:150,0
DA:151,0
DA:154,0
DA:161,0
DA:175,0
DA:182,0
DA:189,0
DA:191,0
DA:197,0
DA:198,0
DA:205,0
DA:215,0
DA:216,0
DA:218,0
DA:219,0
DA:222,0
DA:225,0
DA:228,0
DA:229,0
DA:232,0
DA:233,0
DA:236,0
DA:237,0
DA:240,0
DA:241,0
DA:244,0
DA:252,0
DA:253,0
DA:256,0
DA:257,0
DA:261,0
DA:262,0
DA:265,0
DA:266,0
DA:270,0
DA:271,0
DA:275,0
DA:276,0
DA:280,0
DA:290,0
DA:291,0
DA:299,1
DA:301,1
DA:302,0
DA:305,1
DA:306,1
DA:309,1
DA:310,1
DA:311,1
DA:314,1
DA:315,3
DA:316,1
DA:321,1
DA:322,0
DA:323,0
DA:324,0
DA:325,0
DA:328,0
DA:331,1
DA:334,0
DA:341,0
DA:342,0
DA:346,1
LF:89
LH:24
BRDA:11,0,0,0
BRDA:11,1,0,0
BRDA:11,2,0,1
BRDA:18,3,0,1
BRDA:18,3,1,0
BRDA:23,4,0,0
BRDA:23,4,1,1
BRDA:23,5,0,1
BRDA:23,5,1,0
BRDA:23,5,2,0
BRDA:34,6,0,0
BRDA:34,7,0,0
BRDA:34,8,0,1
BRDA:42,9,0,1
BRDA:42,9,1,1
BRDA:47,10,0,0
BRDA:47,10,1,2
BRDA:48,11,0,0
BRDA:48,11,1,0
BRDA:57,12,0,0
BRDA:57,13,0,0
BRDA:58,14,0,0
BRDA:58,14,1,0
BRDA:68,15,0,0
BRDA:70,16,0,0
BRDA:70,16,1,1
BRDA:77,17,0,0
BRDA:84,18,0,0
BRDA:91,19,0,0
BRDA:91,20,0,0
BRDA:92,21,0,0
BRDA:92,21,1,0
BRDA:99,22,0,0
BRDA:106,23,0,0
BRDA:120,24,0,0
BRDA:142,25,0,0
BRDA:142,26,0,0
BRDA:150,27,0,0
BRDA:150,27,1,0
BRDA:160,28,0,0
BRDA:167,29,0,0
BRDA:167,29,1,0
BRDA:174,30,0,0
BRDA:174,31,0,0
BRDA:181,32,0,0
BRDA:188,33,0,0
BRDA:192,34,0,0
BRDA:192,34,1,0
BRDA:197,35,0,0
BRDA:197,35,1,0
BRDA:204,36,0,0
BRDA:214,37,0,0
BRDA:218,38,0,0
BRDA:218,38,1,0
BRDA:218,39,0,0
BRDA:218,39,1,0
BRDA:228,40,0,0
BRDA:228,40,1,0
BRDA:232,41,0,0
BRDA:232,41,1,0
BRDA:232,42,0,0
BRDA:232,42,1,0
BRDA:236,43,0,0
BRDA:236,43,1,0
BRDA:236,44,0,0
BRDA:236,44,1,0
BRDA:240,45,0,0
BRDA:240,45,1,0
BRDA:240,46,0,0
BRDA:240,46,1,0
BRDA:244,47,0,0
BRDA:244,47,1,0
BRDA:256,48,0,0
BRDA:256,48,1,0
BRDA:261,49,0,0
BRDA:261,49,1,0
BRDA:265,50,0,0
BRDA:265,50,1,0
BRDA:270,51,0,0
BRDA:270,51,1,0
BRDA:275,52,0,0
BRDA:275,52,1,0
BRDA:281,53,0,0
BRDA:281,53,1,0
BRDA:298,54,0,1
BRDA:299,55,0,0
BRDA:299,55,1,1
BRDA:301,56,0,0
BRDA:301,56,1,1
BRDA:305,57,0,1
BRDA:305,57,1,0
BRDA:315,58,0,1
BRDA:315,58,1,2
BRDA:321,59,0,0
BRDA:321,59,1,1
BRDA:321,60,0,1
BRDA:321,60,1,0
BRDA:324,61,0,0
BRDA:324,61,1,0
BRDA:340,62,0,0
BRDA:340,63,0,0
BRF:101
BRH:17
end_of_record
TN:
SF:src/services/validationService.js
FN:11,(anonymous_0)
FN:38,(anonymous_1)
FN:78,(anonymous_2)
FN:130,(anonymous_3)
FN:159,(anonymous_4)
FN:191,(anonymous_5)
FN:246,(anonymous_6)
FN:292,(anonymous_7)
FN:325,(anonymous_8)
FN:354,(anonymous_9)
FN:393,(anonymous_10)
FN:442,(anonymous_11)
FN:443,(anonymous_12)
FNF:13
FNH:7
FNDA:5,(anonymous_0)
FNDA:0,(anonymous_1)
FNDA:1,(anonymous_2)
FNDA:4,(anonymous_3)
FNDA:5,(anonymous_4)
FNDA:0,(anonymous_5)
FNDA:3,(anonymous_6)
FNDA:0,(anonymous_7)
FNDA:4,(anonymous_8)
FNDA:3,(anonymous_9)
FNDA:0,(anonymous_10)
FNDA:0,(anonymous_11)
FNDA:0,(anonymous_12)
DA:12,5
DA:14,5
DA:15,2
DA:16,2
DA:19,3
DA:20,3
DA:21,0
DA:24,3
DA:25,0
DA:28,3
DA:44,0
DA:46,0
DA:48,0
DA:49,0
DA:50,0
DA:53,0
DA:54,0
DA:57,0
DA:58,0
DA:61,0
DA:62,0
DA:65,0
DA:66,0
DA:69,0
DA:79,1
DA:81,1
DA:82,0
DA:83,0
DA:87,1
DA:89,1
DA:90,0
DA:91,0
DA:95,1
DA:96,0
DA:97,0
DA:101,1
DA:102,1
DA:103,9
DA:105,1
DA:106,1
DA:108,1
DA:109,1
DA:110,10
DA:112,1
DA:113,1
DA:115,1
DA:116,0
DA:119,1
DA:131,4
DA:133,4
DA:134,1
DA:135,1
DA:138,3
DA:140,3
DA:141,1
DA:144,3
DA:145,0
DA:148,3
DA:160,5
DA:162,5
DA:163,0
DA:164,0
DA:167,5
DA:169,5
DA:170,2
DA:174,5
DA:175,0
DA:178,5
DA:197,0
DA:199,0
DA:201,0
DA:202,0
DA:203,0
DA:205,0
DA:208,0
DA:210,0
DA:211,0
DA:212,0
DA:215,0
DA:216,0
DA:217,0
DA:219,0
DA:220,0
DA:224,0
DA:225,0
DA:227,0
DA:228,0
DA:231,0
DA:232,0
DA:236,0
DA:252,3
DA:254,3
DA:256,3
DA:257,2
DA:258,2
DA:260,2
DA:263,1
DA:265,1
DA:266,0
DA:269,1
DA:270,0
DA:273,1
DA:274,0
DA:278,1
DA:279,1
DA:282,1
DA:297,0
DA:299,0
DA:301,0
DA:302,0
DA:303,0
DA:305,0
DA:308,0
DA:309,0
DA:312,0
DA:313,0
DA:316,0
DA:330,4
DA:332,4
DA:334,1
DA:336,1
DA:337,1
DA:340,1
DA:341,0
DA:344,1
DA:345,0
DA:348,1
DA:355,3
DA:358,3
DA:359,3
DA:360,3
DA:364,3
DA:365,3
DA:366,2
DA:370,3
DA:371,2
DA:372,2
DA:373,1
DA:377,3
DA:394,0
DA:397,0
DA:398,0
DA:399,0
DA:403,0
DA:404,0
DA:405,0
DA:409,0
DA:414,0
DA:415,0
DA:419,0
DA:420,0
DA:421,0
DA:422,0
DA:426,0
DA:443,0
DA:444,0
DA:446,0
DA:447,0
DA:449,0
DA:450,0
DA:451,0
DA:454,0
DA:455,0
DA:457,0
DA:458,0
DA:459,0
DA:461,0
DA:463,0
DA:466,0
DA:467,0
DA:468,0
DA:470,0
DA:472,0
DA:479,0
DA:480,0
DA:487,0
DA:492,1
LF:177
LH:75
BRDA:14,0,0,2
BRDA:14,0,1,3
BRDA:20,1,0,0
BRDA:20,1,1,3
BRDA:24,2,0,0
BRDA:24,2,1,3
BRDA:38,3,0,0
BRDA:40,4,0,0
BRDA:41,5,0,0
BRDA:42,6,0,0
BRDA:43,7,0,0
BRDA:48,8,0,0
BRDA:48,8,1,0
BRDA:53,9,0,0
BRDA:53,9,1,0
BRDA:57,10,0,0
BRDA:57,10,1,0
BRDA:57,11,0,0
BRDA:57,11,1,0
BRDA:61,12,0,0
BRDA:61,12,1,0
BRDA:61,13,0,0
BRDA:61,13,1,0
BRDA:65,14,0,0
BRDA:65,14,1,0
BRDA:65,15,0,0
BRDA:65,15,1,0
BRDA:81,16,0,0
BRDA:81,16,1,1
BRDA:89,17,0,0
BRDA:89,17,1,1
BRDA:95,18,0,0
BRDA:95,18,1,1
BRDA:106,19,0,1
BRDA:106,19,1,0
BRDA:113,20,0,0
BRDA:113,20,1,1
BRDA:115,21,0,0
BRDA:115,21,1,1
BRDA:115,22,0,1
BRDA:115,22,1,1
BRDA:130,23,0,4
BRDA:133,24,0,1
BRDA:133,24,1,3
BRDA:140,25,0,1
BRDA:140,25,1,2
BRDA:140,26,0,3
BRDA:140,26,1,2
BRDA:144,27,0,0
BRDA:144,27,1,3
BRDA:144,28,0,3
BRDA:144,28,1,0
BRDA:152,29,0,0
BRDA:152,29,1,3
BRDA:162,30,0,0
BRDA:162,30,1,5
BRDA:169,31,0,2
BRDA:169,31,1,3
BRDA:169,32,0,5
BRDA:169,32,1,3
BRDA:174,33,0,0
BRDA:174,33,1,5
BRDA:174,34,0,5
BRDA:174,34,1,3
BRDA:182,35,0,3
BRDA:182,35,1,2
BRDA:191,36,0,0
BRDA:193,37,0,0
BRDA:194,38,0,0
BRDA:195,39,0,0
BRDA:196,40,0,0
BRDA:201,41,0,0
BRDA:201,41,1,0
BRDA:202,42,0,0
BRDA:202,42,1,0
BRDA:210,43,0,0
BRDA:210,43,1,0
BRDA:219,44,0,0
BRDA:219,44,1,0
BRDA:219,45,0,0
BRDA:219,45,1,0
BRDA:224,46,0,0
BRDA:224,46,1,0
BRDA:224,47,0,0
BRDA:224,47,1,0
BRDA:227,48,0,0
BRDA:227,48,1,0
BRDA:227,49,0,0
BRDA:227,49,1,0
BRDA:231,50,0,0
BRDA:231,50,1,0
BRDA:231,51,0,0
BRDA:231,51,1,0
BRDA:246,52,0,0
BRDA:248,53,0,3
BRDA:249,54,0,3
BRDA:250,55,0,0
BRDA:251,56,0,3
BRDA:256,57,0,2
BRDA:256,57,1,1
BRDA:257,58,0,2
BRDA:257,58,1,0
BRDA:265,59,0,0
BRDA:265,59,1,1
BRDA:269,60,0,0
BRDA:269,60,1,1
BRDA:273,61,0,0
BRDA:273,61,1,1
BRDA:273,62,0,1
BRDA:273,62,1,1
BRDA:278,63,0,1
BRDA:278,63,1,0
BRDA:292,64,0,0
BRDA:294,65,0,0
BRDA:295,66,0,0
BRDA:296,67,0,0
BRDA:301,68,0,0
BRDA:301,68,1,0
BRDA:302,69,0,0
BRDA:302,69,1,0
BRDA:308,70,0,0
BRDA:308,70,1,0
BRDA:312,71,0,0
BRDA:312,71,1,0
BRDA:325,72,0,1
BRDA:327,73,0,1
BRDA:328,74,0,4
BRDA:329,75,0,4
BRDA:332,76,0,3
BRDA:332,76,1,1
BRDA:336,77,0,1
BRDA:336,77,1,0
BRDA:340,78,0,0
BRDA:340,78,1,1
BRDA:344,79,0,0
BRDA:344,79,1,1
BRDA:344,80,0,1
BRDA:344,80,1,0
BRDA:359,81,0,3
BRDA:359,81,1,0
BRDA:365,82,0,2
BRDA:365,82,1,1
BRDA:370,83,0,2
BRDA:370,83,1,1
BRDA:372,84,0,1
BRDA:372,84,1,1
BRDA:381,85,0,3
BRDA:381,85,1,2
BRDA:382,86,0,3
BRDA:382,86,1,2
BRDA:384,87,0,2
BRDA:384,87,1,1
BRDA:398,88,0,0
BRDA:398,88,1,0
BRDA:404,89,0,0
BRDA:404,89,1,0
BRDA:414,90,0,0
BRDA:414,90,1,0
BRDA:419,91,0,0
BRDA:419,91,1,0
BRDA:421,92,0,0
BRDA:421,92,1,0
BRDA:430,93,0,0
BRDA:430,93,1,0
BRDA:431,94,0,0
BRDA:431,94,1,0
BRDA:432,95,0,0
BRDA:432,95,1,0
BRDA:433,96,0,0
BRDA:433,96,1,0
BRDA:449,97,0,0
BRDA:449,97,1,0
BRDA:449,98,0,0
BRDA:449,98,1,0
BRDA:454,99,0,0
BRDA:454,99,1,0
BRDA:455,100,0,0
BRDA:455,100,1,0
BRDA:458,101,0,0
BRDA:458,101,1,0
BRDA:467,102,0,0
BRDA:467,102,1,0
BRDA:479,103,0,0
BRDA:479,103,1,0
BRF:184
BRH:67
end_of_record
TN:
SF:src/utils/healthMonitor.js
FN:4,(anonymous_0)
FN:16,(anonymous_1)
FN:18,(anonymous_2)
FN:21,(anonymous_3)
FN:25,(anonymous_4)
FN:31,(anonymous_5)
FN:34,(anonymous_6)
FN:42,(anonymous_7)
FN:47,(anonymous_8)
FN:54,(anonymous_9)
FN:96,(anonymous_10)
FNF:11
FNH:0
FNDA:0,(anonymous_0)
FNDA:0,(anonymous_1)
FNDA:0,(anonymous_2)
FNDA:0,(anonymous_3)
FNDA:0,(anonymous_4)
FNDA:0,(anonymous_5)
FNDA:0,(anonymous_6)
FNDA:0,(anonymous_7)
FNDA:0,(anonymous_8)
FNDA:0,(anonymous_9)
FNDA:0,(anonymous_10)
DA:1,0
DA:5,0
DA:6,0
DA:7,0
DA:8,0
DA:9,0
DA:10,0
DA:11,0
DA:13,0
DA:18,0
DA:19,0
DA:21,0
DA:22,0
DA:25,0
DA:26,0
DA:31,0
DA:32,0
DA:34,0
DA:35,0
DA:36,0
DA:42,0
DA:43,0
DA:47,0
DA:48,0
DA:49,0
DA:55,0
DA:56,0
DA:57,0
DA:59,0
DA:75,0
DA:80,0
DA:81,0
DA:82,0
DA:83,0
DA:84,0
DA:85,0
DA:88,0
DA:91,0
DA:92,0
DA:97,0
DA:110,0
LF:41
LH:0
BRDA:35,0,0,0
BRDA:35,0,1,0
BRDA:48,1,0,0
BRDA:48,1,1,0
BRDA:65,2,0,0
BRDA:65,2,1,0
BRDA:75,3,0,0
BRDA:75,3,1,0
BRDA:75,3,2,0
BRDA:80,4,0,0
BRDA:80,4,1,0
BRDA:80,5,0,0
BRDA:80,5,1,0
BRDA:83,6,0,0
BRDA:83,6,1,0
BRDA:83,7,0,0
BRDA:83,7,1,0
BRDA:91,8,0,0
BRDA:91,8,1,0
BRDA:91,9,0,0
BRDA:91,9,1,0
BRDA:103,10,0,0
BRDA:103,10,1,0
BRF:23
BRH:0
end_of_record
TN:
SF:src/utils/logger.js
FN:26,(anonymous_0)
FN:53,(anonymous_1)
FN:76,(anonymous_2)
FNF:3
FNH:0
FNDA:0,(anonymous_0)
FNDA:0,(anonymous_1)
FNDA:0,(anonymous_2)
DA:1,0
DA:2,0
DA:5,0
DA:19,0
DA:21,0
DA:27,0
DA:34,0
DA:49,0
DA:52,0
DA:54,0
DA:59,0
DA:76,0
DA:77,0
DA:88,0
LF:14
LH:0
BRDA:6,0,0,0
BRDA:6,0,1,0
BRDA:19,1,0,0
BRDA:19,1,1,0
BRDA:27,2,0,0
BRDA:27,2,1,0
BRDA:76,3,0,0
BRDA:83,4,0,0
BRDA:83,4,1,0
BRDA:84,5,0,0
BRDA:84,5,1,0
BRF:11
BRH:0
end_of_record
TN:
SF:src/utils/validators.js
FN:13,validateCPF
FN:49,validateCNPJ
FN:85,validateEmail
FN:96,validatePhone
FN:114,validateCEP
FN:126,validateCRM
FN:148,hashPassword
FN:162,verifyPassword
FN:173,validateCOREN
FN:195,validateBirthDate
FN:221,validateMinAge
FN:236,sanitizeString
FN:246,formatCPF
FN:257,formatCNPJ
FN:268,formatPhone
FN:288,formatCEP
FN:299,validatePatientData
FN:349,validateDoctorData
FNF:18
FNH:0
FNDA:0,validateCPF
FNDA:0,validateCNPJ
FNDA:0,validateEmail
FNDA:0,validatePhone
FNDA:0,validateCEP
FNDA:0,validateCRM
FNDA:0,hashPassword
FNDA:0,verifyPassword
FNDA:0,validateCOREN
FNDA:0,validateBirthDate
FNDA:0,validateMinAge
FNDA:0,sanitizeString
FNDA:0,formatCPF
FNDA:0,formatCNPJ
FNDA:0,formatPhone
FNDA:0,formatCEP
FNDA:0,validatePatientData
FNDA:0,validateDoctorData
DA:14,0
DA:17,0
DA:20,0
DA:23,0
DA:26,0
DA:27,0
DA:28,0
DA:30,0
DA:32,0
DA:35,0
DA:36,0
DA:37,0
DA:39,0
DA:41,0
DA:50,0
DA:52,0
DA:54,0
DA:55,0
DA:58,0
DA:59,0
DA:60,0
DA:61,0
DA:62,0
DA:64,0
DA:66,0
DA:69,0
DA:70,0
DA:71,0
DA:72,0
DA:73,0
DA:75,0
DA:77,0
DA:86,0
DA:87,0
DA:88,0
DA:97,0
DA:100,0
DA:106,0
DA:115,0
DA:116,0
DA:117,0
DA:127,0
DA:130,0
DA:131,0
DA:134,0
DA:140,0
DA:149,0
DA:151,0
DA:152,0
DA:153,0
DA:163,0
DA:164,0
DA:174,0
DA:177,0
DA:178,0
DA:181,0
DA:187,0
DA:196,0
DA:198,0
DA:199,0
DA:202,0
DA:205,0
DA:208,0
DA:209,0
DA:210,0
DA:212,0
DA:222,0
DA:224,0
DA:225,0
DA:226,0
DA:228,0
DA:237,0
DA:238,0
DA:247,0
DA:248,0
DA:249,0
DA:258,0
DA:259,0
DA:260,0
DA:269,0
DA:270,0
DA:272,0
DA:273,0
DA:274,0
DA:275,0
DA:276,0
DA:277,0
DA:280,0
DA:289,0
DA:290,0
DA:291,0
DA:300,0
DA:303,0
DA:304,0
DA:308,0
DA:309,0
DA:310,0
DA:311,0
DA:315,0
DA:316,0
DA:317,0
DA:318,0
DA:322,0
DA:323,0
DA:324,0
DA:325,0
DA:329,0
DA:330,0
DA:334,0
DA:335,0
DA:338,0
DA:350,0
DA:353,0
DA:354,0
DA:358,0
DA:359,0
DA:360,0
DA:361,0
DA:365,0
DA:366,0
DA:367,0
DA:368,0
DA:372,0
DA:373,0
DA:377,0
DA:378,0
DA:379,0
DA:380,0
DA:384,0
DA:385,0
DA:389,0
DA:390,0
DA:394,0
DA:395,0
DA:399,0
DA:400,0
DA:403,0
DA:409,0
LF:138
LH:0
BRDA:14,0,0,0
BRDA:14,0,1,0
BRDA:20,1,0,0
BRDA:20,1,1,0
BRDA:23,2,0,0
BRDA:23,2,1,0
BRDA:32,3,0,0
BRDA:32,3,1,0
BRDA:50,4,0,0
BRDA:50,4,1,0
BRDA:54,5,0,0
BRDA:54,5,1,0
BRDA:55,6,0,0
BRDA:55,6,1,0
BRDA:62,7,0,0
BRDA:62,7,1,0
BRDA:64,8,0,0
BRDA:64,8,1,0
BRDA:66,9,0,0
BRDA:66,9,1,0
BRDA:73,10,0,0
BRDA:73,10,1,0
BRDA:75,11,0,0
BRDA:75,11,1,0
BRDA:86,12,0,0
BRDA:86,12,1,0
BRDA:97,13,0,0
BRDA:97,13,1,0
BRDA:115,14,0,0
BRDA:115,14,1,0
BRDA:127,15,0,0
BRDA:127,15,1,0
BRDA:127,16,0,0
BRDA:127,16,1,0
BRDA:131,17,0,0
BRDA:131,17,1,0
BRDA:149,18,0,0
BRDA:149,18,1,0
BRDA:174,19,0,0
BRDA:174,19,1,0
BRDA:174,20,0,0
BRDA:174,20,1,0
BRDA:178,21,0,0
BRDA:178,21,1,0
BRDA:196,22,0,0
BRDA:196,22,1,0
BRDA:202,23,0,0
BRDA:202,23,1,0
BRDA:205,24,0,0
BRDA:205,24,1,0
BRDA:210,25,0,0
BRDA:210,25,1,0
BRDA:221,26,0,0
BRDA:222,27,0,0
BRDA:222,27,1,0
BRDA:237,28,0,0
BRDA:237,28,1,0
BRDA:247,29,0,0
BRDA:247,29,1,0
BRDA:258,30,0,0
BRDA:258,30,1,0
BRDA:269,31,0,0
BRDA:269,31,1,0
BRDA:272,32,0,0
BRDA:272,32,1,0
BRDA:274,33,0,0
BRDA:274,33,1,0
BRDA:276,34,0,0
BRDA:276,34,1,0
BRDA:289,35,0,0
BRDA:289,35,1,0
BRDA:303,36,0,0
BRDA:303,36,1,0
BRDA:303,37,0,0
BRDA:303,37,1,0
BRDA:308,38,0,0
BRDA:308,38,1,0
BRDA:310,39,0,0
BRDA:310,39,1,0
BRDA:315,40,0,0
BRDA:315,40,1,0
BRDA:317,41,0,0
BRDA:317,41,1,0
BRDA:322,42,0,0
BRDA:322,42,1,0
BRDA:324,43,0,0
BRDA:324,43,1,0
BRDA:329,44,0,0
BRDA:329,44,1,0
BRDA:329,45,0,0
BRDA:329,45,1,0
BRDA:334,46,0,0
BRDA:334,46,1,0
BRDA:334,47,0,0
BRDA:334,47,1,0
BRDA:353,48,0,0
BRDA:353,48,1,0
BRDA:353,49,0,0
BRDA:353,49,1,0
BRDA:358,50,0,0
BRDA:358,50,1,0
BRDA:360,51,0,0
BRDA:360,51,1,0
BRDA:365,52,0,0
BRDA:365,52,1,0
BRDA:367,53,0,0
BRDA:367,53,1,0
BRDA:372,54,0,0
BRDA:372,54,1,0
BRDA:372,55,0,0
BRDA:372,55,1,0
BRDA:377,56,0,0
BRDA:377,56,1,0
BRDA:379,57,0,0
BRDA:379,57,1,0
BRDA:384,58,0,0
BRDA:384,58,1,0
BRDA:384,59,0,0
BRDA:384,59,1,0
BRDA:389,60,0,0
BRDA:389,60,1,0
BRDA:389,61,0,0
BRDA:389,61,1,0
BRDA:394,62,0,0
BRDA:394,62,1,0
BRDA:394,63,0,0
BRDA:394,63,1,0
BRDA:399,64,0,0
BRDA:399,64,1,0
BRDA:399,65,0,0
BRDA:399,65,1,0
BRF:131
BRH:0
end_of_record
