TN:
SF:src/demo-fase2.js
FNF:0
FNH:0
DA:6,0
DA:9,0
DA:10,0
DA:11,0
DA:12,0
DA:14,0
DA:15,0
DA:17,0
DA:18,0
DA:20,0
DA:21,0
DA:23,0
DA:24,0
DA:27,0
DA:28,0
DA:32,0
DA:34,0
DA:36,0
DA:37,0
DA:38,0
DA:40,0
DA:41,0
DA:43,0
DA:44,0
DA:47,0
DA:48,0
DA:49,0
DA:50,0
DA:53,0
DA:54,0
DA:57,0
DA:58,0
DA:59,0
DA:61,0
DA:62,0
DA:64,0
DA:65,0
DA:68,0
DA:69,0
DA:70,0
DA:71,0
DA:73,0
DA:74,0
DA:75,0
DA:76,0
DA:77,0
DA:78,0
DA:79,0
DA:80,0
DA:83,0
DA:84,0
LF:51
LH:0
BRF:0
BRH:0
end_of_record
TN:
SF:src/demo-server.js
FN:158,(anonymous_0)
FN:170,(anonymous_1)
FN:179,(anonymous_2)
FN:180,(anonymous_3)
FN:196,(anonymous_4)
FN:216,(anonymous_5)
FN:225,(anonymous_6)
FN:226,(anonymous_7)
FN:242,(anonymous_8)
FN:262,(anonymous_9)
FN:277,(anonymous_10)
FN:278,(anonymous_11)
FN:288,(anonymous_12)
FN:293,(anonymous_13)
FN:310,(anonymous_14)
FN:315,(anonymous_15)
FN:332,(anonymous_16)
FN:362,(anonymous_17)
FN:367,(anonymous_18)
FN:372,(anonymous_19)
FN:382,(anonymous_20)
FN:392,(anonymous_21)
FNF:22
FNH:0
FNDA:0,(anonymous_0)
FNDA:0,(anonymous_1)
FNDA:0,(anonymous_2)
FNDA:0,(anonymous_3)
FNDA:0,(anonymous_4)
FNDA:0,(anonymous_5)
FNDA:0,(anonymous_6)
FNDA:0,(anonymous_7)
FNDA:0,(anonymous_8)
FNDA:0,(anonymous_9)
FNDA:0,(anonymous_10)
FNDA:0,(anonymous_11)
FNDA:0,(anonymous_12)
FNDA:0,(anonymous_13)
FNDA:0,(anonymous_14)
FNDA:0,(anonymous_15)
FNDA:0,(anonymous_16)
FNDA:0,(anonymous_17)
FNDA:0,(anonymous_18)
FNDA:0,(anonymous_19)
FNDA:0,(anonymous_20)
FNDA:0,(anonymous_21)
DA:6,0
DA:7,0
DA:8,0
DA:10,0
DA:11,0
DA:14,0
DA:19,0
DA:20,0
DA:23,0
DA:26,0
DA:89,0
DA:130,0
DA:158,0
DA:159,0
DA:170,0
DA:171,0
DA:179,0
DA:180,0
DA:181,0
DA:182,0
DA:188,0
DA:196,0
DA:197,0
DA:205,0
DA:207,0
DA:216,0
DA:217,0
DA:225,0
DA:226,0
DA:227,0
DA:228,0
DA:234,0
DA:242,0
DA:243,0
DA:251,0
DA:253,0
DA:262,0
DA:263,0
DA:277,0
DA:278,0
DA:279,0
DA:288,0
DA:289,0
DA:290,0
DA:292,0
DA:293,0
DA:294,0
DA:300,0
DA:310,0
DA:311,0
DA:312,0
DA:314,0
DA:315,0
DA:316,0
DA:322,0
DA:332,0
DA:333,0
DA:336,0
DA:337,0
DA:353,0
DA:362,0
DA:363,0
DA:367,0
DA:368,0
DA:372,0
DA:373,0
DA:374,0
DA:382,0
DA:383,0
DA:392,0
DA:393,0
DA:394,0
DA:395,0
DA:396,0
DA:397,0
DA:398,0
DA:399,0
DA:400,0
DA:401,0
DA:402,0
DA:403,0
DA:404,0
DA:405,0
DA:406,0
DA:409,0
LF:85
LH:0
BRDA:181,0,0,0
BRDA:181,0,1,0
BRDA:227,1,0,0
BRDA:227,1,1,0
BRDA:292,2,0,0
BRDA:292,2,1,0
BRDA:294,3,0,0
BRDA:294,3,1,0
BRDA:294,3,2,0
BRDA:314,4,0,0
BRDA:314,4,1,0
BRDA:316,5,0,0
BRDA:316,5,1,0
BRDA:316,5,2,0
BRDA:336,6,0,0
BRDA:336,6,1,0
BRDA:336,7,0,0
BRDA:336,7,1,0
BRF:18
BRH:0
end_of_record
TN:
SF:src/server-linux-stable.js
FN:28,(anonymous_0)
FN:167,(anonymous_1)
FN:181,(anonymous_2)
FN:187,(anonymous_3)
FN:214,calcularEstatisticasReais
FN:216,(anonymous_5)
FN:218,(anonymous_6)
FN:225,(anonymous_7)
FN:231,(anonymous_8)
FN:274,(anonymous_9)
FN:300,(anonymous_10)
FN:319,(anonymous_11)
FN:326,(anonymous_12)
FN:334,(anonymous_13)
FN:338,(anonymous_14)
FN:359,(anonymous_15)
FN:371,(anonymous_16)
FN:385,(anonymous_17)
FN:387,(anonymous_18)
FN:404,(anonymous_19)
FN:416,(anonymous_20)
FN:425,(anonymous_21)
FN:446,(anonymous_22)
FN:450,(anonymous_23)
FN:461,(anonymous_24)
FN:491,(anonymous_25)
FN:493,(anonymous_26)
FN:516,(anonymous_27)
FN:523,(anonymous_28)
FN:548,(anonymous_29)
FN:560,(anonymous_30)
FN:574,(anonymous_31)
FN:576,(anonymous_32)
FN:597,(anonymous_33)
FN:606,(anonymous_34)
FN:616,(anonymous_35)
FN:628,(anonymous_36)
FN:663,(anonymous_37)
FN:728,(anonymous_38)
FN:747,(anonymous_39)
FN:757,(anonymous_40)
FN:763,(anonymous_41)
FN:773,(anonymous_42)
FN:774,(anonymous_43)
FN:777,(anonymous_44)
FN:783,(anonymous_45)
FN:790,startServer
FN:792,(anonymous_47)
FN:819,(anonymous_48)
FNF:49
FNH:0
FNDA:0,(anonymous_0)
FNDA:0,(anonymous_1)
FNDA:0,(anonymous_2)
FNDA:0,(anonymous_3)
FNDA:0,calcularEstatisticasReais
FNDA:0,(anonymous_5)
FNDA:0,(anonymous_6)
FNDA:0,(anonymous_7)
FNDA:0,(anonymous_8)
FNDA:0,(anonymous_9)
FNDA:0,(anonymous_10)
FNDA:0,(anonymous_11)
FNDA:0,(anonymous_12)
FNDA:0,(anonymous_13)
FNDA:0,(anonymous_14)
FNDA:0,(anonymous_15)
FNDA:0,(anonymous_16)
FNDA:0,(anonymous_17)
FNDA:0,(anonymous_18)
FNDA:0,(anonymous_19)
FNDA:0,(anonymous_20)
FNDA:0,(anonymous_21)
FNDA:0,(anonymous_22)
FNDA:0,(anonymous_23)
FNDA:0,(anonymous_24)
FNDA:0,(anonymous_25)
FNDA:0,(anonymous_26)
FNDA:0,(anonymous_27)
FNDA:0,(anonymous_28)
FNDA:0,(anonymous_29)
FNDA:0,(anonymous_30)
FNDA:0,(anonymous_31)
FNDA:0,(anonymous_32)
FNDA:0,(anonymous_33)
FNDA:0,(anonymous_34)
FNDA:0,(anonymous_35)
FNDA:0,(anonymous_36)
FNDA:0,(anonymous_37)
FNDA:0,(anonymous_38)
FNDA:0,(anonymous_39)
FNDA:0,(anonymous_40)
FNDA:0,(anonymous_41)
FNDA:0,(anonymous_42)
FNDA:0,(anonymous_43)
FNDA:0,(anonymous_44)
FNDA:0,(anonymous_45)
FNDA:0,startServer
FNDA:0,(anonymous_47)
FNDA:0,(anonymous_48)
DA:8,0
DA:9,0
DA:10,0
DA:11,0
DA:17,0
DA:28,0
DA:29,0
DA:30,0
DA:31,0
DA:38,0
DA:160,0
DA:163,0
DA:164,0
DA:167,0
DA:168,0
DA:169,0
DA:170,0
DA:172,0
DA:173,0
DA:174,0
DA:177,0
DA:181,0
DA:182,0
DA:183,0
DA:187,0
DA:188,0
DA:189,0
DA:190,0
DA:195,0
DA:200,0
DA:205,0
DA:215,0
DA:216,0
DA:217,0
DA:218,0
DA:221,0
DA:222,0
DA:223,0
DA:225,0
DA:226,0
DA:227,0
DA:231,0
DA:233,0
DA:274,0
DA:275,0
DA:292,0
DA:300,0
DA:301,0
DA:319,0
DA:320,0
DA:321,0
DA:324,0
DA:325,0
DA:326,0
DA:327,0
DA:333,0
DA:334,0
DA:337,0
DA:338,0
DA:342,0
DA:343,0
DA:345,0
DA:359,0
DA:360,0
DA:362,0
DA:363,0
DA:370,0
DA:371,0
DA:372,0
DA:377,0
DA:385,0
DA:386,0
DA:387,0
DA:389,0
DA:390,0
DA:396,0
DA:404,0
DA:405,0
DA:408,0
DA:409,0
DA:416,0
DA:417,0
DA:418,0
DA:424,0
DA:425,0
DA:436,0
DA:438,0
DA:446,0
DA:447,0
DA:448,0
DA:450,0
DA:452,0
DA:453,0
DA:460,0
DA:461,0
DA:462,0
DA:463,0
DA:471,0
DA:483,0
DA:491,0
DA:492,0
DA:493,0
DA:495,0
DA:496,0
DA:502,0
DA:504,0
DA:516,0
DA:517,0
DA:518,0
DA:521,0
DA:522,0
DA:523,0
DA:524,0
DA:531,0
DA:532,0
DA:534,0
DA:548,0
DA:549,0
DA:551,0
DA:552,0
DA:559,0
DA:560,0
DA:561,0
DA:566,0
DA:574,0
DA:575,0
DA:576,0
DA:578,0
DA:579,0
DA:585,0
DA:597,0
DA:598,0
DA:599,0
DA:606,0
DA:607,0
DA:608,0
DA:616,0
DA:617,0
DA:628,0
DA:629,0
DA:631,0
DA:632,0
DA:633,0
DA:634,0
DA:636,0
DA:637,0
DA:643,0
DA:650,0
DA:651,0
DA:663,0
DA:664,0
DA:665,0
DA:672,0
DA:673,0
DA:674,0
DA:676,0
DA:728,0
DA:729,0
DA:730,0
DA:732,0
DA:745,0
DA:747,0
DA:748,0
DA:749,0
DA:750,0
DA:753,0
DA:754,0
DA:756,0
DA:757,0
DA:758,0
DA:759,0
DA:763,0
DA:764,0
DA:765,0
DA:768,0
DA:773,0
DA:774,0
DA:777,0
DA:778,0
DA:779,0
DA:780,0
DA:783,0
DA:784,0
DA:785,0
DA:786,0
DA:791,0
DA:792,0
DA:793,0
DA:794,0
DA:795,0
DA:796,0
DA:797,0
DA:798,0
DA:799,0
DA:800,0
DA:801,0
DA:802,0
DA:803,0
DA:804,0
DA:805,0
DA:806,0
DA:807,0
DA:808,0
DA:809,0
DA:810,0
DA:814,0
DA:815,0
DA:816,0
DA:819,0
DA:820,0
DA:821,0
DA:822,0
DA:824,0
DA:825,0
DA:829,0
DA:832,0
DA:833,0
DA:838,0
DA:839,0
DA:842,0
LF:220
LH:0
BRDA:18,0,0,0
BRDA:18,0,1,0
BRDA:20,1,0,0
BRDA:20,1,1,0
BRDA:28,2,0,0
BRDA:30,3,0,0
BRDA:30,3,1,0
BRDA:30,4,0,0
BRDA:30,4,1,0
BRDA:30,5,0,0
BRDA:30,5,1,0
BRDA:172,6,0,0
BRDA:172,6,1,0
BRDA:188,7,0,0
BRDA:188,7,1,0
BRDA:236,8,0,0
BRDA:236,8,1,0
BRDA:237,9,0,0
BRDA:237,9,1,0
BRDA:308,10,0,0
BRDA:308,10,1,0
BRDA:320,11,0,0
BRDA:320,12,0,0
BRDA:324,13,0,0
BRDA:324,13,1,0
BRDA:327,14,0,0
BRDA:327,14,1,0
BRDA:327,14,2,0
BRDA:333,15,0,0
BRDA:333,15,1,0
BRDA:337,16,0,0
BRDA:337,16,1,0
BRDA:362,17,0,0
BRDA:362,17,1,0
BRDA:372,18,0,0
BRDA:372,18,1,0
BRDA:372,18,2,0
BRDA:389,19,0,0
BRDA:389,19,1,0
BRDA:408,20,0,0
BRDA:408,20,1,0
BRDA:408,21,0,0
BRDA:408,21,1,0
BRDA:408,21,2,0
BRDA:417,22,0,0
BRDA:417,22,1,0
BRDA:429,23,0,0
BRDA:429,23,1,0
BRDA:430,24,0,0
BRDA:430,24,1,0
BRDA:431,25,0,0
BRDA:431,25,1,0
BRDA:452,26,0,0
BRDA:452,26,1,0
BRDA:460,27,0,0
BRDA:460,27,1,0
BRDA:461,28,0,0
BRDA:461,28,1,0
BRDA:462,29,0,0
BRDA:462,29,1,0
BRDA:473,30,0,0
BRDA:473,30,1,0
BRDA:474,31,0,0
BRDA:474,31,1,0
BRDA:475,32,0,0
BRDA:475,32,1,0
BRDA:476,33,0,0
BRDA:476,33,1,0
BRDA:477,34,0,0
BRDA:477,34,1,0
BRDA:478,35,0,0
BRDA:478,35,1,0
BRDA:479,36,0,0
BRDA:479,36,1,0
BRDA:495,37,0,0
BRDA:495,37,1,0
BRDA:517,38,0,0
BRDA:517,39,0,0
BRDA:521,40,0,0
BRDA:521,40,1,0
BRDA:524,41,0,0
BRDA:524,41,1,0
BRDA:524,41,2,0
BRDA:551,42,0,0
BRDA:551,42,1,0
BRDA:561,43,0,0
BRDA:561,43,1,0
BRDA:561,43,2,0
BRDA:578,44,0,0
BRDA:578,44,1,0
BRDA:636,45,0,0
BRDA:636,45,1,0
BRDA:664,46,0,0
BRDA:664,46,1,0
BRDA:673,47,0,0
BRDA:673,47,1,0
BRDA:734,48,0,0
BRDA:734,48,1,0
BRDA:735,49,0,0
BRDA:735,49,1,0
BRDA:748,50,0,0
BRDA:748,50,1,0
BRDA:756,51,0,0
BRDA:756,51,1,0
BRDA:820,52,0,0
BRDA:820,52,1,0
BRDA:838,53,0,0
BRDA:838,53,1,0
BRF:108
BRH:0
end_of_record
TN:
SF:src/server-prisma.js
FN:11,(anonymous_0)
FN:22,(anonymous_1)
FN:68,(anonymous_2)
FN:74,(anonymous_3)
FN:76,(anonymous_4)
FN:99,(anonymous_5)
FN:138,(anonymous_6)
FN:157,(anonymous_7)
FN:177,(anonymous_8)
FN:192,(anonymous_9)
FN:202,(anonymous_10)
FN:204,(anonymous_11)
FN:242,(anonymous_12)
FN:260,(anonymous_13)
FN:318,(anonymous_14)
FN:325,(anonymous_15)
FN:339,(anonymous_16)
FN:342,(anonymous_17)
FN:356,(anonymous_18)
FN:360,(anonymous_19)
FN:373,(anonymous_20)
FN:379,(anonymous_21)
FN:385,(anonymous_22)
FNF:23
FNH:0
FNDA:0,(anonymous_0)
FNDA:0,(anonymous_1)
FNDA:0,(anonymous_2)
FNDA:0,(anonymous_3)
FNDA:0,(anonymous_4)
FNDA:0,(anonymous_5)
FNDA:0,(anonymous_6)
FNDA:0,(anonymous_7)
FNDA:0,(anonymous_8)
FNDA:0,(anonymous_9)
FNDA:0,(anonymous_10)
FNDA:0,(anonymous_11)
FNDA:0,(anonymous_12)
FNDA:0,(anonymous_13)
FNDA:0,(anonymous_14)
FNDA:0,(anonymous_15)
FNDA:0,(anonymous_16)
FNDA:0,(anonymous_17)
FNDA:0,(anonymous_18)
FNDA:0,(anonymous_19)
FNDA:0,(anonymous_20)
FNDA:0,(anonymous_21)
FNDA:0,(anonymous_22)
DA:1,9
DA:2,9
DA:3,9
DA:4,9
DA:5,9
DA:6,9
DA:7,9
DA:8,9
DA:12,0
DA:13,0
DA:16,0
DA:17,0
DA:18,0
DA:19,0
DA:24,0
DA:36,0
DA:46,0
DA:51,0
DA:54,0
DA:55,0
DA:58,0
DA:61,0
DA:62,0
DA:64,0
DA:68,0
DA:69,0
DA:70,0
DA:76,0
DA:77,0
DA:79,0
DA:81,0
DA:89,0
DA:99,0
DA:100,0
DA:101,0
DA:102,0
DA:103,0
DA:106,0
DA:108,0
DA:125,0
DA:138,0
DA:139,0
DA:140,0
DA:141,0
DA:147,0
DA:156,0
DA:157,0
DA:158,0
DA:159,0
DA:160,0
DA:167,0
DA:177,0
DA:178,0
DA:192,0
DA:193,0
DA:204,0
DA:205,0
DA:208,0
DA:209,0
DA:216,0
DA:217,0
DA:225,0
DA:226,0
DA:230,0
DA:243,0
DA:244,0
DA:250,0
DA:256,0
DA:261,0
DA:270,0
DA:281,0
DA:289,0
DA:297,0
DA:314,0
DA:319,0
DA:321,0
DA:322,0
DA:325,0
DA:326,0
DA:327,0
DA:328,0
DA:329,0
DA:332,0
DA:334,0
DA:335,0
DA:340,0
DA:341,0
DA:342,0
DA:343,0
DA:345,0
DA:348,0
DA:349,0
DA:351,0
DA:352,0
DA:357,0
DA:361,0
DA:366,9
DA:369,9
DA:370,0
DA:371,0
DA:373,0
DA:374,0
DA:375,0
DA:379,0
DA:380,0
DA:381,0
DA:382,0
DA:385,0
DA:386,0
DA:387,0
DA:388,0
LF:111
LH:10
BRDA:14,0,0,0
BRDA:14,0,1,0
BRDA:37,1,0,0
BRDA:37,1,1,0
BRDA:61,2,0,0
BRDA:61,2,1,0
BRDA:86,3,0,0
BRDA:86,3,1,0
BRDA:156,4,0,0
BRDA:156,4,1,0
BRDA:186,5,0,0
BRDA:186,5,1,0
BRDA:208,6,0,0
BRDA:208,6,1,0
BRDA:216,7,0,0
BRDA:216,7,1,0
BRDA:225,8,0,0
BRDA:225,8,1,0
BRDA:225,8,2,0
BRDA:226,9,0,0
BRDA:226,9,1,0
BRDA:234,10,0,0
BRDA:234,10,1,0
BRDA:318,11,0,0
BRDA:341,12,0,0
BRDA:341,12,1,0
BRDA:369,13,0,0
BRDA:369,13,1,9
BRDA:371,14,0,0
BRDA:371,14,1,0
BRF:30
BRH:1
end_of_record
TN:
SF:src/simple-server.js
FN:33,serveStatic
FN:36,(anonymous_1)
FN:65,jsonResponse
FN:80,(anonymous_3)
FN:126,(anonymous_4)
FN:137,(anonymous_5)
FN:167,(anonymous_6)
FN:185,(anonymous_7)
FN:189,(anonymous_8)
FN:191,(anonymous_9)
FN:197,(anonymous_10)
FNF:11
FNH:0
FNDA:0,serveStatic
FNDA:0,(anonymous_1)
FNDA:0,jsonResponse
FNDA:0,(anonymous_3)
FNDA:0,(anonymous_4)
FNDA:0,(anonymous_5)
FNDA:0,(anonymous_6)
FNDA:0,(anonymous_7)
FNDA:0,(anonymous_8)
FNDA:0,(anonymous_9)
FNDA:0,(anonymous_10)
DA:6,0
DA:7,0
DA:8,0
DA:9,0
DA:11,0
DA:14,0
DA:34,0
DA:36,0
DA:37,0
DA:38,0
DA:39,0
DA:40,0
DA:43,0
DA:44,0
DA:46,0
DA:47,0
DA:48,0
DA:49,0
DA:50,0
DA:51,0
DA:54,0
DA:60,0
DA:66,0
DA:72,0
DA:80,0
DA:81,0
DA:82,0
DA:83,0
DA:85,0
DA:88,0
DA:89,0
DA:94,0
DA:95,0
DA:99,0
DA:100,0
DA:106,0
DA:109,0
DA:110,0
DA:111,0
DA:114,0
DA:115,0
DA:116,0
DA:119,0
DA:120,0
DA:121,0
DA:124,0
DA:125,0
DA:126,0
DA:127,0
DA:131,0
DA:132,0
DA:135,0
DA:136,0
DA:137,0
DA:138,0
DA:141,0
DA:142,0
DA:146,0
DA:147,0
DA:148,0
DA:151,0
DA:152,0
DA:153,0
DA:156,0
DA:157,0
DA:158,0
DA:162,0
DA:163,0
DA:167,0
DA:168,0
DA:169,0
DA:170,0
DA:171,0
DA:172,0
DA:173,0
DA:174,0
DA:175,0
DA:176,0
DA:177,0
DA:178,0
DA:179,0
DA:180,0
DA:181,0
DA:185,0
DA:186,0
DA:189,0
DA:190,0
DA:191,0
DA:192,0
DA:193,0
DA:197,0
DA:198,0
DA:201,0
LF:93
LH:0
BRDA:37,0,0,0
BRDA:37,0,1,0
BRDA:46,1,0,0
BRDA:46,1,1,0
BRDA:46,1,2,0
BRDA:46,1,3,0
BRDA:46,1,4,0
BRDA:65,2,0,0
BRDA:88,3,0,0
BRDA:88,3,1,0
BRDA:99,4,0,0
BRDA:99,4,1,0
BRDA:109,5,0,0
BRDA:109,5,1,0
BRDA:114,6,0,0
BRDA:114,6,1,0
BRDA:119,7,0,0
BRDA:119,7,1,0
BRDA:124,8,0,0
BRDA:124,8,1,0
BRDA:125,9,0,0
BRDA:125,9,1,0
BRDA:127,10,0,0
BRDA:127,10,1,0
BRDA:127,10,2,0
BRDA:135,11,0,0
BRDA:135,11,1,0
BRDA:136,12,0,0
BRDA:136,12,1,0
BRDA:138,13,0,0
BRDA:138,13,1,0
BRDA:146,14,0,0
BRDA:146,14,1,0
BRDA:151,15,0,0
BRDA:151,15,1,0
BRDA:156,16,0,0
BRDA:156,16,1,0
BRDA:156,17,0,0
BRDA:156,17,1,0
BRDA:156,17,2,0
BRF:40
BRH:0
end_of_record
TN:
SF:src/test-server.js
FN:15,(anonymous_0)
FN:35,startTestServer
FN:39,(anonymous_2)
FNF:3
FNH:0
FNDA:0,(anonymous_0)
FNDA:0,startTestServer
FNDA:0,(anonymous_2)
DA:5,0
DA:6,0
DA:7,0
DA:9,0
DA:12,0
DA:15,0
DA:16,0
DA:17,0
DA:18,0
DA:27,0
DA:36,0
DA:37,0
DA:39,0
DA:40,0
DA:41,0
DA:44,0
DA:46,0
DA:47,0
DA:51,0
DA:52,0
DA:55,0
LF:21
LH:0
BRDA:51,0,0,0
BRDA:51,0,1,0
BRF:2
BRH:0
end_of_record
TN:
SF:src/config/index.js
FNF:0
FNH:0
DA:6,12
DA:8,12
DA:62,12
LF:3
LH:3
BRDA:11,0,0,12
BRDA:11,0,1,0
BRDA:12,1,0,12
BRDA:12,1,1,12
BRDA:13,2,0,12
BRDA:13,2,1,0
BRDA:18,3,0,12
BRDA:18,3,1,0
BRDA:23,4,0,12
BRDA:23,4,1,0
BRDA:24,5,0,12
BRDA:24,5,1,0
BRDA:29,6,0,0
BRDA:29,6,1,12
BRDA:52,7,0,12
BRDA:52,7,1,12
BRDA:53,8,0,12
BRDA:53,8,1,12
BRF:18
BRH:12
end_of_record
TN:
SF:src/controllers/dashboardController.js
FN:13,(anonymous_0)
FN:44,(anonymous_1)
FN:69,(anonymous_2)
FN:103,(anonymous_3)
FN:131,(anonymous_4)
FNF:5
FNH:0
FNDA:0,(anonymous_0)
FNDA:0,(anonymous_1)
FNDA:0,(anonymous_2)
FNDA:0,(anonymous_3)
FNDA:0,(anonymous_4)
DA:6,2
DA:14,0
DA:15,0
DA:17,0
DA:19,0
DA:25,0
DA:32,0
DA:33,0
DA:45,0
DA:46,0
DA:48,0
DA:50,0
DA:57,0
DA:58,0
DA:70,0
DA:71,0
DA:73,0
DA:75,0
DA:77,0
DA:80,0
DA:81,0
DA:84,0
DA:91,0
DA:92,0
DA:104,0
DA:105,0
DA:107,0
DA:109,0
DA:110,0
DA:112,0
DA:119,0
DA:120,0
DA:132,0
DA:133,0
DA:135,0
DA:137,0
DA:144,0
DA:145,0
DA:154,2
LF:39
LH:2
BRDA:80,0,0,0
BRDA:80,0,1,0
BRDA:80,1,0,0
BRDA:80,1,1,0
BRDA:105,2,0,0
BRF:5
BRH:0
end_of_record
TN:
SF:src/controllers/historicoController.js
FN:13,(anonymous_0)
FN:50,(anonymous_1)
FN:69,(anonymous_2)
FNF:3
FNH:0
FNDA:0,(anonymous_0)
FNDA:0,(anonymous_1)
FNDA:0,(anonymous_2)
DA:6,2
DA:14,0
DA:15,0
DA:23,0
DA:25,0
DA:30,0
DA:39,0
DA:42,0
DA:43,0
DA:51,0
DA:52,0
DA:54,0
DA:56,0
DA:58,0
DA:61,0
DA:62,0
DA:70,0
DA:71,0
DA:73,0
DA:75,0
DA:77,0
DA:83,0
DA:84,0
DA:89,2
LF:24
LH:2
BRDA:31,0,0,0
BRDA:31,0,1,0
BRDA:32,1,0,0
BRDA:32,1,1,0
BRDA:34,2,0,0
BRDA:34,2,1,0
BRDA:35,3,0,0
BRDA:35,3,1,0
BRDA:71,4,0,0
BRF:9
BRH:0
end_of_record
TN:
SF:src/controllers/medicosController.js
FN:18,(anonymous_0)
FN:68,(anonymous_1)
FN:109,(anonymous_2)
FN:193,(anonymous_3)
FN:279,(anonymous_4)
FN:363,(anonymous_5)
FN:450,(anonymous_6)
FN:524,(anonymous_7)
FN:554,(anonymous_8)
FN:609,(anonymous_9)
FN:650,(anonymous_10)
FN:700,(anonymous_11)
FN:744,(anonymous_12)
FN:766,(anonymous_13)
FN:799,(anonymous_14)
FN:815,(anonymous_15)
FN:839,(anonymous_16)
FN:872,(anonymous_17)
FNF:18
FNH:0
FNDA:0,(anonymous_0)
FNDA:0,(anonymous_1)
FNDA:0,(anonymous_2)
FNDA:0,(anonymous_3)
FNDA:0,(anonymous_4)
FNDA:0,(anonymous_5)
FNDA:0,(anonymous_6)
FNDA:0,(anonymous_7)
FNDA:0,(anonymous_8)
FNDA:0,(anonymous_9)
FNDA:0,(anonymous_10)
FNDA:0,(anonymous_11)
FNDA:0,(anonymous_12)
FNDA:0,(anonymous_13)
FNDA:0,(anonymous_14)
FNDA:0,(anonymous_15)
FNDA:0,(anonymous_16)
FNDA:0,(anonymous_17)
DA:6,1
DA:7,1
DA:8,1
DA:9,1
DA:10,1
DA:11,1
DA:12,1
DA:19,0
DA:20,0
DA:23,0
DA:29,0
DA:30,0
DA:40,0
DA:41,0
DA:44,0
DA:45,0
DA:68,0
DA:94,0
DA:101,0
DA:102,0
DA:110,0
DA:112,0
DA:113,0
DA:133,0
DA:134,0
DA:140,0
DA:174,0
DA:181,0
DA:182,0
DA:194,0
DA:197,0
DA:198,0
DA:199,0
DA:206,0
DA:208,0
DA:212,0
DA:213,0
DA:220,0
DA:224,0
DA:225,0
DA:232,0
DA:233,0
DA:234,0
DA:238,0
DA:239,0
DA:269,0
DA:272,0
DA:275,0
DA:279,0
DA:281,0
DA:292,0
DA:328,0
DA:331,0
DA:343,0
DA:345,0
DA:346,0
DA:352,0
DA:364,0
DA:365,0
DA:368,0
DA:369,0
DA:370,0
DA:373,0
DA:375,0
DA:380,0
DA:381,0
DA:385,0
DA:386,0
DA:389,0
DA:390,0
DA:394,0
DA:395,0
DA:398,0
DA:399,0
DA:403,0
DA:404,0
DA:405,0
DA:406,0
DA:412,0
DA:413,0
DA:443,0
DA:446,0
DA:450,0
DA:452,0
DA:453,0
DA:464,0
DA:502,0
DA:505,0
DA:516,0
DA:517,0
DA:525,0
DA:527,0
DA:528,0
DA:533,0
DA:534,0
DA:538,0
DA:543,0
DA:546,0
DA:547,0
DA:555,0
DA:557,0
DA:559,0
DA:564,0
DA:565,0
DA:569,0
DA:570,0
DA:574,0
DA:581,0
DA:582,0
DA:586,0
DA:594,0
DA:601,0
DA:602,0
DA:610,0
DA:612,0
DA:614,0
DA:619,0
DA:620,0
DA:623,0
DA:624,0
DA:628,0
DA:631,0
DA:639,0
DA:642,0
DA:643,0
DA:651,0
DA:652,0
DA:655,0
DA:661,0
DA:662,0
DA:672,0
DA:673,0
DA:676,0
DA:677,0
DA:680,0
DA:681,0
DA:685,0
DA:700,0
DA:716,0
DA:725,0
DA:726,0
DA:729,0
DA:730,0
DA:731,0
DA:733,0
DA:736,0
DA:737,0
DA:745,0
DA:747,0
DA:766,0
DA:777,0
DA:780,0
DA:781,0
DA:784,0
DA:785,0
DA:786,0
DA:788,0
DA:791,0
DA:792,0
DA:800,0
DA:802,0
DA:815,0
DA:826,0
DA:828,0
DA:831,0
DA:832,0
DA:840,0
DA:841,0
DA:842,0
DA:845,0
DA:852,0
DA:855,0
DA:861,0
DA:864,0
DA:865,0
DA:873,0
DA:874,0
DA:876,0
DA:877,0
DA:879,0
DA:880,0
DA:881,0
DA:883,0
DA:886,0
DA:887,0
DA:892,1
LF:186
LH:8
BRDA:19,0,0,0
BRDA:19,1,0,0
BRDA:29,2,0,0
BRDA:29,2,1,0
BRDA:40,3,0,0
BRDA:40,3,1,0
BRDA:70,4,0,0
BRDA:70,4,1,0
BRDA:77,5,0,0
BRDA:77,5,1,0
BRDA:80,6,0,0
BRDA:80,6,1,0
BRDA:81,7,0,0
BRDA:81,7,1,0
BRDA:82,8,0,0
BRDA:82,8,1,0
BRDA:85,9,0,0
BRDA:85,9,1,0
BRDA:133,10,0,0
BRDA:133,10,1,0
BRDA:142,11,0,0
BRDA:142,11,1,0
BRDA:149,12,0,0
BRDA:149,12,1,0
BRDA:152,13,0,0
BRDA:152,13,1,0
BRDA:153,14,0,0
BRDA:153,14,1,0
BRDA:156,15,0,0
BRDA:156,15,1,0
BRDA:169,16,0,0
BRDA:169,16,1,0
BRDA:170,17,0,0
BRDA:170,17,1,0
BRDA:198,18,0,0
BRDA:198,18,1,0
BRDA:212,19,0,0
BRDA:212,19,1,0
BRDA:224,20,0,0
BRDA:224,20,1,0
BRDA:232,21,0,0
BRDA:232,21,1,0
BRDA:238,22,0,0
BRDA:238,22,1,0
BRDA:247,23,0,0
BRDA:268,24,0,0
BRDA:301,25,0,0
BRDA:301,25,1,0
BRDA:302,26,0,0
BRDA:302,26,1,0
BRDA:304,27,0,0
BRDA:304,27,1,0
BRDA:305,28,0,0
BRDA:305,28,1,0
BRDA:345,29,0,0
BRDA:345,29,1,0
BRDA:369,30,0,0
BRDA:369,30,1,0
BRDA:380,31,0,0
BRDA:380,31,1,0
BRDA:385,32,0,0
BRDA:385,32,1,0
BRDA:385,33,0,0
BRDA:385,33,1,0
BRDA:389,34,0,0
BRDA:389,34,1,0
BRDA:394,35,0,0
BRDA:394,35,1,0
BRDA:394,36,0,0
BRDA:394,36,1,0
BRDA:398,37,0,0
BRDA:398,37,1,0
BRDA:403,38,0,0
BRDA:403,38,1,0
BRDA:405,39,0,0
BRDA:405,39,1,0
BRDA:412,40,0,0
BRDA:412,40,1,0
BRDA:452,41,0,0
BRDA:452,41,1,0
BRDA:452,42,0,0
BRDA:452,42,1,0
BRDA:452,42,2,0
BRDA:456,43,0,0
BRDA:456,43,1,0
BRDA:457,44,0,0
BRDA:457,44,1,0
BRDA:458,45,0,0
BRDA:458,45,1,0
BRDA:467,46,0,0
BRDA:467,46,1,0
BRDA:468,47,0,0
BRDA:468,47,1,0
BRDA:469,48,0,0
BRDA:469,48,1,0
BRDA:470,49,0,0
BRDA:470,49,1,0
BRDA:471,50,0,0
BRDA:471,50,1,0
BRDA:472,51,0,0
BRDA:472,51,1,0
BRDA:473,52,0,0
BRDA:473,52,1,0
BRDA:473,53,0,0
BRDA:473,53,1,0
BRDA:474,54,0,0
BRDA:474,54,1,0
BRDA:475,55,0,0
BRDA:475,55,1,0
BRDA:477,56,0,0
BRDA:477,56,1,0
BRDA:478,57,0,0
BRDA:478,57,1,0
BRDA:479,58,0,0
BRDA:479,58,1,0
BRDA:479,59,0,0
BRDA:479,59,1,0
BRDA:480,60,0,0
BRDA:480,60,1,0
BRDA:481,61,0,0
BRDA:481,61,1,0
BRDA:482,62,0,0
BRDA:482,62,1,0
BRDA:483,63,0,0
BRDA:483,63,1,0
BRDA:484,64,0,0
BRDA:484,64,1,0
BRDA:485,65,0,0
BRDA:485,65,1,0
BRDA:486,66,0,0
BRDA:486,66,1,0
BRDA:487,67,0,0
BRDA:487,67,1,0
BRDA:488,68,0,0
BRDA:488,68,1,0
BRDA:489,69,0,0
BRDA:489,69,1,0
BRDA:533,70,0,0
BRDA:533,70,1,0
BRDA:564,71,0,0
BRDA:564,71,1,0
BRDA:569,72,0,0
BRDA:569,72,1,0
BRDA:581,73,0,0
BRDA:581,73,1,0
BRDA:619,74,0,0
BRDA:619,74,1,0
BRDA:623,75,0,0
BRDA:623,75,1,0
BRDA:657,76,0,0
BRDA:657,76,1,0
BRDA:657,77,0,0
BRDA:657,77,1,0
BRDA:661,78,0,0
BRDA:661,78,1,0
BRDA:672,79,0,0
BRDA:672,79,1,0
BRDA:676,80,0,0
BRDA:676,80,1,0
BRDA:680,81,0,0
BRDA:680,81,1,0
BRDA:702,82,0,0
BRDA:702,82,1,0
BRDA:705,83,0,0
BRDA:705,83,1,0
BRDA:709,84,0,0
BRDA:709,84,1,0
BRDA:770,85,0,0
BRDA:770,85,1,0
BRDA:819,86,0,0
BRDA:819,86,1,0
BRDA:841,87,0,0
BRDA:841,87,1,0
BRF:173
BRH:0
end_of_record
TN:
SF:src/database/seed.js
FN:4,main
FN:335,(anonymous_1)
FN:339,(anonymous_2)
FNF:3
FNH:0
FNDA:0,main
FNDA:0,(anonymous_1)
FNDA:0,(anonymous_2)
DA:1,0
DA:2,0
DA:5,0
DA:8,0
DA:9,0
DA:12,0
DA:14,0
DA:82,0
DA:83,0
DA:84,0
DA:86,0
DA:95,0
DA:110,0
DA:114,0
DA:116,0
DA:244,0
DA:245,0
DA:246,0
DA:249,0
DA:253,0
DA:256,0
DA:266,0
DA:277,0
DA:289,0
DA:302,0
DA:313,0
DA:324,0
DA:325,0
DA:326,0
DA:327,0
DA:330,0
DA:331,0
DA:334,0
DA:336,0
DA:337,0
DA:340,0
LF:36
LH:0
BRF:0
BRH:0
end_of_record
TN:
SF:src/middleware/analyticsDataSanitizer.js
FN:10,(anonymous_0)
FN:68,(anonymous_1)
FN:73,(anonymous_2)
FN:87,(anonymous_3)
FN:124,(anonymous_4)
FN:127,(anonymous_5)
FN:163,(anonymous_6)
FN:168,(anonymous_7)
FN:190,(anonymous_8)
FN:204,(anonymous_9)
FN:205,(anonymous_10)
FN:210,(anonymous_11)
FN:255,(anonymous_12)
FN:264,(anonymous_13)
FN:286,(anonymous_14)
FN:320,(anonymous_15)
FNF:16
FNH:14
FNDA:16,(anonymous_0)
FNDA:5,(anonymous_1)
FNDA:0,(anonymous_2)
FNDA:8,(anonymous_3)
FNDA:16,(anonymous_4)
FNDA:5,(anonymous_5)
FNDA:13,(anonymous_6)
FNDA:84,(anonymous_7)
FNDA:2,(anonymous_8)
FNDA:1,(anonymous_9)
FNDA:7,(anonymous_10)
FNDA:7,(anonymous_11)
FNDA:0,(anonymous_12)
FNDA:7,(anonymous_13)
FNDA:4,(anonymous_14)
FNDA:10005,(anonymous_15)
DA:6,1
DA:7,1
DA:12,16
DA:42,16
DA:58,16
DA:69,5
DA:72,5
DA:73,0
DA:77,5
DA:78,5
DA:81,0
DA:88,8
DA:90,8
DA:92,8
DA:94,27
DA:95,5
DA:96,5
DA:100,22
DA:101,9
DA:103,7
DA:104,2
DA:106,2
DA:110,13
DA:111,9
DA:113,4
DA:118,8
DA:126,16
DA:127,2
DA:128,5
DA:133,14
DA:134,1
DA:138,13
DA:141,2
DA:145,0
DA:149,0
DA:153,0
DA:156,11
DA:165,13
DA:166,13
DA:168,84
DA:169,2
DA:173,11
DA:175,6
DA:177,5
DA:179,5
DA:181,4
DA:184,9
DA:191,2
DA:193,2
DA:198,2
DA:205,1
DA:207,7
DA:210,7
DA:211,7
DA:213,7
DA:215,7
DA:217,0
DA:220,0
DA:223,0
DA:234,7
DA:236,7
DA:239,0
DA:240,0
DA:248,7
DA:258,0
DA:266,7
DA:267,7
DA:268,7
DA:271,7
DA:272,0
DA:273,0
DA:277,7
DA:278,7
DA:279,7
DA:280,7
DA:287,4
DA:293,4
DA:294,0
DA:295,0
DA:296,0
DA:300,4
DA:301,4
DA:303,4
DA:304,2
DA:305,2
DA:309,4
DA:310,4
DA:311,0
DA:314,4
DA:321,10005
DA:323,10005
DA:324,40016
DA:326,40016
DA:327,3
DA:330,40016
DA:331,10001
DA:337,1
LF:97
LH:80
BRDA:68,0,0,5
BRDA:69,1,0,0
BRDA:69,1,1,5
BRDA:72,2,0,0
BRDA:72,2,1,5
BRDA:77,3,0,5
BRDA:77,3,1,0
BRDA:88,4,0,0
BRDA:88,4,1,8
BRDA:88,5,0,8
BRDA:88,5,1,8
BRDA:94,6,0,5
BRDA:94,6,1,22
BRDA:100,7,0,9
BRDA:100,7,1,13
BRDA:101,8,0,7
BRDA:101,8,1,2
BRDA:104,9,0,2
BRDA:104,9,1,0
BRDA:110,10,0,9
BRDA:110,10,1,4
BRDA:126,11,0,2
BRDA:126,11,1,14
BRDA:128,12,0,2
BRDA:128,12,1,3
BRDA:133,13,0,1
BRDA:133,13,1,13
BRDA:133,14,0,14
BRDA:133,14,1,1
BRDA:138,15,0,2
BRDA:138,15,1,0
BRDA:138,15,2,0
BRDA:138,15,3,0
BRDA:138,15,4,11
BRDA:145,16,0,0
BRDA:145,16,1,0
BRDA:149,17,0,0
BRDA:149,17,1,0
BRDA:168,18,0,2
BRDA:168,18,1,11
BRDA:173,19,0,6
BRDA:173,19,1,5
BRDA:175,20,0,1
BRDA:175,20,1,5
BRDA:177,21,0,0
BRDA:177,21,1,5
BRDA:179,22,0,1
BRDA:179,22,1,4
BRDA:181,23,0,0
BRDA:181,23,1,4
BRDA:191,24,0,0
BRDA:191,24,1,2
BRDA:215,25,0,0
BRDA:215,25,1,7
BRDA:227,26,0,0
BRDA:227,26,1,0
BRDA:228,27,0,0
BRDA:228,27,1,0
BRDA:271,28,0,0
BRDA:271,28,1,7
BRDA:293,29,0,0
BRDA:293,29,1,4
BRDA:303,30,0,2
BRDA:303,30,1,2
BRDA:310,31,0,0
BRDA:310,31,1,4
BRDA:321,32,0,0
BRDA:321,32,1,10005
BRDA:321,33,0,10005
BRDA:321,33,1,10005
BRDA:324,34,0,40000
BRDA:324,34,1,16
BRDA:326,35,0,3
BRDA:326,35,1,40013
BRDA:330,36,0,10001
BRDA:330,36,1,30015
BRDA:330,37,0,40016
BRDA:330,37,1,10001
BRF:78
BRH:54
end_of_record
TN:
SF:src/middleware/centralMiddleware.js
FN:20,(anonymous_0)
FN:59,(anonymous_1)
FN:71,(anonymous_2)
FN:119,(anonymous_3)
FN:133,(anonymous_4)
FN:147,(anonymous_5)
FN:162,(anonymous_6)
FN:186,(anonymous_7)
FN:206,(anonymous_8)
FN:229,(anonymous_9)
FN:248,(anonymous_10)
FN:268,(anonymous_11)
FN:292,(anonymous_12)
FN:322,(anonymous_13)
FN:322,(anonymous_14)
FN:346,(anonymous_15)
FN:365,(anonymous_16)
FNF:17
FNH:4
FNDA:0,(anonymous_0)
FNDA:12,(anonymous_1)
FNDA:0,(anonymous_2)
FNDA:0,(anonymous_3)
FNDA:0,(anonymous_4)
FNDA:0,(anonymous_5)
FNDA:0,(anonymous_6)
FNDA:0,(anonymous_7)
FNDA:0,(anonymous_8)
FNDA:0,(anonymous_9)
FNDA:0,(anonymous_10)
FNDA:0,(anonymous_11)
FNDA:0,(anonymous_12)
FNDA:17,(anonymous_13)
FNDA:0,(anonymous_14)
FNDA:1,(anonymous_15)
FNDA:1,(anonymous_16)
DA:6,3
DA:7,3
DA:8,3
DA:9,3
DA:10,3
DA:12,3
DA:13,3
DA:14,3
DA:19,3
DA:22,0
DA:33,0
DA:35,0
DA:36,0
DA:38,0
DA:39,0
DA:59,3
DA:60,12
DA:72,0
DA:84,3
DA:101,3
DA:117,3
DA:121,0
DA:133,0
DA:134,0
DA:135,0
DA:136,0
DA:137,0
DA:146,3
DA:149,0
DA:150,0
DA:153,0
DA:162,3
DA:164,0
DA:165,0
DA:166,0
DA:167,0
DA:170,0
DA:171,0
DA:174,0
DA:175,0
DA:176,0
DA:177,0
DA:180,0
DA:186,3
DA:188,0
DA:191,0
DA:194,0
DA:200,0
DA:206,3
DA:207,0
DA:209,0
DA:210,0
DA:213,0
DA:214,0
DA:218,0
DA:219,0
DA:223,0
DA:229,3
DA:231,0
DA:232,0
DA:235,0
DA:237,0
DA:238,0
DA:240,0
DA:241,0
DA:248,3
DA:250,0
DA:258,0
DA:259,0
DA:262,0
DA:268,3
DA:270,0
DA:281,0
DA:284,0
DA:285,0
DA:286,0
DA:289,0
DA:290,0
DA:291,0
DA:292,0
DA:296,0
DA:297,0
DA:298,0
DA:299,0
DA:300,0
DA:301,0
DA:302,0
DA:303,0
DA:304,0
DA:305,0
DA:306,0
DA:307,0
DA:308,0
DA:309,0
DA:310,0
DA:311,0
DA:312,0
DA:313,0
DA:316,0
DA:322,17
DA:323,0
DA:326,3
DA:347,1
DA:350,1
DA:351,1
DA:352,1
DA:353,1
DA:354,1
DA:355,1
DA:356,1
DA:361,1
DA:366,1
DA:372,1
DA:375,1
DA:377,1
LF:115
LH:36
BRDA:33,0,0,0
BRDA:33,0,1,0
BRDA:35,1,0,0
BRDA:35,1,1,0
BRDA:59,2,0,0
BRDA:59,3,0,0
BRDA:59,4,0,0
BRDA:134,5,0,0
BRDA:134,5,1,0
BRDA:149,6,0,0
BRDA:149,6,1,0
BRDA:174,7,0,0
BRDA:174,7,1,0
BRDA:195,8,0,0
BRDA:195,8,1,0
BRDA:196,9,0,0
BRDA:196,9,1,0
BRDA:197,10,0,0
BRDA:197,10,1,0
BRDA:197,10,2,0
BRDA:209,11,0,0
BRDA:209,11,1,0
BRDA:213,12,0,0
BRDA:213,12,1,0
BRDA:213,13,0,0
BRDA:213,13,1,0
BRDA:218,14,0,0
BRDA:218,14,1,0
BRDA:218,15,0,0
BRDA:218,15,1,0
BRDA:231,16,0,0
BRDA:231,16,1,0
BRDA:258,17,0,0
BRDA:258,17,1,0
BRDA:272,18,0,0
BRDA:272,18,1,0
BRDA:278,19,0,0
BRDA:278,19,1,0
BRDA:289,20,0,0
BRDA:289,20,1,0
BRDA:296,21,0,0
BRDA:296,21,1,0
BRDA:299,22,0,0
BRDA:299,22,1,0
BRDA:302,23,0,0
BRDA:302,23,1,0
BRDA:305,24,0,0
BRDA:305,24,1,0
BRDA:308,25,0,0
BRDA:308,25,1,0
BRDA:311,26,0,0
BRDA:311,26,1,0
BRF:52
BRH:0
end_of_record
TN:
SF:src/middleware/errorHandler.js
FN:4,(anonymous_0)
FN:18,(anonymous_1)
FN:91,(anonymous_2)
FN:91,(anonymous_3)
FNF:4
FNH:1
FNDA:0,(anonymous_0)
FNDA:0,(anonymous_1)
FNDA:29,(anonymous_2)
FNDA:0,(anonymous_3)
DA:1,2
DA:4,2
DA:6,0
DA:8,0
DA:9,0
DA:12,0
DA:13,0
DA:14,0
DA:18,2
DA:19,0
DA:20,0
DA:23,0
DA:24,0
DA:25,0
DA:29,0
DA:30,0
DA:31,0
DA:34,0
DA:35,0
DA:36,0
DA:40,0
DA:41,0
DA:42,0
DA:45,0
DA:46,0
DA:47,0
DA:51,0
DA:52,0
DA:53,0
DA:56,0
DA:57,0
DA:58,0
DA:62,0
DA:68,0
DA:69,0
DA:81,0
DA:87,0
DA:91,29
DA:92,0
DA:95,2
LF:40
LH:5
BRDA:8,0,0,0
BRDA:8,0,1,0
BRDA:19,1,0,0
BRDA:19,1,1,0
BRDA:23,2,0,0
BRDA:23,2,1,0
BRDA:29,3,0,0
BRDA:29,3,1,0
BRDA:34,4,0,0
BRDA:34,4,1,0
BRDA:40,5,0,0
BRDA:40,5,1,0
BRDA:45,6,0,0
BRDA:45,6,1,0
BRDA:51,7,0,0
BRDA:51,7,1,0
BRDA:56,8,0,0
BRDA:56,8,1,0
BRDA:63,9,0,0
BRDA:63,9,1,0
BRDA:63,9,2,0
BRDA:63,9,3,0
BRDA:63,9,4,0
BRDA:68,10,0,0
BRDA:68,10,1,0
BRDA:71,11,0,0
BRDA:71,11,1,0
BRDA:76,12,0,0
BRDA:76,12,1,0
BRDA:84,13,0,0
BRDA:84,13,1,0
BRF:31
BRH:0
end_of_record
TN:
SF:src/middleware/importUploadMiddleware.js
FN:12,(anonymous_0)
FN:42,(anonymous_1)
FN:81,(anonymous_2)
FNF:3
FNH:0
FNDA:0,(anonymous_0)
FNDA:0,(anonymous_1)
FNDA:0,(anonymous_2)
DA:5,1
DA:6,1
DA:9,1
DA:12,1
DA:13,0
DA:19,0
DA:20,0
DA:22,0
DA:23,0
DA:25,0
DA:30,1
DA:42,1
DA:43,0
DA:44,0
DA:45,0
DA:50,0
DA:51,0
DA:56,0
DA:57,0
DA:64,0
DA:65,0
DA:72,0
DA:81,1
DA:82,0
DA:83,0
DA:88,0
DA:91,1
LF:27
LH:8
BRDA:22,0,0,0
BRDA:22,0,1,0
BRDA:22,1,0,0
BRDA:22,1,1,0
BRDA:43,2,0,0
BRDA:43,2,1,0
BRDA:44,3,0,0
BRDA:44,3,1,0
BRDA:50,4,0,0
BRDA:50,4,1,0
BRDA:56,5,0,0
BRDA:56,5,1,0
BRDA:64,6,0,0
BRDA:64,6,1,0
BRDA:82,7,0,0
BRDA:82,7,1,0
BRF:16
BRH:0
end_of_record
TN:
SF:src/middleware/uploadMiddleware.js
FN:16,(anonymous_0)
FN:49,processarFotoMedico
FN:90,removerFotoAnterior
FN:115,handleUploadError
FN:139,validarUploadFoto
FNF:5
FNH:0
FNDA:0,(anonymous_0)
FNDA:0,processarFotoMedico
FNDA:0,removerFotoAnterior
FNDA:0,handleUploadError
FNDA:0,validarUploadFoto
DA:6,1
DA:7,1
DA:8,1
DA:9,1
DA:10,1
DA:13,1
DA:16,1
DA:18,0
DA:20,0
DA:21,0
DA:23,0
DA:28,1
DA:40,1
DA:50,0
DA:52,0
DA:53,0
DA:56,0
DA:57,0
DA:58,0
DA:61,0
DA:73,0
DA:82,0
DA:91,0
DA:93,0
DA:95,0
DA:96,0
DA:99,0
DA:100,0
DA:101,0
DA:102,0
DA:105,0
DA:108,0
DA:116,0
DA:117,0
DA:119,0
DA:121,0
DA:123,0
DA:125,0
DA:129,0
DA:130,0
DA:133,0
DA:140,0
DA:142,0
DA:143,0
DA:147,0
DA:150,0
DA:151,0
DA:152,0
DA:153,0
DA:156,0
DA:160,0
DA:167,0
DA:170,0
DA:174,1
LF:54
LH:10
BRDA:20,0,0,0
BRDA:20,0,1,0
BRDA:91,1,0,0
BRDA:91,1,1,0
BRDA:116,2,0,0
BRDA:116,2,1,0
BRDA:117,3,0,0
BRDA:117,3,1,0
BRDA:117,3,2,0
BRDA:117,3,3,0
BRDA:129,4,0,0
BRDA:129,4,1,0
BRDA:142,5,0,0
BRDA:142,5,1,0
BRDA:152,6,0,0
BRDA:152,6,1,0
BRDA:152,7,0,0
BRDA:152,7,1,0
BRF:18
BRH:0
end_of_record
TN:
SF:src/middleware/validacaoTempoReal.js
FN:14,(anonymous_0)
FN:15,(anonymous_1)
FN:49,(anonymous_2)
FN:50,(anonymous_3)
FN:83,(anonymous_4)
FN:108,(anonymous_5)
FN:144,(anonymous_6)
FN:171,(anonymous_7)
FN:186,(anonymous_8)
FN:199,(anonymous_9)
FN:226,(anonymous_10)
FN:241,(anonymous_11)
FN:266,(anonymous_12)
FN:267,(anonymous_13)
FNF:14
FNH:2
FNDA:2,(anonymous_0)
FNDA:0,(anonymous_1)
FNDA:0,(anonymous_2)
FNDA:0,(anonymous_3)
FNDA:0,(anonymous_4)
FNDA:0,(anonymous_5)
FNDA:0,(anonymous_6)
FNDA:0,(anonymous_7)
FNDA:0,(anonymous_8)
FNDA:0,(anonymous_9)
FNDA:0,(anonymous_10)
FNDA:0,(anonymous_11)
FNDA:2,(anonymous_12)
FNDA:0,(anonymous_13)
DA:6,2
DA:7,2
DA:15,2
DA:16,0
DA:17,0
DA:18,0
DA:20,0
DA:26,0
DA:27,0
DA:28,0
DA:37,0
DA:48,0
DA:49,0
DA:50,0
DA:52,0
DA:53,0
DA:62,0
DA:67,0
DA:70,0
DA:71,0
DA:84,0
DA:86,0
DA:87,0
DA:88,0
DA:89,0
DA:92,0
DA:96,0
DA:101,0
DA:109,0
DA:111,0
DA:112,0
DA:113,0
DA:115,0
DA:120,0
DA:121,0
DA:128,0
DA:132,0
DA:137,0
DA:145,0
DA:147,0
DA:148,0
DA:149,0
DA:151,0
DA:152,0
DA:155,0
DA:159,0
DA:164,0
DA:172,0
DA:175,0
DA:185,0
DA:186,0
DA:187,0
DA:190,0
DA:200,0
DA:202,0
DA:203,0
DA:205,0
DA:206,0
DA:209,0
DA:210,0
DA:212,0
DA:213,0
DA:216,0
DA:219,0
DA:227,0
DA:230,0
DA:232,0
DA:242,0
DA:244,0
DA:245,0
DA:246,0
DA:247,0
DA:249,0
DA:250,0
DA:253,0
DA:254,0
DA:257,0
DA:259,0
DA:267,2
DA:268,0
DA:269,0
DA:270,0
DA:272,0
DA:274,0
DA:276,0
DA:278,0
DA:279,0
DA:281,0
DA:282,0
DA:284,0
DA:285,0
DA:287,0
DA:288,0
DA:290,0
DA:291,0
DA:293,0
DA:294,0
DA:296,0
DA:297,0
DA:299,0
DA:305,0
DA:314,0
DA:315,0
DA:325,2
LF:104
LH:5
BRDA:21,0,0,0
BRDA:21,0,1,0
BRDA:27,1,0,0
BRDA:27,1,1,0
BRDA:52,2,0,0
BRDA:52,2,1,0
BRDA:83,3,0,0
BRDA:84,4,0,0
BRDA:84,4,1,0
BRDA:88,5,0,0
BRDA:88,5,1,0
BRDA:98,6,0,0
BRDA:98,6,1,0
BRDA:108,7,0,0
BRDA:109,8,0,0
BRDA:109,8,1,0
BRDA:113,9,0,0
BRDA:113,9,1,0
BRDA:120,10,0,0
BRDA:120,10,1,0
BRDA:134,11,0,0
BRDA:134,11,1,0
BRDA:144,12,0,0
BRDA:145,13,0,0
BRDA:145,13,1,0
BRDA:151,14,0,0
BRDA:151,14,1,0
BRDA:161,15,0,0
BRDA:161,15,1,0
BRDA:172,16,0,0
BRDA:172,16,1,0
BRDA:192,17,0,0
BRDA:192,17,1,0
BRDA:200,18,0,0
BRDA:200,18,1,0
BRDA:205,19,0,0
BRDA:205,19,1,0
BRDA:212,20,0,0
BRDA:212,20,1,0
BRDA:227,21,0,0
BRDA:227,21,1,0
BRDA:234,22,0,0
BRDA:234,22,1,0
BRDA:242,23,0,0
BRDA:242,23,1,0
BRDA:249,24,0,0
BRDA:249,24,1,0
BRDA:253,25,0,0
BRDA:253,25,1,0
BRDA:276,26,0,0
BRDA:276,26,1,0
BRDA:276,26,2,0
BRDA:276,26,3,0
BRDA:276,26,4,0
BRDA:276,26,5,0
BRDA:276,26,6,0
BRDA:276,26,7,0
BRDA:310,27,0,0
BRDA:310,27,1,0
BRF:59
BRH:0
end_of_record
TN:
SF:src/routes/agenda-medica.js
FN:8,(anonymous_0)
FN:82,(anonymous_1)
FN:145,(anonymous_2)
FN:170,(anonymous_3)
FN:245,(anonymous_4)
FN:329,(anonymous_5)
FN:363,(anonymous_6)
FN:387,(anonymous_7)
FN:409,(anonymous_8)
FN:431,(anonymous_9)
FN:464,(anonymous_10)
FN:486,(anonymous_11)
FN:544,(anonymous_12)
FNF:13
FNH:0
FNDA:0,(anonymous_0)
FNDA:0,(anonymous_1)
FNDA:0,(anonymous_2)
FNDA:0,(anonymous_3)
FNDA:0,(anonymous_4)
FNDA:0,(anonymous_5)
FNDA:0,(anonymous_6)
FNDA:0,(anonymous_7)
FNDA:0,(anonymous_8)
FNDA:0,(anonymous_9)
FNDA:0,(anonymous_10)
FNDA:0,(anonymous_11)
FNDA:0,(anonymous_12)
DA:1,1
DA:2,1
DA:3,1
DA:5,1
DA:8,1
DA:9,0
DA:10,0
DA:11,0
DA:13,0
DA:14,0
DA:16,0
DA:17,0
DA:19,0
DA:20,0
DA:21,0
DA:23,0
DA:24,0
DA:25,0
DA:27,0
DA:69,0
DA:76,0
DA:77,0
DA:82,1
DA:83,0
DA:84,0
DA:86,0
DA:88,0
DA:89,0
DA:92,0
DA:93,0
DA:96,0
DA:97,0
DA:100,0
DA:101,0
DA:104,0
DA:105,0
DA:109,0
DA:110,0
DA:113,0
DA:114,0
DA:119,0
DA:145,0
DA:146,0
DA:147,0
DA:162,0
DA:164,0
DA:165,0
DA:170,1
DA:171,0
DA:172,0
DA:175,0
DA:176,0
DA:180,0
DA:183,0
DA:190,0
DA:191,0
DA:194,0
DA:223,0
DA:237,0
DA:239,0
DA:240,0
DA:245,1
DA:246,0
DA:247,0
DA:248,0
DA:250,0
DA:254,0
DA:255,0
DA:259,0
DA:260,0
DA:261,0
DA:264,0
DA:272,0
DA:273,0
DA:277,0
DA:307,0
DA:321,0
DA:323,0
DA:324,0
DA:329,1
DA:330,0
DA:331,0
DA:333,0
DA:352,0
DA:357,0
DA:358,0
DA:363,1
DA:364,0
DA:365,0
DA:367,0
DA:371,0
DA:372,0
DA:375,0
DA:379,0
DA:381,0
DA:382,0
DA:387,1
DA:388,0
DA:389,0
DA:401,0
DA:403,0
DA:404,0
DA:409,1
DA:410,0
DA:411,0
DA:423,0
DA:425,0
DA:426,0
DA:431,1
DA:432,0
DA:433,0
DA:435,0
DA:436,0
DA:439,0
DA:440,0
DA:442,0
DA:457,0
DA:458,0
DA:459,0
DA:460,0
DA:461,0
DA:464,0
DA:465,0
DA:466,0
DA:467,0
DA:469,0
DA:472,0
DA:473,0
DA:478,0
DA:480,0
DA:481,0
DA:486,1
DA:487,0
DA:488,0
DA:490,0
DA:492,0
DA:493,0
DA:499,0
DA:500,0
DA:503,0
DA:504,0
DA:507,0
DA:540,0
DA:545,0
DA:546,0
DA:551,0
DA:552,0
DA:556,1
LF:148
LH:15
BRDA:88,0,0,0
BRDA:88,0,1,0
BRDA:92,1,0,0
BRDA:92,1,1,0
BRDA:96,2,0,0
BRDA:96,2,1,0
BRDA:100,3,0,0
BRDA:100,3,1,0
BRDA:104,4,0,0
BRDA:104,4,1,0
BRDA:104,5,0,0
BRDA:104,5,1,0
BRDA:109,6,0,0
BRDA:109,6,1,0
BRDA:113,7,0,0
BRDA:113,7,1,0
BRDA:157,8,0,0
BRDA:157,8,1,0
BRDA:175,9,0,0
BRDA:175,9,1,0
BRDA:175,10,0,0
BRDA:175,10,1,0
BRDA:175,10,2,0
BRDA:175,10,3,0
BRDA:175,10,4,0
BRDA:190,11,0,0
BRDA:190,11,1,0
BRDA:200,12,0,0
BRDA:200,12,1,0
BRDA:201,13,0,0
BRDA:201,13,1,0
BRDA:254,14,0,0
BRDA:254,14,1,0
BRDA:260,15,0,0
BRDA:260,15,1,0
BRDA:260,16,0,0
BRDA:260,16,1,0
BRDA:267,17,0,0
BRDA:267,17,1,0
BRDA:272,18,0,0
BRDA:272,18,1,0
BRDA:280,19,0,0
BRDA:280,19,1,0
BRDA:281,20,0,0
BRDA:281,20,1,0
BRDA:283,21,0,0
BRDA:283,21,1,0
BRDA:284,22,0,0
BRDA:284,22,1,0
BRDA:285,23,0,0
BRDA:285,23,1,0
BRDA:286,24,0,0
BRDA:286,24,1,0
BRDA:371,25,0,0
BRDA:371,25,1,0
BRDA:435,26,0,0
BRDA:435,26,1,0
BRDA:435,27,0,0
BRDA:435,27,1,0
BRDA:467,28,0,0
BRDA:467,28,1,0
BRDA:469,29,0,0
BRDA:469,29,1,0
BRDA:472,30,0,0
BRDA:472,30,1,0
BRDA:492,31,0,0
BRDA:492,31,1,0
BRDA:492,32,0,0
BRDA:492,32,1,0
BRDA:499,33,0,0
BRDA:499,33,1,0
BRDA:503,34,0,0
BRDA:503,34,1,0
BRF:73
BRH:0
end_of_record
TN:
SF:src/routes/allergies.js
FN:9,(anonymous_0)
FN:69,(anonymous_1)
FN:125,(anonymous_2)
FN:155,(anonymous_3)
FN:211,(anonymous_4)
FN:237,(anonymous_5)
FN:262,(anonymous_6)
FN:295,(anonymous_7)
FN:299,(anonymous_8)
FNF:9
FNH:0
FNDA:0,(anonymous_0)
FNDA:0,(anonymous_1)
FNDA:0,(anonymous_2)
FNDA:0,(anonymous_3)
FNDA:0,(anonymous_4)
FNDA:0,(anonymous_5)
FNDA:0,(anonymous_6)
FNDA:0,(anonymous_7)
FNDA:0,(anonymous_8)
DA:1,1
DA:2,1
DA:3,1
DA:4,1
DA:5,1
DA:6,1
DA:9,1
DA:10,0
DA:12,0
DA:13,0
DA:14,0
DA:15,0
DA:16,0
DA:17,0
DA:20,0
DA:22,0
DA:23,0
DA:30,0
DA:31,0
DA:34,0
DA:35,0
DA:39,0
DA:58,0
DA:65,0
DA:69,1
DA:70,0
DA:81,0
DA:84,0
DA:85,0
DA:89,0
DA:93,0
DA:94,0
DA:98,0
DA:120,0
DA:121,0
DA:125,1
DA:126,0
DA:128,0
DA:129,0
DA:132,0
DA:147,0
DA:148,0
DA:151,0
DA:155,1
DA:156,0
DA:158,0
DA:159,0
DA:170,0
DA:173,0
DA:177,0
DA:178,0
DA:182,0
DA:184,0
DA:185,0
DA:186,0
DA:187,0
DA:188,0
DA:189,0
DA:190,0
DA:192,0
DA:206,0
DA:207,0
DA:211,1
DA:212,0
DA:214,0
DA:215,0
DA:219,0
DA:223,0
DA:224,0
DA:228,0
DA:232,0
DA:233,0
DA:237,1
DA:238,0
DA:240,0
DA:241,0
DA:244,0
DA:258,0
DA:262,1
DA:269,0
DA:291,0
DA:296,0
DA:297,0
DA:300,0
DA:301,0
DA:305,0
DA:308,1
LF:87
LH:14
BRDA:12,0,0,0
BRDA:12,0,1,0
BRDA:13,1,0,0
BRDA:13,1,1,0
BRDA:14,2,0,0
BRDA:14,2,1,0
BRDA:15,3,0,0
BRDA:15,3,1,0
BRDA:16,4,0,0
BRDA:16,4,1,0
BRDA:22,5,0,0
BRDA:22,5,1,0
BRDA:30,6,0,0
BRDA:30,6,1,0
BRDA:34,7,0,0
BRDA:34,7,1,0
BRDA:77,8,0,0
BRDA:84,9,0,0
BRDA:84,9,1,0
BRDA:84,10,0,0
BRDA:84,10,1,0
BRDA:84,10,2,0
BRDA:84,10,3,0
BRDA:93,11,0,0
BRDA:93,11,1,0
BRDA:105,12,0,0
BRDA:105,12,1,0
BRDA:106,13,0,0
BRDA:106,13,1,0
BRDA:107,14,0,0
BRDA:107,14,1,0
BRDA:128,15,0,0
BRDA:128,15,1,0
BRDA:147,16,0,0
BRDA:147,16,1,0
BRDA:158,17,0,0
BRDA:158,17,1,0
BRDA:177,18,0,0
BRDA:177,18,1,0
BRDA:184,19,0,0
BRDA:184,19,1,0
BRDA:185,20,0,0
BRDA:185,20,1,0
BRDA:186,21,0,0
BRDA:186,21,1,0
BRDA:187,22,0,0
BRDA:187,22,1,0
BRDA:188,23,0,0
BRDA:188,23,1,0
BRDA:188,24,0,0
BRDA:188,24,1,0
BRDA:189,25,0,0
BRDA:189,25,1,0
BRDA:189,26,0,0
BRDA:189,26,1,0
BRDA:190,27,0,0
BRDA:190,27,1,0
BRDA:214,28,0,0
BRDA:214,28,1,0
BRDA:223,29,0,0
BRDA:223,29,1,0
BRDA:240,30,0,0
BRDA:240,30,1,0
BRF:63
BRH:0
end_of_record
TN:
SF:src/routes/analytics.js
FN:17,(anonymous_0)
FN:34,(anonymous_1)
FN:46,(anonymous_2)
FN:51,(anonymous_3)
FN:63,(anonymous_4)
FN:80,(anonymous_5)
FN:91,(anonymous_6)
FN:98,(anonymous_7)
FN:116,(anonymous_8)
FN:133,(anonymous_9)
FN:160,(anonymous_10)
FN:167,(anonymous_11)
FN:174,(anonymous_12)
FN:180,(anonymous_13)
FN:203,(anonymous_14)
FN:260,(anonymous_15)
FN:283,(anonymous_16)
FN:290,(anonymous_17)
FN:308,(anonymous_18)
FN:355,(anonymous_19)
FN:374,(anonymous_20)
FN:375,(anonymous_21)
FN:376,(anonymous_22)
FN:377,(anonymous_23)
FN:378,(anonymous_24)
FN:402,(anonymous_25)
FN:414,(anonymous_26)
FN:449,formatBytes
FN:461,generateRecommendations
FNF:29
FNH:6
FNDA:2,(anonymous_0)
FNDA:0,(anonymous_1)
FNDA:0,(anonymous_2)
FNDA:0,(anonymous_3)
FNDA:0,(anonymous_4)
FNDA:0,(anonymous_5)
FNDA:0,(anonymous_6)
FNDA:0,(anonymous_7)
FNDA:0,(anonymous_8)
FNDA:0,(anonymous_9)
FNDA:0,(anonymous_10)
FNDA:0,(anonymous_11)
FNDA:0,(anonymous_12)
FNDA:0,(anonymous_13)
FNDA:3,(anonymous_14)
FNDA:1,(anonymous_15)
FNDA:19,(anonymous_16)
FNDA:7,(anonymous_17)
FNDA:1,(anonymous_18)
FNDA:0,(anonymous_19)
FNDA:0,(anonymous_20)
FNDA:0,(anonymous_21)
FNDA:0,(anonymous_22)
FNDA:0,(anonymous_23)
FNDA:0,(anonymous_24)
FNDA:0,(anonymous_25)
FNDA:0,(anonymous_26)
FNDA:0,formatBytes
FNDA:0,generateRecommendations
DA:1,2
DA:2,2
DA:3,2
DA:4,2
DA:5,2
DA:7,2
DA:8,2
DA:11,2
DA:17,2
DA:18,2
DA:34,2
DA:35,0
DA:36,0
DA:37,0
DA:45,0
DA:46,0
DA:47,0
DA:51,0
DA:59,0
DA:63,0
DA:67,0
DA:68,0
DA:80,2
DA:81,0
DA:82,0
DA:83,0
DA:90,0
DA:91,0
DA:92,0
DA:98,0
DA:99,0
DA:100,0
DA:102,0
DA:113,0
DA:116,0
DA:120,0
DA:121,0
DA:133,2
DA:134,0
DA:135,0
DA:156,0
DA:157,0
DA:160,0
DA:161,0
DA:164,0
DA:166,0
DA:167,0
DA:168,0
DA:170,0
DA:174,0
DA:175,0
DA:179,0
DA:180,0
DA:183,0
DA:190,0
DA:191,0
DA:203,2
DA:204,3
DA:205,3
DA:208,3
DA:217,3
DA:219,0
DA:220,0
DA:222,0
DA:223,0
DA:225,0
DA:226,0
DA:229,3
DA:230,3
DA:233,3
DA:246,0
DA:247,0
DA:260,2
DA:261,1
DA:262,1
DA:263,1
DA:266,1
DA:276,1
DA:277,1
DA:279,1
DA:283,19
DA:290,7
DA:296,0
DA:297,0
DA:308,2
DA:309,1
DA:310,1
DA:312,1
DA:343,0
DA:344,0
DA:355,2
DA:356,0
DA:357,0
DA:359,0
DA:366,0
DA:369,0
DA:374,0
DA:375,0
DA:376,0
DA:377,0
DA:378,0
DA:388,0
DA:389,0
DA:390,0
DA:394,0
DA:395,0
DA:401,0
DA:402,0
DA:413,0
DA:414,0
DA:415,0
DA:417,0
DA:423,0
DA:439,0
DA:440,0
DA:450,0
DA:452,0
DA:453,0
DA:454,0
DA:456,0
DA:458,0
DA:462,0
DA:464,0
DA:465,0
DA:473,0
DA:474,0
DA:482,0
DA:483,0
DA:491,0
DA:492,0
DA:493,0
DA:494,0
DA:503,0
DA:506,2
LF:134
LH:37
BRDA:36,0,0,0
BRDA:36,0,1,0
BRDA:47,1,0,0
BRDA:47,1,1,0
BRDA:47,1,2,0
BRDA:47,1,3,0
BRDA:63,2,0,0
BRDA:63,2,1,0
BRDA:71,3,0,0
BRDA:71,3,1,0
BRDA:82,4,0,0
BRDA:82,4,1,0
BRDA:92,5,0,0
BRDA:92,5,1,0
BRDA:92,5,2,0
BRDA:92,5,3,0
BRDA:124,6,0,0
BRDA:124,6,1,0
BRDA:140,7,0,0
BRDA:140,7,1,0
BRDA:156,8,0,0
BRDA:156,8,1,0
BRDA:161,9,0,0
BRDA:161,9,1,0
BRDA:161,9,2,0
BRDA:161,9,3,0
BRDA:166,10,0,0
BRDA:166,10,1,0
BRDA:175,11,0,0
BRDA:175,11,1,0
BRDA:175,11,2,0
BRDA:194,12,0,0
BRDA:194,12,1,0
BRDA:217,13,0,0
BRDA:217,13,1,0
BRDA:217,13,2,0
BRDA:217,13,3,0
BRDA:217,13,4,3
BRDA:250,14,0,0
BRDA:250,14,1,0
BRDA:357,15,0,0
BRDA:357,16,0,0
BRDA:357,17,0,0
BRDA:362,18,0,0
BRDA:362,18,1,0
BRDA:389,19,0,0
BRDA:389,19,1,0
BRDA:394,20,0,0
BRDA:394,20,1,0
BRDA:394,21,0,0
BRDA:394,21,1,0
BRDA:401,22,0,0
BRDA:401,22,1,0
BRDA:401,23,0,0
BRDA:401,23,1,0
BRDA:428,24,0,0
BRDA:428,24,1,0
BRDA:428,25,0,0
BRDA:428,25,1,0
BRDA:429,26,0,0
BRDA:429,26,1,0
BRDA:429,27,0,0
BRDA:429,27,1,0
BRDA:443,28,0,0
BRDA:443,28,1,0
BRDA:449,29,0,0
BRDA:450,30,0,0
BRDA:450,30,1,0
BRDA:453,31,0,0
BRDA:453,31,1,0
BRDA:464,32,0,0
BRDA:464,32,1,0
BRDA:473,33,0,0
BRDA:473,33,1,0
BRDA:482,34,0,0
BRDA:482,34,1,0
BRDA:491,35,0,0
BRDA:491,35,1,0
BRDA:493,36,0,0
BRDA:493,36,1,0
BRF:80
BRH:1
end_of_record
TN:
SF:src/routes/auth.js
FN:15,(anonymous_0)
FN:16,(anonymous_1)
FN:36,(anonymous_2)
FN:37,(anonymous_3)
FN:186,(anonymous_4)
FN:187,(anonymous_5)
FN:205,(anonymous_6)
FN:206,(anonymous_7)
FN:213,(anonymous_8)
FN:214,(anonymous_9)
FN:222,(anonymous_10)
FN:223,(anonymous_11)
FN:240,(anonymous_12)
FN:241,(anonymous_13)
FNF:14
FNH:0
FNDA:0,(anonymous_0)
FNDA:0,(anonymous_1)
FNDA:0,(anonymous_2)
FNDA:0,(anonymous_3)
FNDA:0,(anonymous_4)
FNDA:0,(anonymous_5)
FNDA:0,(anonymous_6)
FNDA:0,(anonymous_7)
FNDA:0,(anonymous_8)
FNDA:0,(anonymous_9)
FNDA:0,(anonymous_10)
FNDA:0,(anonymous_11)
FNDA:0,(anonymous_12)
FNDA:0,(anonymous_13)
DA:6,2
DA:7,2
DA:8,2
DA:9,2
DA:10,2
DA:12,2
DA:15,2
DA:16,0
DA:17,0
DA:20,0
DA:21,0
DA:22,0
DA:26,0
DA:28,0
DA:36,2
DA:37,0
DA:56,0
DA:59,0
DA:62,0
DA:63,0
DA:64,0
DA:68,0
DA:69,0
DA:70,0
DA:74,0
DA:75,0
DA:76,0
DA:77,0
DA:78,0
DA:80,0
DA:85,0
DA:86,0
DA:87,0
DA:91,0
DA:92,0
DA:93,0
DA:94,0
DA:95,0
DA:97,0
DA:102,0
DA:107,0
DA:108,0
DA:112,0
DA:113,0
DA:116,0
DA:117,0
DA:121,0
DA:122,0
DA:123,0
DA:127,0
DA:131,0
DA:132,0
DA:136,0
DA:139,0
DA:149,0
DA:158,0
DA:172,0
DA:174,0
DA:186,2
DA:187,0
DA:188,0
DA:190,0
DA:191,0
DA:195,0
DA:197,0
DA:199,0
DA:205,2
DA:206,0
DA:207,0
DA:208,0
DA:213,2
DA:214,0
DA:216,0
DA:217,0
DA:222,2
DA:223,0
DA:224,0
DA:226,0
DA:227,0
DA:230,0
DA:232,0
DA:234,0
DA:240,2
DA:241,0
DA:242,0
DA:244,0
DA:245,0
DA:249,0
DA:253,0
DA:254,0
DA:258,0
DA:259,0
DA:260,0
DA:264,0
DA:267,0
DA:268,0
DA:272,0
DA:275,0
DA:280,0
DA:282,0
DA:287,2
LF:101
LH:14
BRDA:21,0,0,0
BRDA:21,0,1,0
BRDA:63,1,0,0
BRDA:63,1,1,0
BRDA:69,2,0,0
BRDA:69,2,1,0
BRDA:75,3,0,0
BRDA:75,3,1,0
BRDA:77,4,0,0
BRDA:77,4,1,0
BRDA:86,5,0,0
BRDA:86,5,1,0
BRDA:92,6,0,0
BRDA:92,6,1,0
BRDA:94,7,0,0
BRDA:94,7,1,0
BRDA:107,8,0,0
BRDA:107,8,1,0
BRDA:112,9,0,0
BRDA:112,9,1,0
BRDA:116,10,0,0
BRDA:116,10,1,0
BRDA:122,11,0,0
BRDA:122,11,1,0
BRDA:131,12,0,0
BRDA:131,12,1,0
BRDA:150,13,0,0
BRDA:150,13,1,0
BRDA:150,14,0,0
BRDA:150,14,1,0
BRDA:153,15,0,0
BRDA:153,15,1,0
BRDA:153,16,0,0
BRDA:153,16,1,0
BRDA:162,17,0,0
BRDA:162,17,1,0
BRDA:166,18,0,0
BRDA:166,18,1,0
BRDA:167,19,0,0
BRDA:167,19,1,0
BRDA:168,20,0,0
BRDA:168,20,1,0
BRDA:190,21,0,0
BRDA:190,21,1,0
BRDA:190,22,0,0
BRDA:190,22,1,0
BRDA:226,23,0,0
BRDA:226,23,1,0
BRDA:244,24,0,0
BRDA:244,24,1,0
BRDA:244,25,0,0
BRDA:244,25,1,0
BRDA:253,26,0,0
BRDA:253,26,1,0
BRDA:259,27,0,0
BRDA:259,27,1,0
BRDA:267,28,0,0
BRDA:267,28,1,0
BRF:58
BRH:0
end_of_record
TN:
SF:src/routes/dashboardRoutes.js
FNF:0
FNH:0
DA:5,2
DA:6,2
DA:7,2
DA:9,2
DA:12,2
DA:15,2
DA:18,2
DA:21,2
DA:24,2
DA:26,2
LF:10
LH:10
BRF:0
BRH:0
end_of_record
TN:
SF:src/routes/exams.js
FN:11,(anonymous_0)
FN:22,(anonymous_1)
FN:30,(anonymous_2)
FN:73,(anonymous_3)
FN:149,(anonymous_4)
FN:191,(anonymous_5)
FN:292,(anonymous_6)
FN:358,(anonymous_7)
FN:404,(anonymous_8)
FN:464,(anonymous_9)
FN:507,(anonymous_10)
FN:534,(anonymous_11)
FNF:12
FNH:0
FNDA:0,(anonymous_0)
FNDA:0,(anonymous_1)
FNDA:0,(anonymous_2)
FNDA:0,(anonymous_3)
FNDA:0,(anonymous_4)
FNDA:0,(anonymous_5)
FNDA:0,(anonymous_6)
FNDA:0,(anonymous_7)
FNDA:0,(anonymous_8)
FNDA:0,(anonymous_9)
FNDA:0,(anonymous_10)
FNDA:0,(anonymous_11)
DA:1,2
DA:2,2
DA:3,2
DA:4,2
DA:5,2
DA:6,2
DA:7,2
DA:10,2
DA:12,0
DA:15,0
DA:16,0
DA:17,0
DA:19,0
DA:24,0
DA:25,0
DA:30,2
DA:31,0
DA:53,0
DA:54,0
DA:56,0
DA:60,2
DA:73,2
DA:74,0
DA:75,0
DA:77,0
DA:78,0
DA:81,0
DA:83,0
DA:84,0
DA:87,0
DA:88,0
DA:94,0
DA:95,0
DA:96,0
DA:97,0
DA:99,0
DA:100,0
DA:105,0
DA:125,0
DA:127,0
DA:139,0
DA:140,0
DA:149,2
DA:150,0
DA:151,0
DA:153,0
DA:168,0
DA:169,0
DA:175,0
DA:181,0
DA:182,0
DA:191,2
DA:192,0
DA:203,0
DA:206,0
DA:207,0
DA:214,0
DA:218,0
DA:219,0
DA:226,0
DA:227,0
DA:228,0
DA:229,0
DA:231,0
DA:232,0
DA:233,0
DA:234,0
DA:235,0
DA:239,0
DA:265,0
DA:272,0
DA:275,0
DA:276,0
DA:277,0
DA:279,0
DA:283,0
DA:292,2
DA:293,0
DA:294,0
DA:304,0
DA:307,0
DA:311,0
DA:312,0
DA:319,0
DA:341,0
DA:348,0
DA:349,0
DA:358,2
DA:359,0
DA:360,0
DA:363,0
DA:367,0
DA:368,0
DA:375,0
DA:376,0
DA:377,0
DA:379,0
DA:384,0
DA:388,0
DA:394,0
DA:395,0
DA:404,2
DA:405,0
DA:406,0
DA:408,0
DA:419,0
DA:420,0
DA:426,0
DA:427,0
DA:434,0
DA:435,0
DA:437,0
DA:444,0
DA:447,0
DA:448,0
DA:451,0
DA:454,0
DA:455,0
DA:464,2
DA:465,0
DA:466,0
DA:468,0
DA:472,0
DA:473,0
DA:480,0
DA:481,0
DA:483,0
DA:490,0
DA:491,0
DA:494,0
DA:497,0
DA:498,0
DA:507,2
DA:508,0
DA:509,0
DA:511,0
DA:518,0
DA:524,0
DA:525,0
DA:534,2
DA:535,0
DA:536,0
DA:559,0
DA:565,0
DA:566,0
DA:574,2
LF:146
LH:20
BRDA:24,0,0,0
BRDA:24,0,1,0
BRDA:53,1,0,0
BRDA:53,1,1,0
BRDA:75,2,0,0
BRDA:75,3,0,0
BRDA:83,4,0,0
BRDA:83,4,1,0
BRDA:87,5,0,0
BRDA:87,5,1,0
BRDA:94,6,0,0
BRDA:94,6,1,0
BRDA:94,7,0,0
BRDA:94,7,1,0
BRDA:96,8,0,0
BRDA:96,8,1,0
BRDA:99,9,0,0
BRDA:99,9,1,0
BRDA:168,10,0,0
BRDA:168,10,1,0
BRDA:206,11,0,0
BRDA:206,11,1,0
BRDA:206,12,0,0
BRDA:206,12,1,0
BRDA:206,12,2,0
BRDA:206,12,3,0
BRDA:218,13,0,0
BRDA:218,13,1,0
BRDA:231,14,0,0
BRDA:231,14,1,0
BRDA:245,15,0,0
BRDA:245,15,1,0
BRDA:275,16,0,0
BRDA:275,16,1,0
BRDA:311,17,0,0
BRDA:311,17,1,0
BRDA:324,18,0,0
BRDA:324,18,1,0
BRDA:325,19,0,0
BRDA:325,19,1,0
BRDA:367,20,0,0
BRDA:367,20,1,0
BRDA:375,21,0,0
BRDA:375,21,1,0
BRDA:419,22,0,0
BRDA:419,22,1,0
BRDA:426,23,0,0
BRDA:426,23,1,0
BRDA:448,24,0,0
BRDA:448,24,1,0
BRDA:472,25,0,0
BRDA:472,25,1,0
BRDA:472,26,0,0
BRDA:472,26,1,0
BRDA:490,27,0,0
BRDA:490,27,1,0
BRF:56
BRH:0
end_of_record
TN:
SF:src/routes/historicoRoutes.js
FNF:0
FNH:0
DA:5,2
DA:6,2
DA:7,2
DA:9,2
DA:12,2
DA:15,2
DA:18,2
DA:20,2
LF:8
LH:8
BRF:0
BRH:0
end_of_record
TN:
SF:src/routes/medicos.js
FN:27,(anonymous_0)
FN:28,(anonymous_1)
FN:82,(anonymous_2)
FN:112,(anonymous_3)
FN:113,(anonymous_4)
FN:194,(anonymous_5)
FN:195,(anonymous_6)
FN:254,(anonymous_7)
FN:323,(anonymous_8)
FN:324,(anonymous_9)
FN:377,(anonymous_10)
FN:395,(anonymous_11)
FN:456,(anonymous_12)
FN:457,(anonymous_13)
FN:484,(anonymous_14)
FN:485,(anonymous_15)
FN:512,(anonymous_16)
FN:513,(anonymous_17)
FN:549,(anonymous_18)
FN:550,(anonymous_19)
FN:589,(anonymous_20)
FN:599,(anonymous_21)
FN:608,(anonymous_22)
FNF:23
FNH:0
FNDA:0,(anonymous_0)
FNDA:0,(anonymous_1)
FNDA:0,(anonymous_2)
FNDA:0,(anonymous_3)
FNDA:0,(anonymous_4)
FNDA:0,(anonymous_5)
FNDA:0,(anonymous_6)
FNDA:0,(anonymous_7)
FNDA:0,(anonymous_8)
FNDA:0,(anonymous_9)
FNDA:0,(anonymous_10)
FNDA:0,(anonymous_11)
FNDA:0,(anonymous_12)
FNDA:0,(anonymous_13)
FNDA:0,(anonymous_14)
FNDA:0,(anonymous_15)
FNDA:0,(anonymous_16)
FNDA:0,(anonymous_17)
FNDA:0,(anonymous_18)
FNDA:0,(anonymous_19)
FNDA:0,(anonymous_20)
FNDA:0,(anonymous_21)
FNDA:0,(anonymous_22)
DA:6,1
DA:7,1
DA:8,1
DA:9,1
DA:10,1
DA:11,1
DA:13,1
DA:20,1
DA:27,1
DA:28,0
DA:35,0
DA:37,0
DA:40,0
DA:46,0
DA:47,0
DA:54,0
DA:55,0
DA:59,0
DA:82,0
DA:102,0
DA:112,1
DA:113,0
DA:114,0
DA:116,0
DA:161,0
DA:162,0
DA:166,0
DA:188,0
DA:194,1
DA:195,0
DA:209,0
DA:212,0
DA:219,0
DA:220,0
DA:221,0
DA:225,0
DA:226,0
DA:227,0
DA:231,0
DA:232,0
DA:236,0
DA:237,0
DA:238,0
DA:242,0
DA:246,0
DA:247,0
DA:251,0
DA:254,0
DA:256,0
DA:266,0
DA:293,0
DA:296,0
DA:299,0
DA:317,0
DA:323,1
DA:324,0
DA:325,0
DA:326,0
DA:329,0
DA:334,0
DA:335,0
DA:339,0
DA:341,0
DA:342,0
DA:343,0
DA:344,0
DA:348,0
DA:349,0
DA:350,0
DA:351,0
DA:355,0
DA:356,0
DA:357,0
DA:358,0
DA:362,0
DA:363,0
DA:367,0
DA:368,0
DA:371,0
DA:372,0
DA:376,0
DA:377,0
DA:378,0
DA:379,0
DA:381,0
DA:382,0
DA:383,0
DA:387,0
DA:395,0
DA:397,0
DA:398,0
DA:405,0
DA:406,0
DA:413,0
DA:429,0
DA:432,0
DA:450,0
DA:456,1
DA:457,0
DA:458,0
DA:461,0
DA:466,0
DA:467,0
DA:471,0
DA:476,0
DA:478,0
DA:484,1
DA:485,0
DA:486,0
DA:489,0
DA:494,0
DA:495,0
DA:499,0
DA:504,0
DA:506,0
DA:512,1
DA:513,0
DA:514,0
DA:517,0
DA:521,0
DA:522,0
DA:525,0
DA:526,0
DA:530,0
DA:537,0
DA:539,0
DA:549,1
DA:550,0
DA:558,0
DA:589,0
DA:599,0
DA:602,0
DA:608,0
DA:621,1
LF:134
LH:17
BRDA:30,0,0,0
BRDA:31,1,0,0
BRDA:34,2,0,0
BRDA:46,3,0,0
BRDA:46,3,1,0
BRDA:54,4,0,0
BRDA:54,4,1,0
BRDA:161,5,0,0
BRDA:161,5,1,0
BRDA:216,6,0,0
BRDA:216,6,1,0
BRDA:220,7,0,0
BRDA:220,7,1,0
BRDA:226,8,0,0
BRDA:226,8,1,0
BRDA:231,9,0,0
BRDA:231,9,1,0
BRDA:231,10,0,0
BRDA:231,10,1,0
BRDA:237,11,0,0
BRDA:237,11,1,0
BRDA:246,12,0,0
BRDA:246,12,1,0
BRDA:270,13,0,0
BRDA:270,13,1,0
BRDA:275,14,0,0
BRDA:275,14,1,0
BRDA:334,15,0,0
BRDA:334,15,1,0
BRDA:341,16,0,0
BRDA:341,16,1,0
BRDA:343,17,0,0
BRDA:343,17,1,0
BRDA:348,18,0,0
BRDA:348,18,1,0
BRDA:350,19,0,0
BRDA:350,19,1,0
BRDA:355,20,0,0
BRDA:355,20,1,0
BRDA:357,21,0,0
BRDA:357,21,1,0
BRDA:362,22,0,0
BRDA:362,22,1,0
BRDA:371,23,0,0
BRDA:371,23,1,0
BRDA:378,24,0,0
BRDA:378,24,1,0
BRDA:379,25,0,0
BRDA:379,25,1,0
BRDA:379,26,0,0
BRDA:379,26,1,0
BRDA:382,27,0,0
BRDA:382,27,1,0
BRDA:388,28,0,0
BRDA:388,28,1,0
BRDA:388,29,0,0
BRDA:388,29,1,0
BRDA:397,30,0,0
BRDA:397,30,1,0
BRDA:405,31,0,0
BRDA:405,31,1,0
BRDA:466,32,0,0
BRDA:466,32,1,0
BRDA:494,33,0,0
BRDA:494,33,1,0
BRDA:521,34,0,0
BRDA:521,34,1,0
BRDA:525,35,0,0
BRDA:525,35,1,0
BRF:69
BRH:0
end_of_record
TN:
SF:src/routes/medicosRoutes.js
FNF:0
FNH:0
DA:5,1
DA:6,1
DA:7,1
DA:8,1
DA:9,1
DA:11,1
DA:14,1
DA:17,1
DA:20,1
DA:23,1
DA:26,1
DA:29,1
DA:37,1
DA:40,1
DA:43,1
DA:46,1
DA:49,1
DA:57,1
DA:59,1
LF:19
LH:19
BRF:0
BRH:0
end_of_record
TN:
SF:src/routes/patients-db.js
FN:13,(anonymous_0)
FN:53,(anonymous_1)
FN:104,(anonymous_2)
FN:159,(anonymous_3)
FN:184,(anonymous_4)
FN:277,(anonymous_5)
FN:388,(anonymous_6)
FN:426,(anonymous_7)
FNF:8
FNH:0
FNDA:0,(anonymous_0)
FNDA:0,(anonymous_1)
FNDA:0,(anonymous_2)
FNDA:0,(anonymous_3)
FNDA:0,(anonymous_4)
FNDA:0,(anonymous_5)
FNDA:0,(anonymous_6)
FNDA:0,(anonymous_7)
DA:1,2
DA:2,2
DA:3,2
DA:4,2
DA:6,2
DA:13,2
DA:14,0
DA:15,0
DA:17,0
DA:18,0
DA:20,0
DA:22,0
DA:23,0
DA:30,0
DA:53,0
DA:83,0
DA:85,0
DA:95,0
DA:96,0
DA:104,2
DA:105,0
DA:106,0
DA:108,0
DA:126,0
DA:127,0
DA:134,0
DA:159,0
DA:168,0
DA:170,0
DA:175,0
DA:176,0
DA:184,2
DA:185,0
DA:201,0
DA:204,0
DA:208,0
DA:209,0
DA:216,0
DA:238,0
DA:239,0
DA:252,0
DA:254,0
DA:268,0
DA:269,0
DA:277,2
DA:278,0
DA:279,0
DA:292,0
DA:295,0
DA:299,0
DA:300,0
DA:307,0
DA:308,0
DA:312,0
DA:313,0
DA:321,0
DA:341,0
DA:343,0
DA:351,0
DA:364,0
DA:366,0
DA:379,0
DA:380,0
DA:388,2
DA:389,0
DA:390,0
DA:393,0
DA:397,0
DA:398,0
DA:405,0
DA:410,0
DA:412,0
DA:417,0
DA:418,0
DA:426,2
DA:427,0
DA:433,0
DA:453,0
DA:455,0
DA:465,0
DA:466,0
DA:473,2
LF:82
LH:12
BRDA:15,0,0,0
BRDA:15,1,0,0
BRDA:22,2,0,0
BRDA:22,2,1,0
BRDA:58,3,0,0
BRDA:58,3,1,0
BRDA:72,4,0,0
BRDA:72,4,1,0
BRDA:78,5,0,0
BRDA:78,5,1,0
BRDA:80,6,0,0
BRDA:80,6,1,0
BRDA:83,7,0,0
BRDA:83,7,1,0
BRDA:126,8,0,0
BRDA:126,8,1,0
BRDA:139,9,0,0
BRDA:139,9,1,0
BRDA:153,10,0,0
BRDA:153,10,1,0
BRDA:159,11,0,0
BRDA:159,11,1,0
BRDA:198,12,0,0
BRDA:208,13,0,0
BRDA:208,13,1,0
BRDA:220,14,0,0
BRDA:220,14,1,0
BRDA:223,15,0,0
BRDA:223,15,1,0
BRDA:224,16,0,0
BRDA:224,16,1,0
BRDA:225,17,0,0
BRDA:225,17,1,0
BRDA:226,18,0,0
BRDA:226,18,1,0
BRDA:227,19,0,0
BRDA:227,19,1,0
BRDA:228,20,0,0
BRDA:228,20,1,0
BRDA:229,21,0,0
BRDA:229,21,1,0
BRDA:230,22,0,0
BRDA:230,22,1,0
BRDA:231,23,0,0
BRDA:231,23,1,0
BRDA:232,24,0,0
BRDA:232,24,1,0
BRDA:233,25,0,0
BRDA:233,25,1,0
BRDA:238,26,0,0
BRDA:238,26,1,0
BRDA:245,27,0,0
BRDA:245,27,1,0
BRDA:299,28,0,0
BRDA:299,28,1,0
BRDA:307,29,0,0
BRDA:307,29,1,0
BRDA:312,30,0,0
BRDA:312,30,1,0
BRDA:326,31,0,0
BRDA:326,31,1,0
BRDA:328,32,0,0
BRDA:328,32,1,0
BRDA:329,33,0,0
BRDA:329,33,1,0
BRDA:330,34,0,0
BRDA:330,34,1,0
BRDA:331,35,0,0
BRDA:331,35,1,0
BRDA:332,36,0,0
BRDA:332,36,1,0
BRDA:333,37,0,0
BRDA:333,37,1,0
BRDA:334,38,0,0
BRDA:334,38,1,0
BRDA:335,39,0,0
BRDA:335,39,1,0
BRDA:336,40,0,0
BRDA:336,40,1,0
BRDA:341,41,0,0
BRDA:341,41,1,0
BRDA:357,42,0,0
BRDA:357,42,1,0
BRDA:397,43,0,0
BRDA:397,43,1,0
BRF:85
BRH:0
end_of_record
TN:
SF:src/routes/patients.js
FN:26,(anonymous_0)
FN:27,(anonymous_1)
FN:62,(anonymous_2)
FN:78,(anonymous_3)
FN:79,(anonymous_4)
FN:110,(anonymous_5)
FN:111,(anonymous_6)
FN:212,(anonymous_7)
FN:239,(anonymous_8)
FN:240,(anonymous_9)
FN:369,(anonymous_10)
FN:370,(anonymous_11)
FN:395,(anonymous_12)
FN:396,(anonymous_13)
FN:417,(anonymous_14)
FN:422,(anonymous_15)
FN:438,(anonymous_16)
FN:439,(anonymous_17)
FN:565,(anonymous_18)
FN:566,(anonymous_19)
FN:598,(anonymous_20)
FN:610,(anonymous_21)
FN:611,(anonymous_22)
FN:658,(anonymous_23)
FN:659,(anonymous_24)
FN:680,(anonymous_25)
FN:751,(anonymous_26)
FN:752,(anonymous_27)
FNF:28
FNH:0
FNDA:0,(anonymous_0)
FNDA:0,(anonymous_1)
FNDA:0,(anonymous_2)
FNDA:0,(anonymous_3)
FNDA:0,(anonymous_4)
FNDA:0,(anonymous_5)
FNDA:0,(anonymous_6)
FNDA:0,(anonymous_7)
FNDA:0,(anonymous_8)
FNDA:0,(anonymous_9)
FNDA:0,(anonymous_10)
FNDA:0,(anonymous_11)
FNDA:0,(anonymous_12)
FNDA:0,(anonymous_13)
FNDA:0,(anonymous_14)
FNDA:0,(anonymous_15)
FNDA:0,(anonymous_16)
FNDA:0,(anonymous_17)
FNDA:0,(anonymous_18)
FNDA:0,(anonymous_19)
FNDA:0,(anonymous_20)
FNDA:0,(anonymous_21)
FNDA:0,(anonymous_22)
FNDA:0,(anonymous_23)
FNDA:0,(anonymous_24)
FNDA:0,(anonymous_25)
FNDA:0,(anonymous_26)
FNDA:0,(anonymous_27)
DA:6,0
DA:7,0
DA:8,0
DA:9,0
DA:10,0
DA:12,0
DA:19,0
DA:26,0
DA:27,0
DA:28,0
DA:30,0
DA:31,0
DA:33,0
DA:35,0
DA:36,0
DA:45,0
DA:62,0
DA:68,0
DA:78,0
DA:79,0
DA:80,0
DA:82,0
DA:100,0
DA:101,0
DA:104,0
DA:110,0
DA:111,0
DA:128,0
DA:131,0
DA:134,0
DA:135,0
DA:136,0
DA:140,0
DA:141,0
DA:142,0
DA:146,0
DA:151,0
DA:152,0
DA:156,0
DA:157,0
DA:158,0
DA:159,0
DA:160,0
DA:162,0
DA:167,0
DA:168,0
DA:169,0
DA:170,0
DA:171,0
DA:173,0
DA:177,0
DA:178,0
DA:182,0
DA:186,0
DA:187,0
DA:191,0
DA:211,0
DA:212,0
DA:214,0
DA:215,0
DA:216,0
DA:228,0
DA:230,0
DA:239,0
DA:240,0
DA:241,0
DA:251,0
DA:254,0
DA:258,0
DA:259,0
DA:263,0
DA:264,0
DA:267,0
DA:268,0
DA:269,0
DA:270,0
DA:272,0
DA:277,0
DA:278,0
DA:279,0
DA:280,0
DA:283,0
DA:284,0
DA:288,0
DA:289,0
DA:292,0
DA:297,0
DA:298,0
DA:303,0
DA:304,0
DA:306,0
DA:311,0
DA:312,0
DA:313,0
DA:314,0
DA:315,0
DA:317,0
DA:320,0
DA:325,0
DA:326,0
DA:327,0
DA:328,0
DA:329,0
DA:331,0
DA:334,0
DA:339,0
DA:340,0
DA:343,0
DA:344,0
DA:347,0
DA:348,0
DA:351,0
DA:352,0
DA:356,0
DA:361,0
DA:363,0
DA:369,0
DA:370,0
DA:371,0
DA:374,0
DA:378,0
DA:379,0
DA:383,0
DA:387,0
DA:389,0
DA:395,0
DA:396,0
DA:402,0
DA:417,0
DA:422,0
DA:425,0
DA:438,0
DA:439,0
DA:440,0
DA:441,0
DA:473,0
DA:476,0
DA:480,0
DA:481,0
DA:485,0
DA:492,0
DA:493,0
DA:497,0
DA:527,0
DA:557,0
DA:559,0
DA:565,0
DA:566,0
DA:567,0
DA:568,0
DA:569,0
DA:571,0
DA:572,0
DA:574,0
DA:598,0
DA:600,0
DA:610,0
DA:611,0
DA:612,0
DA:613,0
DA:615,0
DA:648,0
DA:649,0
DA:652,0
DA:658,0
DA:659,0
DA:660,0
DA:661,0
DA:663,0
DA:664,0
DA:665,0
DA:666,0
DA:668,0
DA:675,0
DA:676,0
DA:680,0
DA:681,0
DA:682,0
DA:712,0
DA:713,0
DA:717,0
DA:743,0
DA:745,0
DA:751,0
DA:752,0
DA:753,0
DA:754,0
DA:756,0
DA:764,0
DA:772,0
LF:190
LH:0
BRDA:28,0,0,0
BRDA:28,1,0,0
BRDA:35,2,0,0
BRDA:35,2,1,0
BRDA:64,3,0,0
BRDA:64,3,1,0
BRDA:100,4,0,0
BRDA:100,4,1,0
BRDA:135,5,0,0
BRDA:135,5,1,0
BRDA:141,6,0,0
BRDA:141,6,1,0
BRDA:151,7,0,0
BRDA:151,7,1,0
BRDA:157,8,0,0
BRDA:157,8,1,0
BRDA:159,9,0,0
BRDA:159,9,1,0
BRDA:168,10,0,0
BRDA:168,10,1,0
BRDA:170,11,0,0
BRDA:170,11,1,0
BRDA:177,12,0,0
BRDA:177,12,1,0
BRDA:186,13,0,0
BRDA:186,13,1,0
BRDA:195,14,0,0
BRDA:195,14,1,0
BRDA:199,15,0,0
BRDA:199,15,1,0
BRDA:200,16,0,0
BRDA:200,16,1,0
BRDA:201,17,0,0
BRDA:201,17,1,0
BRDA:202,18,0,0
BRDA:202,18,1,0
BRDA:203,19,0,0
BRDA:203,19,1,0
BRDA:204,20,0,0
BRDA:204,20,1,0
BRDA:205,21,0,0
BRDA:205,21,1,0
BRDA:206,22,0,0
BRDA:206,22,1,0
BRDA:211,23,0,0
BRDA:211,23,1,0
BRDA:211,24,0,0
BRDA:211,24,1,0
BRDA:215,25,0,0
BRDA:215,25,1,0
BRDA:258,26,0,0
BRDA:258,26,1,0
BRDA:267,27,0,0
BRDA:267,27,1,0
BRDA:269,28,0,0
BRDA:269,28,1,0
BRDA:277,29,0,0
BRDA:277,29,1,0
BRDA:279,30,0,0
BRDA:279,30,1,0
BRDA:283,31,0,0
BRDA:283,31,1,0
BRDA:288,32,0,0
BRDA:288,32,1,0
BRDA:297,33,0,0
BRDA:297,33,1,0
BRDA:303,34,0,0
BRDA:303,34,1,0
BRDA:311,35,0,0
BRDA:311,35,1,0
BRDA:312,36,0,0
BRDA:312,36,1,0
BRDA:314,37,0,0
BRDA:314,37,1,0
BRDA:325,38,0,0
BRDA:325,38,1,0
BRDA:326,39,0,0
BRDA:326,39,1,0
BRDA:328,40,0,0
BRDA:328,40,1,0
BRDA:339,41,0,0
BRDA:339,41,1,0
BRDA:340,42,0,0
BRDA:340,42,1,0
BRDA:343,43,0,0
BRDA:343,43,1,0
BRDA:344,44,0,0
BRDA:344,44,1,0
BRDA:347,45,0,0
BRDA:347,45,1,0
BRDA:348,46,0,0
BRDA:348,46,1,0
BRDA:351,47,0,0
BRDA:351,47,1,0
BRDA:378,48,0,0
BRDA:378,48,1,0
BRDA:480,49,0,0
BRDA:480,49,1,0
BRDA:492,50,0,0
BRDA:492,50,1,0
BRDA:532,51,0,0
BRDA:532,51,1,0
BRDA:569,52,0,0
BRDA:569,53,0,0
BRDA:648,54,0,0
BRDA:648,54,1,0
BRDA:675,55,0,0
BRDA:675,55,1,0
BRDA:681,56,0,0
BRDA:681,56,1,0
BRDA:681,57,0,0
BRDA:681,57,1,0
BRDA:712,58,0,0
BRDA:712,58,1,0
BRDA:766,59,0,0
BRDA:766,59,1,0
BRF:116
BRH:0
end_of_record
TN:
SF:src/routes/portal-medico.js
FN:8,(anonymous_0)
FN:39,(anonymous_1)
FN:91,(anonymous_2)
FN:105,(anonymous_3)
FN:161,(anonymous_4)
FN:171,(anonymous_5)
FN:186,(anonymous_6)
FN:230,(anonymous_7)
FN:255,(anonymous_8)
FN:295,(anonymous_9)
FN:320,(anonymous_10)
FN:366,(anonymous_11)
FN:384,(anonymous_12)
FN:457,(anonymous_13)
FN:461,(anonymous_14)
FN:474,calcularIdade
FN:488,processarPrescricoesPorMes
FN:491,(anonymous_17)
FN:499,processarIdadePacientes
FN:508,(anonymous_19)
FNF:20
FNH:0
FNDA:0,(anonymous_0)
FNDA:0,(anonymous_1)
FNDA:0,(anonymous_2)
FNDA:0,(anonymous_3)
FNDA:0,(anonymous_4)
FNDA:0,(anonymous_5)
FNDA:0,(anonymous_6)
FNDA:0,(anonymous_7)
FNDA:0,(anonymous_8)
FNDA:0,(anonymous_9)
FNDA:0,(anonymous_10)
FNDA:0,(anonymous_11)
FNDA:0,(anonymous_12)
FNDA:0,(anonymous_13)
FNDA:0,(anonymous_14)
FNDA:0,calcularIdade
FNDA:0,processarPrescricoesPorMes
FNDA:0,(anonymous_17)
FNDA:0,processarIdadePacientes
FNDA:0,(anonymous_19)
DA:1,1
DA:2,1
DA:3,1
DA:4,1
DA:5,1
DA:8,1
DA:9,0
DA:11,0
DA:14,0
DA:19,0
DA:20,0
DA:24,0
DA:25,0
DA:33,0
DA:39,0
DA:79,0
DA:91,0
DA:101,0
DA:105,1
DA:106,0
DA:107,0
DA:108,0
DA:109,0
DA:110,0
DA:112,0
DA:115,0
DA:121,0
DA:122,0
DA:129,0
DA:161,0
DA:171,0
DA:175,0
DA:182,0
DA:186,1
DA:187,0
DA:188,0
DA:189,0
DA:190,0
DA:191,0
DA:192,0
DA:193,0
DA:195,0
DA:197,0
DA:199,0
DA:200,0
DA:203,0
DA:204,0
DA:210,0
DA:230,0
DA:244,0
DA:251,0
DA:255,1
DA:256,0
DA:257,0
DA:258,0
DA:259,0
DA:260,0
DA:262,0
DA:264,0
DA:266,0
DA:267,0
DA:268,0
DA:273,0
DA:295,0
DA:309,0
DA:316,0
DA:320,1
DA:321,0
DA:322,0
DA:323,0
DA:324,0
DA:326,0
DA:328,0
DA:330,0
DA:331,0
DA:337,0
DA:338,0
DA:339,0
DA:341,0
DA:347,0
DA:348,0
DA:351,0
DA:366,0
DA:380,0
DA:384,1
DA:385,0
DA:386,0
DA:388,0
DA:390,0
DA:391,0
DA:399,0
DA:449,0
DA:458,0
DA:459,0
DA:462,0
DA:463,0
DA:470,0
DA:475,0
DA:476,0
DA:477,0
DA:478,0
DA:479,0
DA:481,0
DA:482,0
DA:485,0
DA:489,0
DA:491,0
DA:492,0
DA:493,0
DA:496,0
DA:500,0
DA:508,0
DA:509,0
DA:511,0
DA:512,0
DA:513,0
DA:514,0
DA:515,0
DA:518,0
DA:521,1
LF:120
LH:12
BRDA:19,0,0,0
BRDA:19,0,1,0
BRDA:107,1,0,0
BRDA:107,1,1,0
BRDA:108,2,0,0
BRDA:108,2,1,0
BRDA:109,3,0,0
BRDA:109,3,1,0
BRDA:121,4,0,0
BRDA:121,4,1,0
BRDA:165,5,0,0
BRDA:165,5,1,0
BRDA:168,6,0,0
BRDA:168,6,1,0
BRDA:169,7,0,0
BRDA:169,7,1,0
BRDA:188,8,0,0
BRDA:188,8,1,0
BRDA:189,9,0,0
BRDA:189,9,1,0
BRDA:190,10,0,0
BRDA:190,10,1,0
BRDA:199,11,0,0
BRDA:199,11,1,0
BRDA:203,12,0,0
BRDA:203,12,1,0
BRDA:203,13,0,0
BRDA:203,13,1,0
BRDA:240,14,0,0
BRDA:240,14,1,0
BRDA:257,15,0,0
BRDA:257,15,1,0
BRDA:258,16,0,0
BRDA:258,16,1,0
BRDA:266,17,0,0
BRDA:266,17,1,0
BRDA:306,18,0,0
BRDA:306,18,1,0
BRDA:330,19,0,0
BRDA:330,19,1,0
BRDA:330,20,0,0
BRDA:330,20,1,0
BRDA:347,21,0,0
BRDA:347,21,1,0
BRDA:376,22,0,0
BRDA:376,22,1,0
BRDA:386,23,0,0
BRDA:386,23,1,0
BRDA:481,24,0,0
BRDA:481,24,1,0
BRDA:481,25,0,0
BRDA:481,25,1,0
BRDA:481,25,2,0
BRDA:493,26,0,0
BRDA:493,26,1,0
BRDA:511,27,0,0
BRDA:511,27,1,0
BRDA:512,28,0,0
BRDA:512,28,1,0
BRDA:513,29,0,0
BRDA:513,29,1,0
BRDA:514,30,0,0
BRDA:514,30,1,0
BRF:63
BRH:0
end_of_record
TN:
SF:src/routes/records.js
FN:11,(anonymous_0)
FN:100,(anonymous_1)
FN:164,(anonymous_2)
FN:193,(anonymous_3)
FN:272,(anonymous_4)
FN:350,(anonymous_5)
FN:367,(anonymous_6)
FN:405,(anonymous_7)
FNF:8
FNH:0
FNDA:0,(anonymous_0)
FNDA:0,(anonymous_1)
FNDA:0,(anonymous_2)
FNDA:0,(anonymous_3)
FNDA:0,(anonymous_4)
FNDA:0,(anonymous_5)
FNDA:0,(anonymous_6)
FNDA:0,(anonymous_7)
DA:1,2
DA:2,2
DA:3,2
DA:4,2
DA:11,2
DA:12,0
DA:13,0
DA:15,0
DA:16,0
DA:19,0
DA:21,0
DA:22,0
DA:25,0
DA:26,0
DA:29,0
DA:30,0
DA:31,0
DA:32,0
DA:34,0
DA:35,0
DA:40,0
DA:76,0
DA:78,0
DA:90,0
DA:91,0
DA:100,2
DA:101,0
DA:102,0
DA:104,0
DA:141,0
DA:142,0
DA:148,0
DA:154,0
DA:155,0
DA:164,2
DA:165,0
DA:182,0
DA:185,0
DA:186,0
DA:193,0
DA:195,0
DA:213,0
DA:214,0
DA:223,0
DA:224,0
DA:225,0
DA:238,0
DA:239,0
DA:240,0
DA:252,0
DA:255,0
DA:262,0
DA:263,0
DA:272,2
DA:273,0
DA:274,0
DA:284,0
DA:287,0
DA:291,0
DA:292,0
DA:299,0
DA:333,0
DA:340,0
DA:341,0
DA:350,2
DA:351,0
DA:352,0
DA:355,0
DA:359,0
DA:360,0
DA:367,0
DA:369,0
DA:374,0
DA:379,0
DA:384,0
DA:389,0
DA:395,0
DA:396,0
DA:405,2
DA:406,0
DA:407,0
DA:409,0
DA:431,0
DA:437,0
DA:438,0
DA:446,2
LF:86
LH:11
BRDA:13,0,0,0
BRDA:13,1,0,0
BRDA:21,2,0,0
BRDA:21,2,1,0
BRDA:25,3,0,0
BRDA:25,3,1,0
BRDA:29,4,0,0
BRDA:29,4,1,0
BRDA:29,5,0,0
BRDA:29,5,1,0
BRDA:31,6,0,0
BRDA:31,6,1,0
BRDA:34,7,0,0
BRDA:34,7,1,0
BRDA:141,8,0,0
BRDA:141,8,1,0
BRDA:185,9,0,0
BRDA:185,9,1,0
BRDA:185,10,0,0
BRDA:185,10,1,0
BRDA:185,10,2,0
BRDA:185,10,3,0
BRDA:207,11,0,0
BRDA:207,11,1,0
BRDA:213,12,0,0
BRDA:213,12,1,0
BRDA:223,13,0,0
BRDA:223,13,1,0
BRDA:223,14,0,0
BRDA:223,14,1,0
BRDA:231,15,0,0
BRDA:231,15,1,0
BRDA:238,16,0,0
BRDA:238,16,1,0
BRDA:238,17,0,0
BRDA:238,17,1,0
BRDA:246,18,0,0
BRDA:246,18,1,0
BRDA:291,19,0,0
BRDA:291,19,1,0
BRDA:308,20,0,0
BRDA:308,20,1,0
BRDA:359,21,0,0
BRDA:359,21,1,0
BRF:44
BRH:0
end_of_record
TN:
SF:src/routes/statistics.js
FN:12,loadStatistics
FN:23,getRealDataFromDatabase
FN:227,mergeRealDataWithStats
FN:284,createDefaultStats
FN:331,saveStatisticsToDatabase
FN:437,getStatisticsFromDatabase
FN:451,(anonymous_6)
FN:480,saveStatistics
FN:490,updateStatsWithRealism
FN:524,(anonymous_9)
FN:557,(anonymous_10)
FN:723,(anonymous_11)
FN:790,(anonymous_12)
FNF:13
FNH:0
FNDA:0,loadStatistics
FNDA:0,getRealDataFromDatabase
FNDA:0,mergeRealDataWithStats
FNDA:0,createDefaultStats
FNDA:0,saveStatisticsToDatabase
FNDA:0,getStatisticsFromDatabase
FNDA:0,(anonymous_6)
FNDA:0,saveStatistics
FNDA:0,updateStatsWithRealism
FNDA:0,(anonymous_9)
FNDA:0,(anonymous_10)
FNDA:0,(anonymous_11)
FNDA:0,(anonymous_12)
DA:1,2
DA:2,2
DA:3,2
DA:4,2
DA:5,2
DA:6,2
DA:9,2
DA:13,0
DA:14,0
DA:15,0
DA:17,0
DA:18,0
DA:24,0
DA:33,0
DA:35,0
DA:36,0
DA:37,0
DA:40,0
DA:41,0
DA:42,0
DA:48,0
DA:51,0
DA:52,0
DA:62,0
DA:64,0
DA:66,0
DA:70,0
DA:71,0
DA:72,0
DA:81,0
DA:91,0
DA:92,0
DA:93,0
DA:95,0
DA:97,0
DA:101,0
DA:102,0
DA:103,0
DA:104,0
DA:105,0
DA:107,0
DA:116,0
DA:122,0
DA:128,0
DA:129,0
DA:130,0
DA:132,0
DA:134,0
DA:138,0
DA:139,0
DA:148,0
DA:150,0
DA:151,0
DA:152,0
DA:154,0
DA:156,0
DA:160,0
DA:161,0
DA:162,0
DA:165,0
DA:166,0
DA:167,0
DA:173,0
DA:174,0
DA:175,0
DA:177,0
DA:179,0
DA:183,0
DA:184,0
DA:187,0
DA:188,0
DA:189,0
DA:196,0
DA:197,0
DA:206,0
DA:207,0
DA:208,0
DA:210,0
DA:212,0
DA:215,0
DA:216,0
DA:219,0
DA:220,0
DA:222,0
DA:228,0
DA:230,0
DA:233,0
DA:234,0
DA:242,0
DA:243,0
DA:251,0
DA:252,0
DA:260,0
DA:261,0
DA:269,0
DA:270,0
DA:278,0
DA:280,0
DA:285,0
DA:286,0
DA:287,0
DA:290,0
DA:323,0
DA:332,0
DA:333,0
DA:336,0
DA:402,0
DA:405,0
DA:410,0
DA:413,0
DA:415,0
DA:416,0
DA:417,0
DA:418,0
DA:419,0
DA:421,0
DA:425,0
DA:426,0
DA:429,0
DA:430,0
DA:432,0
DA:438,0
DA:439,0
DA:444,0
DA:445,0
DA:449,0
DA:451,0
DA:452,0
DA:453,0
DA:463,0
DA:464,0
DA:474,0
DA:475,0
DA:477,0
DA:481,0
DA:482,0
DA:483,0
DA:485,0
DA:491,0
DA:492,0
DA:495,0
DA:503,0
DA:504,0
DA:506,0
DA:507,0
DA:508,0
DA:509,0
DA:510,0
DA:513,0
DA:514,0
DA:515,0
DA:517,0
DA:520,0
DA:524,2
DA:525,0
DA:526,0
DA:529,0
DA:532,0
DA:535,0
DA:538,0
DA:540,0
DA:547,0
DA:548,0
DA:557,2
DA:558,0
DA:560,0
DA:563,0
DA:566,0
DA:567,0
DA:569,0
DA:572,0
DA:575,0
DA:578,0
DA:579,0
DA:582,0
DA:617,0
DA:631,0
DA:632,0
DA:633,0
DA:635,0
DA:638,0
DA:645,0
DA:646,0
DA:664,0
DA:667,0
DA:702,0
DA:723,2
DA:724,0
DA:725,0
DA:727,0
DA:728,0
DA:734,0
DA:737,0
DA:739,0
DA:740,0
DA:741,0
DA:743,0
DA:745,0
DA:746,0
DA:747,0
DA:749,0
DA:751,0
DA:752,0
DA:753,0
DA:754,0
DA:755,0
DA:757,0
DA:759,0
DA:760,0
DA:761,0
DA:762,0
DA:764,0
DA:766,0
DA:772,0
DA:773,0
DA:775,0
DA:781,0
DA:782,0
DA:790,2
DA:791,0
DA:792,0
DA:793,0
DA:799,0
DA:800,0
DA:802,0
DA:808,0
DA:809,0
DA:816,2
LF:228
LH:12
BRDA:228,0,0,0
BRDA:228,0,1,0
BRDA:233,1,0,0
BRDA:233,1,1,0
BRDA:242,2,0,0
BRDA:242,2,1,0
BRDA:251,3,0,0
BRDA:251,3,1,0
BRDA:260,4,0,0
BRDA:260,4,1,0
BRDA:269,5,0,0
BRDA:269,5,1,0
BRDA:340,6,0,0
BRDA:340,6,1,0
BRDA:347,7,0,0
BRDA:347,7,1,0
BRDA:350,8,0,0
BRDA:350,8,1,0
BRDA:351,9,0,0
BRDA:351,9,1,0
BRDA:357,10,0,0
BRDA:357,10,1,0
BRDA:364,11,0,0
BRDA:364,11,1,0
BRDA:372,12,0,0
BRDA:372,12,1,0
BRDA:388,13,0,0
BRDA:388,13,1,0
BRDA:395,14,0,0
BRDA:395,14,1,0
BRDA:444,15,0,0
BRDA:444,15,1,0
BRDA:499,16,0,0
BRDA:499,16,1,0
BRDA:499,17,0,0
BRDA:499,17,1,0
BRDA:506,18,0,0
BRDA:506,18,1,0
BRDA:544,19,0,0
BRDA:544,19,1,0
BRDA:551,20,0,0
BRDA:551,20,1,0
BRDA:563,21,0,0
BRDA:563,21,1,0
BRDA:566,22,0,0
BRDA:566,22,1,0
BRDA:589,23,0,0
BRDA:589,23,1,0
BRDA:597,24,0,0
BRDA:597,24,1,0
BRDA:605,25,0,0
BRDA:605,25,1,0
BRDA:613,26,0,0
BRDA:613,26,1,0
BRDA:622,27,0,0
BRDA:622,27,1,0
BRDA:623,28,0,0
BRDA:623,28,1,0
BRDA:624,29,0,0
BRDA:624,29,1,0
BRDA:625,30,0,0
BRDA:625,30,1,0
BRDA:626,31,0,0
BRDA:626,31,1,0
BRDA:725,32,0,0
BRDA:727,33,0,0
BRDA:727,33,1,0
BRDA:737,34,0,0
BRDA:737,34,1,0
BRDA:737,34,2,0
BRDA:737,34,3,0
BRDA:737,34,4,0
BRDA:739,35,0,0
BRDA:739,35,1,0
BRDA:745,36,0,0
BRDA:745,36,1,0
BRDA:751,37,0,0
BRDA:751,37,1,0
BRDA:754,38,0,0
BRDA:754,38,1,0
BRDA:759,39,0,0
BRDA:759,39,1,0
BRDA:792,40,0,0
BRDA:792,40,1,0
BRF:84
BRH:0
end_of_record
TN:
SF:src/routes/users.js
FN:7,(anonymous_0)
FN:73,(anonymous_1)
FN:124,(anonymous_2)
FNF:3
FNH:0
FNDA:0,(anonymous_0)
FNDA:0,(anonymous_1)
FNDA:0,(anonymous_2)
DA:1,1
DA:2,1
DA:3,1
DA:5,1
DA:7,1
DA:8,0
DA:9,0
DA:11,0
DA:12,0
DA:14,0
DA:18,0
DA:19,0
DA:27,0
DA:51,0
DA:53,0
DA:64,0
DA:65,0
DA:73,1
DA:74,0
DA:75,0
DA:77,0
DA:103,0
DA:104,0
DA:110,0
DA:115,0
DA:116,0
DA:124,1
DA:125,0
DA:126,0
DA:130,0
DA:137,0
DA:143,0
DA:153,0
DA:154,0
DA:161,1
LF:35
LH:8
BRDA:9,0,0,0
BRDA:9,1,0,0
BRDA:18,2,0,0
BRDA:18,2,1,0
BRDA:103,3,0,0
BRDA:103,3,1,0
BRF:6
BRH:0
end_of_record
TN:
SF:src/routes/validacaoRoutes.js
FN:15,(anonymous_0)
FNF:1
FNH:0
FNDA:0,(anonymous_0)
DA:5,2
DA:6,2
DA:7,2
DA:9,2
DA:12,2
DA:15,2
DA:17,0
DA:24,2
LF:8
LH:7
BRF:0
BRH:0
end_of_record
TN:
SF:src/scripts/cleanup-test-data.js
FN:14,cleanupTestData
FN:32,(anonymous_1)
FN:33,(anonymous_2)
FN:34,(anonymous_3)
FN:35,(anonymous_4)
FN:38,(anonymous_5)
FN:41,(anonymous_6)
FN:42,(anonymous_7)
FN:43,(anonymous_8)
FN:44,(anonymous_9)
FN:47,(anonymous_10)
FN:48,(anonymous_11)
FN:51,(anonymous_12)
FN:52,(anonymous_13)
FN:53,(anonymous_14)
FN:54,(anonymous_15)
FN:55,(anonymous_16)
FN:58,(anonymous_17)
FN:59,(anonymous_18)
FN:62,(anonymous_19)
FN:88,deleteWithLog
FN:100,getTableCounts
FN:129,printCounts
FN:130,(anonymous_23)
FN:135,createDefaultAdmin
FN:165,(anonymous_25)
FN:169,(anonymous_26)
FNF:27
FNH:0
FNDA:0,cleanupTestData
FNDA:0,(anonymous_1)
FNDA:0,(anonymous_2)
FNDA:0,(anonymous_3)
FNDA:0,(anonymous_4)
FNDA:0,(anonymous_5)
FNDA:0,(anonymous_6)
FNDA:0,(anonymous_7)
FNDA:0,(anonymous_8)
FNDA:0,(anonymous_9)
FNDA:0,(anonymous_10)
FNDA:0,(anonymous_11)
FNDA:0,(anonymous_12)
FNDA:0,(anonymous_13)
FNDA:0,(anonymous_14)
FNDA:0,(anonymous_15)
FNDA:0,(anonymous_16)
FNDA:0,(anonymous_17)
FNDA:0,(anonymous_18)
FNDA:0,(anonymous_19)
FNDA:0,deleteWithLog
FNDA:0,getTableCounts
FNDA:0,printCounts
FNDA:0,(anonymous_23)
FNDA:0,createDefaultAdmin
FNDA:0,(anonymous_25)
FNDA:0,(anonymous_26)
DA:12,0
DA:15,0
DA:16,0
DA:19,0
DA:20,0
DA:24,0
DA:25,0
DA:26,0
DA:29,0
DA:32,0
DA:33,0
DA:34,0
DA:35,0
DA:38,0
DA:41,0
DA:42,0
DA:43,0
DA:44,0
DA:47,0
DA:48,0
DA:51,0
DA:52,0
DA:53,0
DA:54,0
DA:55,0
DA:58,0
DA:59,0
DA:62,0
DA:65,0
DA:66,0
DA:67,0
DA:70,0
DA:73,0
DA:74,0
DA:77,0
DA:80,0
DA:81,0
DA:82,0
DA:84,0
DA:89,0
DA:90,0
DA:91,0
DA:92,0
DA:93,0
DA:95,0
DA:96,0
DA:101,0
DA:103,0
DA:104,0
DA:105,0
DA:106,0
DA:107,0
DA:108,0
DA:109,0
DA:110,0
DA:111,0
DA:112,0
DA:113,0
DA:114,0
DA:115,0
DA:116,0
DA:117,0
DA:118,0
DA:119,0
DA:120,0
DA:121,0
DA:123,0
DA:126,0
DA:130,0
DA:131,0
DA:136,0
DA:137,0
DA:139,0
DA:140,0
DA:141,0
DA:143,0
DA:153,0
DA:154,0
DA:155,0
DA:158,0
DA:163,0
DA:164,0
DA:166,0
DA:167,0
DA:170,0
DA:171,0
DA:175,0
LF:87
LH:0
BRDA:19,0,0,0
BRDA:19,0,1,0
BRDA:91,1,0,0
BRDA:91,1,1,0
BRDA:163,2,0,0
BRDA:163,2,1,0
BRF:6
BRH:0
end_of_record
TN:
SF:src/services/DatabaseService.js
FN:5,(anonymous_0)
FN:10,(anonymous_1)
FN:36,(anonymous_2)
FN:44,(anonymous_3)
FN:55,(anonymous_4)
FN:79,(anonymous_5)
FN:112,(anonymous_6)
FN:124,(anonymous_7)
FN:172,(anonymous_8)
FN:193,(anonymous_9)
FN:201,(anonymous_10)
FN:209,(anonymous_11)
FN:216,(anonymous_12)
FNF:13
FNH:1
FNDA:1,(anonymous_0)
FNDA:0,(anonymous_1)
FNDA:0,(anonymous_2)
FNDA:0,(anonymous_3)
FNDA:0,(anonymous_4)
FNDA:0,(anonymous_5)
FNDA:0,(anonymous_6)
FNDA:0,(anonymous_7)
FNDA:0,(anonymous_8)
FNDA:0,(anonymous_9)
FNDA:0,(anonymous_10)
FNDA:0,(anonymous_11)
FNDA:0,(anonymous_12)
DA:1,1
DA:2,1
DA:6,1
DA:7,1
DA:11,0
DA:12,0
DA:13,0
DA:24,0
DA:25,0
DA:27,0
DA:28,0
DA:30,0
DA:31,0
DA:32,0
DA:37,0
DA:38,0
DA:39,0
DA:40,0
DA:45,0
DA:47,0
DA:48,0
DA:49,0
DA:51,0
DA:56,0
DA:57,0
DA:58,0
DA:61,0
DA:62,0
DA:63,0
DA:65,0
DA:71,0
DA:80,0
DA:81,0
DA:82,0
DA:91,0
DA:99,0
DA:108,0
DA:113,0
DA:115,0
DA:116,0
DA:117,0
DA:119,0
DA:120,0
DA:125,0
DA:126,0
DA:129,0
DA:131,0
DA:156,0
DA:157,0
DA:158,0
DA:160,0
DA:164,0
DA:165,0
DA:167,0
DA:168,0
DA:173,0
DA:175,0
DA:185,0
DA:186,0
DA:188,0
DA:189,0
DA:194,0
DA:195,0
DA:197,0
DA:202,0
DA:203,0
DA:205,0
DA:210,0
DA:211,0
DA:213,0
DA:217,0
DA:218,0
DA:220,0
DA:225,1
DA:227,1
LF:75
LH:6
BRDA:12,0,0,0
BRDA:12,0,1,0
BRDA:19,1,0,0
BRDA:19,1,1,0
BRDA:37,2,0,0
BRDA:37,2,1,0
BRDA:45,3,0,0
BRDA:45,3,1,0
BRDA:57,4,0,0
BRDA:57,4,1,0
BRDA:81,5,0,0
BRDA:81,5,1,0
BRDA:125,6,0,0
BRDA:125,6,1,0
BRDA:194,7,0,0
BRDA:194,7,1,0
BRDA:202,8,0,0
BRDA:202,8,1,0
BRDA:210,9,0,0
BRDA:210,9,1,0
BRDA:217,10,0,0
BRDA:217,10,1,0
BRF:22
BRH:0
end_of_record
TN:
SF:src/services/HealthDataIntegrator.js
FN:10,(anonymous_0)
FN:52,(anonymous_1)
FN:54,(anonymous_2)
FN:109,(anonymous_3)
FN:111,(anonymous_4)
FN:166,(anonymous_5)
FN:192,(anonymous_6)
FN:194,(anonymous_7)
FN:249,(anonymous_8)
FN:260,(anonymous_9)
FN:261,(anonymous_10)
FN:262,(anonymous_11)
FN:263,(anonymous_12)
FN:311,(anonymous_13)
FN:338,(anonymous_14)
FN:348,(anonymous_15)
FN:355,(anonymous_16)
FN:363,(anonymous_17)
FN:366,(anonymous_18)
FN:369,(anonymous_19)
FN:382,(anonymous_20)
FN:393,(anonymous_21)
FN:396,(anonymous_22)
FNF:23
FNH:22
FNDA:2,(anonymous_0)
FNDA:3,(anonymous_1)
FNDA:54,(anonymous_2)
FNDA:3,(anonymous_3)
FNDA:54,(anonymous_4)
FNDA:18,(anonymous_5)
FNDA:3,(anonymous_6)
FNDA:54,(anonymous_7)
FNDA:3,(anonymous_8)
FNDA:54,(anonymous_9)
FNDA:513,(anonymous_10)
FNDA:513,(anonymous_11)
FNDA:513,(anonymous_12)
FNDA:18,(anonymous_13)
FNDA:54,(anonymous_14)
FNDA:54,(anonymous_15)
FNDA:162,(anonymous_16)
FNDA:21,(anonymous_17)
FNDA:18,(anonymous_18)
FNDA:3,(anonymous_19)
FNDA:0,(anonymous_20)
FNDA:1,(anonymous_21)
FNDA:3,(anonymous_22)
DA:1,2
DA:2,2
DA:3,2
DA:11,2
DA:12,2
DA:13,2
DA:16,2
DA:24,2
DA:53,3
DA:54,54
DA:56,3
DA:57,2
DA:58,2
DA:61,1
DA:62,1
DA:64,1
DA:66,18
DA:68,18
DA:71,18
DA:75,18
DA:89,0
DA:95,1
DA:97,1
DA:98,1
DA:101,0
DA:102,0
DA:110,3
DA:111,54
DA:113,3
DA:114,2
DA:115,2
DA:118,1
DA:119,1
DA:121,1
DA:122,18
DA:124,18
DA:127,18
DA:131,18
DA:133,18
DA:148,0
DA:152,1
DA:154,1
DA:155,1
DA:158,0
DA:159,0
DA:167,18
DA:169,18
DA:170,0
DA:173,18
DA:175,18
DA:178,18
DA:180,18
DA:181,18
DA:184,0
DA:185,0
DA:193,3
DA:194,54
DA:196,3
DA:197,2
DA:198,2
DA:201,1
DA:202,1
DA:204,1
DA:205,18
DA:207,18
DA:211,18
DA:215,18
DA:231,0
DA:235,1
DA:237,1
DA:238,1
DA:241,0
DA:242,0
DA:250,3
DA:251,3
DA:253,3
DA:260,3
DA:261,513
DA:262,513
DA:263,513
DA:266,54
DA:268,54
DA:293,3
DA:301,3
DA:302,3
DA:305,0
DA:306,0
DA:313,18
DA:335,18
DA:340,54
DA:341,54
DA:342,54
DA:344,54
DA:345,54
DA:349,54
DA:355,162
DA:357,54
DA:358,0
DA:359,0
DA:360,0
DA:364,21
DA:365,21
DA:366,21
DA:370,3
DA:377,3
DA:378,3
DA:383,0
DA:389,0
DA:394,1
DA:396,3
DA:406,2
LF:111
LH:92
BRDA:52,0,0,0
BRDA:53,1,0,3
BRDA:53,1,1,3
BRDA:56,2,0,2
BRDA:56,2,1,1
BRDA:71,3,0,9
BRDA:71,3,1,9
BRDA:109,4,0,0
BRDA:110,5,0,3
BRDA:110,5,1,3
BRDA:113,6,0,2
BRDA:113,6,1,1
BRDA:127,7,0,9
BRDA:127,7,1,9
BRDA:169,8,0,0
BRDA:169,8,1,18
BRDA:192,9,0,0
BRDA:193,10,0,3
BRDA:193,10,1,3
BRDA:196,11,0,2
BRDA:196,11,1,1
BRDA:207,12,0,9
BRDA:207,12,1,9
BRDA:211,13,0,9
BRDA:211,13,1,9
BRDA:223,14,0,18
BRDA:223,14,1,9
BRDA:249,15,0,3
BRDA:261,16,0,54
BRDA:261,16,1,0
BRDA:262,17,0,54
BRDA:262,17,1,0
BRDA:263,18,0,54
BRDA:263,18,1,0
BRDA:275,19,0,54
BRDA:275,19,1,0
BRDA:276,20,0,54
BRDA:276,20,1,0
BRDA:277,21,0,54
BRDA:277,21,1,0
BRDA:281,22,0,54
BRDA:281,22,1,0
BRDA:282,23,0,54
BRDA:282,23,1,0
BRDA:283,24,0,54
BRDA:283,24,1,0
BRDA:335,25,0,18
BRDA:335,25,1,0
BRDA:340,26,0,54
BRDA:340,26,1,0
BRDA:341,27,0,54
BRDA:341,27,1,0
BRDA:342,28,0,54
BRDA:342,28,1,0
BRDA:350,29,0,54
BRDA:350,29,1,0
BRDA:351,30,0,54
BRDA:351,30,1,0
BRDA:352,31,0,54
BRDA:352,31,1,0
BRDA:357,32,0,54
BRDA:357,32,1,0
BRDA:358,33,0,0
BRDA:358,33,1,0
BRDA:359,34,0,0
BRDA:359,34,1,0
BRDA:365,35,0,21
BRDA:365,35,1,0
BRDA:389,36,0,0
BRDA:389,36,1,0
BRDA:396,37,0,3
BRDA:396,37,1,0
BRF:72
BRH:43
end_of_record
TN:
SF:src/services/ViaCepService.js
FN:19,(anonymous_0)
FN:33,(anonymous_1)
FN:68,(anonymous_2)
FN:87,(anonymous_3)
FN:92,(anonymous_4)
FN:106,(anonymous_5)
FN:124,(anonymous_6)
FN:142,(anonymous_7)
FN:173,(anonymous_8)
FN:231,(anonymous_9)
FN:294,(anonymous_10)
FN:306,(anonymous_11)
FNF:12
FNH:0
FNDA:0,(anonymous_0)
FNDA:0,(anonymous_1)
FNDA:0,(anonymous_2)
FNDA:0,(anonymous_3)
FNDA:0,(anonymous_4)
FNDA:0,(anonymous_5)
FNDA:0,(anonymous_6)
FNDA:0,(anonymous_7)
FNDA:0,(anonymous_8)
FNDA:0,(anonymous_9)
FNDA:0,(anonymous_10)
FNDA:0,(anonymous_11)
DA:20,0
DA:21,0
DA:22,0
DA:23,0
DA:24,0
DA:25,0
DA:34,0
DA:35,0
DA:39,0
DA:42,0
DA:43,0
DA:47,0
DA:51,0
DA:52,0
DA:56,0
DA:58,0
DA:69,0
DA:70,0
DA:73,0
DA:74,0
DA:77,0
DA:78,0
DA:81,0
DA:88,0
DA:89,0
DA:91,0
DA:92,0
DA:93,0
DA:97,0
DA:98,0
DA:107,0
DA:108,0
DA:111,0
DA:112,0
DA:113,0
DA:116,0
DA:125,0
DA:131,0
DA:132,0
DA:133,0
DA:143,0
DA:144,0
DA:146,0
DA:155,0
DA:156,0
DA:159,0
DA:160,0
DA:163,0
DA:164,0
DA:174,0
DA:177,0
DA:178,0
DA:179,0
DA:186,0
DA:187,0
DA:190,0
DA:191,0
DA:192,0
DA:193,0
DA:197,0
DA:198,0
DA:200,0
DA:201,0
DA:209,0
DA:210,0
DA:218,0
DA:220,0
DA:221,0
DA:232,0
DA:235,0
DA:236,0
DA:237,0
DA:245,0
DA:246,0
DA:247,0
DA:249,0
DA:252,0
DA:253,0
DA:254,0
DA:255,0
DA:259,0
DA:260,0
DA:263,0
DA:264,0
DA:266,0
DA:267,0
DA:275,0
DA:276,0
DA:284,0
DA:286,0
DA:287,0
DA:295,0
DA:307,0
DA:308,0
DA:312,0
LF:95
LH:0
BRDA:34,0,0,0
BRDA:34,0,1,0
BRDA:34,1,0,0
BRDA:34,1,1,0
BRDA:42,2,0,0
BRDA:42,2,1,0
BRDA:51,3,0,0
BRDA:51,3,1,0
BRDA:69,4,0,0
BRDA:69,4,1,0
BRDA:69,5,0,0
BRDA:69,5,1,0
BRDA:69,5,2,0
BRDA:73,6,0,0
BRDA:73,6,1,0
BRDA:73,7,0,0
BRDA:73,7,1,0
BRDA:73,7,2,0
BRDA:77,8,0,0
BRDA:77,8,1,0
BRDA:77,9,0,0
BRDA:77,9,1,0
BRDA:77,9,2,0
BRDA:91,10,0,0
BRDA:91,10,1,0
BRDA:108,11,0,0
BRDA:108,11,1,0
BRDA:111,12,0,0
BRDA:111,12,1,0
BRDA:131,13,0,0
BRDA:131,13,1,0
BRDA:155,14,0,0
BRDA:155,14,1,0
BRDA:178,15,0,0
BRDA:178,15,1,0
BRDA:191,16,0,0
BRDA:191,16,1,0
BRDA:200,17,0,0
BRDA:200,17,1,0
BRDA:209,18,0,0
BRDA:209,18,1,0
BRDA:236,19,0,0
BRDA:236,19,1,0
BRDA:253,20,0,0
BRDA:253,20,1,0
BRDA:266,21,0,0
BRDA:266,21,1,0
BRDA:275,22,0,0
BRDA:275,22,1,0
BRDA:275,23,0,0
BRDA:275,23,1,0
BRDA:299,24,0,0
BRDA:299,24,1,0
BRF:53
BRH:0
end_of_record
TN:
SF:src/services/authService.js
FN:17,(anonymous_0)
FN:31,(anonymous_1)
FN:45,(anonymous_2)
FN:62,(anonymous_3)
FN:87,(anonymous_4)
FN:138,(anonymous_5)
FN:208,(anonymous_6)
FN:245,(anonymous_7)
FN:261,(anonymous_8)
FN:272,(anonymous_9)
FN:286,(anonymous_10)
FN:287,(anonymous_11)
FNF:12
FNH:5
FNDA:3,(anonymous_0)
FNDA:2,(anonymous_1)
FNDA:2,(anonymous_2)
FNDA:2,(anonymous_3)
FNDA:0,(anonymous_4)
FNDA:0,(anonymous_5)
FNDA:0,(anonymous_6)
FNDA:0,(anonymous_7)
FNDA:0,(anonymous_8)
FNDA:0,(anonymous_9)
FNDA:7,(anonymous_10)
FNDA:0,(anonymous_11)
DA:6,3
DA:7,3
DA:8,3
DA:18,3
DA:19,0
DA:22,3
DA:32,2
DA:33,0
DA:36,2
DA:46,2
DA:51,2
DA:52,2
DA:54,2
DA:63,2
DA:64,0
DA:67,2
DA:69,2
DA:70,2
DA:72,1
DA:73,0
DA:74,1
DA:75,1
DA:77,0
DA:88,0
DA:89,0
DA:92,0
DA:105,0
DA:106,0
DA:110,0
DA:116,0
DA:128,0
DA:139,0
DA:140,0
DA:144,0
DA:161,0
DA:162,0
DA:166,0
DA:167,0
DA:168,0
DA:172,0
DA:178,0
DA:184,0
DA:190,0
DA:209,0
DA:222,0
DA:223,0
DA:226,0
DA:227,0
DA:230,0
DA:246,0
DA:248,0
DA:249,0
DA:252,0
DA:253,0
DA:263,0
DA:264,0
DA:273,0
DA:274,0
DA:276,0
DA:277,0
DA:280,0
DA:287,7
DA:288,0
DA:289,0
DA:291,0
DA:292,0
DA:298,0
DA:299,0
DA:300,0
DA:302,0
DA:303,0
DA:306,0
DA:315,3
LF:73
LH:20
BRDA:18,0,0,0
BRDA:18,0,1,3
BRDA:32,1,0,0
BRDA:32,1,1,2
BRDA:32,2,0,2
BRDA:32,2,1,2
BRDA:45,3,0,2
BRDA:52,4,0,2
BRDA:52,4,1,0
BRDA:63,5,0,0
BRDA:63,5,1,2
BRDA:67,6,0,2
BRDA:67,6,1,0
BRDA:72,7,0,0
BRDA:72,7,1,1
BRDA:74,8,0,1
BRDA:74,8,1,0
BRDA:105,9,0,0
BRDA:105,9,1,0
BRDA:105,10,0,0
BRDA:105,10,1,0
BRDA:139,11,0,0
BRDA:139,11,1,0
BRDA:139,12,0,0
BRDA:139,12,1,0
BRDA:161,13,0,0
BRDA:161,13,1,0
BRDA:167,14,0,0
BRDA:167,14,1,0
BRDA:222,15,0,0
BRDA:222,15,1,0
BRDA:226,16,0,0
BRDA:226,16,1,0
BRDA:245,17,0,0
BRDA:248,18,0,0
BRDA:248,18,1,0
BRDA:272,19,0,0
BRDA:291,20,0,0
BRDA:291,20,1,0
BRDA:291,21,0,0
BRDA:291,21,1,0
BRDA:308,22,0,0
BRDA:308,22,1,0
BRF:43
BRH:10
end_of_record
TN:
SF:src/services/dashboardService.js
FN:14,(anonymous_0)
FN:61,(anonymous_1)
FN:63,(anonymous_2)
FN:70,(anonymous_3)
FN:78,(anonymous_4)
FN:103,(anonymous_5)
FN:118,(anonymous_6)
FN:121,(anonymous_7)
FN:127,(anonymous_8)
FN:133,(anonymous_9)
FN:134,(anonymous_10)
FN:144,(anonymous_11)
FN:147,(anonymous_12)
FN:153,(anonymous_13)
FN:158,(anonymous_14)
FN:159,(anonymous_15)
FN:169,(anonymous_16)
FN:181,(anonymous_17)
FN:196,(anonymous_18)
FN:202,(anonymous_19)
FN:212,(anonymous_20)
FN:222,(anonymous_21)
FN:249,(anonymous_22)
FN:250,(anonymous_23)
FN:267,(anonymous_24)
FN:276,(anonymous_25)
FN:277,(anonymous_26)
FN:278,(anonymous_27)
FN:287,(anonymous_28)
FN:289,(anonymous_29)
FN:290,(anonymous_30)
FN:292,(anonymous_31)
FN:305,(anonymous_32)
FN:319,(anonymous_33)
FN:320,(anonymous_34)
FN:323,(anonymous_35)
FN:330,(anonymous_36)
FN:333,(anonymous_37)
FN:339,(anonymous_38)
FN:341,(anonymous_39)
FN:344,(anonymous_40)
FN:347,(anonymous_41)
FN:353,(anonymous_42)
FN:355,(anonymous_43)
FN:358,(anonymous_44)
FNF:45
FNH:0
FNDA:0,(anonymous_0)
FNDA:0,(anonymous_1)
FNDA:0,(anonymous_2)
FNDA:0,(anonymous_3)
FNDA:0,(anonymous_4)
FNDA:0,(anonymous_5)
FNDA:0,(anonymous_6)
FNDA:0,(anonymous_7)
FNDA:0,(anonymous_8)
FNDA:0,(anonymous_9)
FNDA:0,(anonymous_10)
FNDA:0,(anonymous_11)
FNDA:0,(anonymous_12)
FNDA:0,(anonymous_13)
FNDA:0,(anonymous_14)
FNDA:0,(anonymous_15)
FNDA:0,(anonymous_16)
FNDA:0,(anonymous_17)
FNDA:0,(anonymous_18)
FNDA:0,(anonymous_19)
FNDA:0,(anonymous_20)
FNDA:0,(anonymous_21)
FNDA:0,(anonymous_22)
FNDA:0,(anonymous_23)
FNDA:0,(anonymous_24)
FNDA:0,(anonymous_25)
FNDA:0,(anonymous_26)
FNDA:0,(anonymous_27)
FNDA:0,(anonymous_28)
FNDA:0,(anonymous_29)
FNDA:0,(anonymous_30)
FNDA:0,(anonymous_31)
FNDA:0,(anonymous_32)
FNDA:0,(anonymous_33)
FNDA:0,(anonymous_34)
FNDA:0,(anonymous_35)
FNDA:0,(anonymous_36)
FNDA:0,(anonymous_37)
FNDA:0,(anonymous_38)
FNDA:0,(anonymous_39)
FNDA:0,(anonymous_40)
FNDA:0,(anonymous_41)
FNDA:0,(anonymous_42)
FNDA:0,(anonymous_43)
FNDA:0,(anonymous_44)
DA:6,2
DA:15,0
DA:17,0
DA:31,0
DA:34,0
DA:37,0
DA:40,0
DA:42,0
DA:51,0
DA:52,0
DA:62,0
DA:63,0
DA:64,0
DA:67,0
DA:68,0
DA:70,0
DA:71,0
DA:75,0
DA:76,0
DA:78,0
DA:79,0
DA:84,0
DA:88,0
DA:104,0
DA:119,0
DA:121,0
DA:122,0
DA:123,0
DA:126,0
DA:127,0
DA:130,0
DA:133,0
DA:134,0
DA:145,0
DA:147,0
DA:148,0
DA:149,0
DA:152,0
DA:153,0
DA:155,0
DA:158,0
DA:159,0
DA:170,0
DA:171,0
DA:174,0
DA:175,0
DA:176,0
DA:177,0
DA:181,0
DA:182,0
DA:183,0
DA:184,0
DA:185,0
DA:186,0
DA:191,0
DA:193,0
DA:197,0
DA:198,0
DA:200,0
DA:202,0
DA:213,0
DA:222,0
DA:223,0
DA:224,0
DA:225,0
DA:226,0
DA:227,0
DA:228,0
DA:229,0
DA:231,0
[...]
BRDA:234,23,1,0
BRDA:237,24,0,0
BRDA:237,24,1,0
BRDA:252,25,0,0
BRDA:252,25,1,0
BRDA:252,26,0,0
BRDA:252,26,1,0
BRDA:253,27,0,0
BRDA:253,27,1,0
BRDA:253,28,0,0
BRDA:253,28,1,0
BRDA:264,29,0,0
BRDA:264,29,1,0
BRDA:266,30,0,0
BRDA:266,30,1,0
BRDA:266,30,2,0
BRDA:266,30,3,0
BRDA:274,31,0,0
BRDA:274,31,1,0
BRDA:280,32,0,0
BRDA:280,32,1,0
BRDA:295,33,0,0
BRF:66
BRH:0
end_of_record
TN:
SF:src/services/importacaoService.js
FN:17,(anonymous_0)
FN:38,(anonymous_1)
FN:46,(anonymous_2)
FN:85,(anonymous_3)
FN:126,(anonymous_4)
FN:127,(anonymous_5)
FN:136,(anonymous_6)
FN:139,(anonymous_7)
FN:171,(anonymous_8)
FN:237,(anonymous_9)
FN:248,(anonymous_10)
FN:284,(anonymous_11)
FN:285,(anonymous_12)
FN:330,(anonymous_13)
FN:358,(anonymous_14)
FN:391,(anonymous_15)
FNF:16
FNH:0
FNDA:0,(anonymous_0)
FNDA:0,(anonymous_1)
FNDA:0,(anonymous_2)
FNDA:0,(anonymous_3)
FNDA:0,(anonymous_4)
FNDA:0,(anonymous_5)
FNDA:0,(anonymous_6)
FNDA:0,(anonymous_7)
FNDA:0,(anonymous_8)
FNDA:0,(anonymous_9)
FNDA:0,(anonymous_10)
FNDA:0,(anonymous_11)
FNDA:0,(anonymous_12)
FNDA:0,(anonymous_13)
FNDA:0,(anonymous_14)
FNDA:0,(anonymous_15)
DA:6,1
DA:7,1
DA:8,1
DA:18,0
DA:26,0
DA:27,0
DA:28,0
DA:30,0
DA:31,0
DA:32,0
DA:36,0
DA:37,0
DA:38,0
DA:39,0
DA:40,0
DA:44,0
DA:45,0
DA:46,0
DA:48,0
DA:49,0
DA:53,0
DA:54,0
DA:55,0
DA:58,0
DA:60,0
DA:61,0
DA:62,0
DA:66,0
DA:68,0
DA:71,0
DA:72,0
DA:76,0
DA:86,0
DA:118,0
DA:127,0
DA:137,0
DA:139,0
DA:140,0
DA:141,0
DA:142,0
DA:145,0
DA:146,0
DA:147,0
DA:148,0
DA:155,0
DA:157,0
DA:162,0
DA:172,0
DA:174,0
DA:186,0
DA:187,0
DA:188,0
DA:194,0
DA:198,0
DA:199,0
DA:200,0
DA:201,0
DA:207,0
DA:211,0
DA:213,0
DA:214,0
DA:222,0
DA:223,0
DA:238,0
DA:239,0
DA:240,0
DA:249,0
DA:252,0
DA:253,0
DA:256,0
DA:260,0
DA:261,0
DA:264,0
DA:268,0
DA:269,0
DA:270,0
DA:273,0
DA:276,0
DA:285,0
DA:287,0
DA:298,0
DA:322,0
DA:331,0
DA:332,0
DA:335,0
DA:357,0
DA:358,0
DA:359,0
DA:360,0
DA:368,0
DA:391,0
DA:394,0
DA:395,0
DA:396,0
DA:397,0
DA:398,0
DA:399,0
DA:400,0
DA:402,0
DA:403,0
DA:407,1
LF:101
LH:4
BRDA:31,0,0,0
BRDA:31,0,1,0
BRDA:48,1,0,0
BRDA:48,1,1,0
BRDA:58,2,0,0
BRDA:58,2,1,0
BRDA:118,3,0,0
BRDA:118,3,1,0
BRDA:127,4,0,0
BRDA:127,4,1,0
BRDA:127,5,0,0
BRDA:127,5,1,0
BRDA:141,6,0,0
BRDA:141,6,1,0
BRDA:141,7,0,0
BRDA:141,7,1,0
BRDA:145,8,0,0
BRDA:145,8,1,0
BRDA:145,9,0,0
BRDA:145,9,1,0
BRDA:147,10,0,0
BRDA:147,10,1,0
BRDA:155,11,0,0
BRDA:155,11,1,0
BRDA:186,12,0,0
BRDA:186,12,1,0
BRDA:191,13,0,0
BRDA:191,13,1,0
BRDA:199,14,0,0
BRDA:199,14,1,0
BRDA:226,15,0,0
BRDA:226,15,1,0
BRDA:238,16,0,0
BRDA:238,16,1,0
BRDA:240,17,0,0
BRDA:240,17,1,0
BRDA:252,18,0,0
BRDA:252,18,1,0
BRDA:256,19,0,0
BRDA:256,19,1,0
BRDA:260,20,0,0
BRDA:260,20,1,0
BRDA:264,21,0,0
BRDA:264,21,1,0
BRDA:268,22,0,0
BRDA:268,22,1,0
BRDA:273,23,0,0
BRDA:273,23,1,0
BRDA:306,24,0,0
BRDA:306,24,1,0
BRDA:307,25,0,0
BRDA:307,25,1,0
BRDA:309,26,0,0
BRDA:309,26,1,0
BRF:54
BRH:0
end_of_record
TN:
SF:src/services/relatoriosService.js
FN:18,(anonymous_0)
FN:46,(anonymous_1)
FN:47,(anonymous_2)
FN:70,(anonymous_3)
FN:86,(anonymous_4)
FN:102,(anonymous_5)
FN:146,(anonymous_6)
FN:147,(anonymous_7)
FN:148,(anonymous_8)
FN:164,(anonymous_9)
FN:167,(anonymous_10)
FN:168,(anonymous_11)
FN:190,(anonymous_12)
FN:193,(anonymous_13)
FN:236,(anonymous_14)
FN:241,(anonymous_15)
FN:250,(anonymous_16)
FN:263,(anonymous_17)
FN:273,(anonymous_18)
FNF:19
FNH:0
FNDA:0,(anonymous_0)
FNDA:0,(anonymous_1)
FNDA:0,(anonymous_2)
FNDA:0,(anonymous_3)
FNDA:0,(anonymous_4)
FNDA:0,(anonymous_5)
FNDA:0,(anonymous_6)
FNDA:0,(anonymous_7)
FNDA:0,(anonymous_8)
FNDA:0,(anonymous_9)
FNDA:0,(anonymous_10)
FNDA:0,(anonymous_11)
FNDA:0,(anonymous_12)
FNDA:0,(anonymous_13)
FNDA:0,(anonymous_14)
FNDA:0,(anonymous_15)
FNDA:0,(anonymous_16)
FNDA:0,(anonymous_17)
FNDA:0,(anonymous_18)
DA:6,1
DA:7,1
DA:8,1
DA:19,0
DA:20,0
DA:23,0
DA:24,0
DA:25,0
DA:28,0
DA:29,0
DA:30,0
DA:31,0
DA:32,0
DA:35,0
DA:36,0
DA:37,0
DA:38,0
DA:39,0
DA:42,0
DA:43,0
DA:44,0
DA:45,0
DA:46,0
DA:47,0
DA:49,0
DA:50,0
DA:51,0
DA:55,0
DA:69,0
DA:70,0
DA:71,0
DA:72,0
DA:77,0
DA:86,0
DA:87,0
DA:102,0
DA:103,0
DA:111,0
DA:112,0
DA:114,0
DA:115,0
DA:117,0
DA:118,0
DA:120,0
DA:127,0
DA:142,0
DA:143,0
DA:144,0
DA:146,0
DA:147,0
DA:148,0
DA:150,0
DA:151,0
DA:152,0
DA:155,0
DA:156,0
DA:165,0
DA:167,0
DA:168,0
DA:190,0
DA:193,0
DA:195,0
DA:196,0
DA:201,0
DA:202,0
DA:207,0
DA:208,0
DA:209,0
DA:210,0
DA:211,0
DA:212,0
DA:213,0
DA:215,0
DA:219,0
DA:220,0
DA:224,0
DA:228,0
DA:237,0
DA:240,0
DA:241,0
DA:242,0
DA:243,0
DA:244,0
DA:246,0
DA:250,0
DA:251,0
DA:254,0
DA:255,0
DA:256,0
DA:257,0
DA:258,0
DA:261,0
DA:262,0
DA:263,0
DA:264,0
DA:265,0
DA:273,0
DA:274,0
DA:285,0
DA:295,0
DA:296,0
DA:300,1
LF:102
LH:4
BRDA:18,0,0,0
BRDA:42,1,0,0
BRDA:42,1,1,0
BRDA:88,2,0,0
BRDA:88,2,1,0
BRDA:89,3,0,0
BRDA:89,3,1,0
BRDA:90,4,0,0
BRDA:90,4,1,0
BRDA:91,5,0,0
BRDA:91,5,1,0
BRDA:92,6,0,0
BRDA:92,6,1,0
BRDA:93,7,0,0
BRDA:93,7,1,0
BRDA:94,8,0,0
BRDA:94,8,1,0
BRDA:95,9,0,0
BRDA:95,9,1,0
BRDA:96,10,0,0
BRDA:96,10,1,0
BRDA:97,11,0,0
BRDA:97,11,1,0
BRDA:98,12,0,0
BRDA:98,12,1,0
BRDA:111,13,0,0
BRDA:111,13,1,0
BRDA:112,14,0,0
BRDA:112,14,1,0
BRDA:112,14,2,0
BRDA:195,15,0,0
BRDA:195,15,1,0
BRDA:197,16,0,0
BRDA:197,16,1,0
BRDA:201,17,0,0
BRDA:201,17,1,0
BRDA:203,18,0,0
BRDA:203,18,1,0
BRDA:207,19,0,0
BRDA:207,19,1,0
BRDA:209,20,0,0
BRDA:209,20,1,0
BRDA:210,21,0,0
BRDA:210,21,1,0
BRDA:211,22,0,0
BRDA:211,22,1,0
BRDA:212,23,0,0
BRDA:212,23,1,0
BRDA:219,24,0,0
BRDA:219,24,1,0
BRDA:224,25,0,0
BRDA:224,25,1,0
BRDA:242,26,0,0
BRDA:242,26,1,0
BRDA:243,27,0,0
BRDA:243,27,1,0
BRF:56
BRH:0
end_of_record
TN:
SF:src/services/responseService.js
FN:11,(anonymous_0)
FN:34,(anonymous_1)
FN:57,(anonymous_2)
FN:68,(anonymous_3)
FN:77,(anonymous_4)
FN:84,(anonymous_5)
FN:91,(anonymous_6)
FN:99,(anonymous_7)
FN:106,(anonymous_8)
FN:113,(anonymous_9)
FN:120,(anonymous_10)
FN:142,(anonymous_11)
FN:160,(anonymous_12)
FN:174,(anonymous_13)
FN:181,(anonymous_14)
FN:188,(anonymous_15)
FN:189,(anonymous_16)
FN:204,(anonymous_17)
FN:214,(anonymous_18)
FN:251,(anonymous_19)
FN:252,(anonymous_20)
FN:289,(anonymous_21)
FN:290,(anonymous_22)
FN:298,(anonymous_23)
FN:302,(anonymous_24)
FN:314,(anonymous_25)
FN:323,(anonymous_26)
FN:340,(anonymous_27)
FNF:28
FNH:5
FNDA:1,(anonymous_0)
FNDA:2,(anonymous_1)
FNDA:0,(anonymous_2)
FNDA:1,(anonymous_3)
FNDA:0,(anonymous_4)
FNDA:0,(anonymous_5)
FNDA:0,(anonymous_6)
FNDA:0,(anonymous_7)
FNDA:0,(anonymous_8)
FNDA:0,(anonymous_9)
FNDA:0,(anonymous_10)
FNDA:0,(anonymous_11)
FNDA:0,(anonymous_12)
FNDA:0,(anonymous_13)
FNDA:0,(anonymous_14)
FNDA:0,(anonymous_15)
FNDA:0,(anonymous_16)
FNDA:0,(anonymous_17)
FNDA:0,(anonymous_18)
FNDA:0,(anonymous_19)
FNDA:0,(anonymous_20)
FNDA:0,(anonymous_21)
FNDA:0,(anonymous_22)
FNDA:1,(anonymous_23)
FNDA:0,(anonymous_24)
FNDA:3,(anonymous_25)
FNDA:0,(anonymous_26)
FNDA:0,(anonymous_27)
DA:12,1
DA:18,1
DA:19,1
DA:23,1
DA:24,0
DA:25,0
DA:28,1
DA:35,2
DA:42,2
DA:43,1
DA:47,2
DA:48,0
DA:51,2
DA:58,0
DA:62,0
DA:69,1
DA:78,0
DA:85,0
DA:92,0
DA:93,0
DA:100,0
DA:107,0
DA:114,0
DA:121,0
DA:136,0
DA:143,0
DA:150,0
DA:151,0
DA:154,0
DA:161,0
DA:175,0
DA:182,0
DA:189,0
DA:191,0
DA:197,0
DA:198,0
DA:205,0
DA:215,0
DA:216,0
DA:218,0
DA:219,0
DA:222,0
DA:225,0
DA:228,0
DA:229,0
DA:232,0
DA:233,0
DA:236,0
DA:237,0
DA:240,0
DA:241,0
DA:244,0
DA:252,0
DA:253,0
DA:256,0
DA:257,0
DA:261,0
DA:262,0
DA:265,0
DA:266,0
DA:270,0
DA:271,0
DA:275,0
DA:276,0
DA:280,0
DA:290,0
DA:291,0
DA:299,1
DA:301,1
DA:302,0
DA:305,1
DA:306,1
DA:309,1
DA:310,1
DA:311,1
DA:314,1
DA:315,3
DA:316,1
DA:321,1
DA:322,0
DA:323,0
DA:324,0
DA:325,0
DA:328,0
DA:331,1
DA:334,0
DA:341,0
DA:342,0
DA:346,3
LF:89
LH:24
BRDA:11,0,0,0
BRDA:11,1,0,0
BRDA:11,2,0,1
BRDA:18,3,0,1
BRDA:18,3,1,0
BRDA:23,4,0,0
BRDA:23,4,1,1
BRDA:23,5,0,1
BRDA:23,5,1,0
BRDA:23,5,2,0
BRDA:34,6,0,0
BRDA:34,7,0,0
BRDA:34,8,0,1
BRDA:42,9,0,1
BRDA:42,9,1,1
BRDA:47,10,0,0
BRDA:47,10,1,2
BRDA:48,11,0,0
BRDA:48,11,1,0
BRDA:57,12,0,0
BRDA:57,13,0,0
BRDA:58,14,0,0
BRDA:58,14,1,0
BRDA:68,15,0,0
BRDA:70,16,0,0
BRDA:70,16,1,1
BRDA:77,17,0,0
BRDA:84,18,0,0
BRDA:91,19,0,0
BRDA:91,20,0,0
BRDA:92,21,0,0
BRDA:92,21,1,0
BRDA:99,22,0,0
BRDA:106,23,0,0
BRDA:120,24,0,0
BRDA:142,25,0,0
BRDA:142,26,0,0
BRDA:150,27,0,0
BRDA:150,27,1,0
BRDA:160,28,0,0
BRDA:167,29,0,0
BRDA:167,29,1,0
BRDA:174,30,0,0
BRDA:174,31,0,0
BRDA:181,32,0,0
BRDA:188,33,0,0
BRDA:192,34,0,0
BRDA:192,34,1,0
BRDA:197,35,0,0
BRDA:197,35,1,0
BRDA:204,36,0,0
BRDA:214,37,0,0
BRDA:218,38,0,0
BRDA:218,38,1,0
BRDA:218,39,0,0
BRDA:218,39,1,0
BRDA:228,40,0,0
BRDA:228,40,1,0
BRDA:232,41,0,0
BRDA:232,41,1,0
BRDA:232,42,0,0
BRDA:232,42,1,0
BRDA:236,43,0,0
BRDA:236,43,1,0
BRDA:236,44,0,0
BRDA:236,44,1,0
BRDA:240,45,0,0
BRDA:240,45,1,0
BRDA:240,46,0,0
BRDA:240,46,1,0
BRDA:244,47,0,0
BRDA:244,47,1,0
BRDA:256,48,0,0
BRDA:256,48,1,0
BRDA:261,49,0,0
BRDA:261,49,1,0
BRDA:265,50,0,0
BRDA:265,50,1,0
BRDA:270,51,0,0
BRDA:270,51,1,0
BRDA:275,52,0,0
BRDA:275,52,1,0
BRDA:281,53,0,0
BRDA:281,53,1,0
BRDA:298,54,0,1
BRDA:299,55,0,0
BRDA:299,55,1,1
BRDA:301,56,0,0
BRDA:301,56,1,1
BRDA:305,57,0,1
BRDA:305,57,1,0
BRDA:315,58,0,1
BRDA:315,58,1,2
BRDA:321,59,0,0
BRDA:321,59,1,1
BRDA:321,60,0,1
BRDA:321,60,1,0
BRDA:324,61,0,0
BRDA:324,61,1,0
BRDA:340,62,0,0
BRDA:340,63,0,0
BRF:101
BRH:17
end_of_record
TN:
SF:src/services/validationService.js
FN:11,(anonymous_0)
FN:38,(anonymous_1)
FN:78,(anonymous_2)
FN:130,(anonymous_3)
FN:159,(anonymous_4)
FN:191,(anonymous_5)
FN:246,(anonymous_6)
FN:292,(anonymous_7)
FN:325,(anonymous_8)
FN:354,(anonymous_9)
FN:393,(anonymous_10)
FN:442,(anonymous_11)
FN:443,(anonymous_12)
FNF:13
FNH:7
FNDA:5,(anonymous_0)
FNDA:0,(anonymous_1)
FNDA:1,(anonymous_2)
FNDA:4,(anonymous_3)
FNDA:5,(anonymous_4)
FNDA:0,(anonymous_5)
FNDA:3,(anonymous_6)
FNDA:0,(anonymous_7)
FNDA:4,(anonymous_8)
FNDA:3,(anonymous_9)
FNDA:0,(anonymous_10)
FNDA:0,(anonymous_11)
FNDA:0,(anonymous_12)
DA:12,5
DA:14,5
DA:15,2
DA:16,2
DA:19,3
DA:20,3
DA:21,0
DA:24,3
DA:25,0
DA:28,3
DA:44,0
DA:46,0
DA:48,0
DA:49,0
DA:50,0
DA:53,0
DA:54,0
DA:57,0
DA:58,0
DA:61,0
DA:62,0
DA:65,0
DA:66,0
DA:69,0
DA:79,1
DA:81,1
DA:82,0
DA:83,0
DA:87,1
DA:89,1
DA:90,0
DA:91,0
DA:95,1
DA:96,0
DA:97,0
DA:101,1
DA:102,1
DA:103,9
DA:105,1
DA:106,1
DA:108,1
DA:109,1
DA:110,10
DA:112,1
DA:113,1
DA:115,1
DA:116,0
DA:119,1
DA:131,4
DA:133,4
DA:134,1
DA:135,1
DA:138,3
DA:140,3
DA:141,1
DA:144,3
DA:145,0
DA:148,3
DA:160,5
DA:162,5
DA:163,0
DA:164,0
DA:167,5
DA:169,5
DA:170,2
DA:174,5
DA:175,0
DA:178,5
DA:197,0
DA:199,0
DA:201,0
DA:202,0
DA:203,0
DA:205,0
DA:208,0
DA:210,0
DA:211,0
DA:212,0
DA:215,0
DA:216,0
DA:217,0
DA:219,0
DA:220,0
DA:224,0
DA:225,0
DA:227,0
DA:228,0
DA:231,0
DA:232,0
DA:236,0
DA:252,3
DA:254,3
DA:256,3
DA:257,2
DA:258,2
DA:260,2
DA:263,1
DA:265,1
DA:266,0
DA:269,1
DA:270,0
DA:273,1
DA:274,0
DA:278,1
DA:279,1
DA:282,1
DA:297,0
DA:299,0
DA:301,0
DA:302,0
DA:303,0
DA:305,0
DA:308,0
DA:309,0
DA:312,0
DA:313,0
DA:316,0
DA:330,4
DA:332,4
DA:334,1
DA:336,1
DA:337,1
DA:340,1
DA:341,0
DA:344,1
DA:345,0
DA:348,1
DA:355,3
DA:358,3
DA:359,3
DA:360,3
DA:364,3
DA:365,3
DA:366,2
DA:370,3
DA:371,2
DA:372,2
DA:373,1
DA:377,3
DA:394,0
DA:397,0
DA:398,0
DA:399,0
DA:403,0
DA:404,0
DA:405,0
DA:409,0
DA:414,0
DA:415,0
DA:419,0
DA:420,0
DA:421,0
DA:422,0
DA:426,0
DA:443,0
DA:444,0
DA:446,0
DA:447,0
DA:449,0
DA:450,0
DA:451,0
DA:454,0
DA:455,0
DA:457,0
DA:458,0
DA:459,0
DA:461,0
DA:463,0
DA:466,0
DA:467,0
DA:468,0
DA:470,0
DA:472,0
DA:479,0
DA:480,0
DA:487,0
DA:492,3
LF:177
LH:75
BRDA:14,0,0,2
BRDA:14,0,1,3
BRDA:20,1,0,0
BRDA:20,1,1,3
BRDA:24,2,0,0
BRDA:24,2,1,3
BRDA:38,3,0,0
BRDA:40,4,0,0
BRDA:41,5,0,0
BRDA:42,6,0,0
BRDA:43,7,0,0
BRDA:48,8,0,0
BRDA:48,8,1,0
BRDA:53,9,0,0
BRDA:53,9,1,0
BRDA:57,10,0,0
BRDA:57,10,1,0
BRDA:57,11,0,0
BRDA:57,11,1,0
BRDA:61,12,0,0
BRDA:61,12,1,0
BRDA:61,13,0,0
BRDA:61,13,1,0
BRDA:65,14,0,0
BRDA:65,14,1,0
BRDA:65,15,0,0
BRDA:65,15,1,0
BRDA:81,16,0,0
BRDA:81,16,1,1
BRDA:89,17,0,0
BRDA:89,17,1,1
BRDA:95,18,0,0
BRDA:95,18,1,1
BRDA:106,19,0,1
BRDA:106,19,1,0
BRDA:113,20,0,0
BRDA:113,20,1,1
BRDA:115,21,0,0
BRDA:115,21,1,1
BRDA:115,22,0,1
BRDA:115,22,1,1
BRDA:130,23,0,4
BRDA:133,24,0,1
BRDA:133,24,1,3
BRDA:140,25,0,1
BRDA:140,25,1,2
BRDA:140,26,0,3
BRDA:140,26,1,2
BRDA:144,27,0,0
BRDA:144,27,1,3
BRDA:144,28,0,3
BRDA:144,28,1,0
BRDA:152,29,0,0
BRDA:152,29,1,3
BRDA:162,30,0,0
BRDA:162,30,1,5
BRDA:169,31,0,2
BRDA:169,31,1,3
BRDA:169,32,0,5
BRDA:169,32,1,3
BRDA:174,33,0,0
BRDA:174,33,1,5
BRDA:174,34,0,5
BRDA:174,34,1,3
BRDA:182,35,0,3
BRDA:182,35,1,2
BRDA:191,36,0,0
BRDA:193,37,0,0
BRDA:194,38,0,0
BRDA:195,39,0,0
BRDA:196,40,0,0
BRDA:201,41,0,0
BRDA:201,41,1,0
BRDA:202,42,0,0
BRDA:202,42,1,0
BRDA:210,43,0,0
BRDA:210,43,1,0
BRDA:219,44,0,0
BRDA:219,44,1,0
BRDA:219,45,0,0
BRDA:219,45,1,0
BRDA:224,46,0,0
BRDA:224,46,1,0
BRDA:224,47,0,0
BRDA:224,47,1,0
BRDA:227,48,0,0
BRDA:227,48,1,0
BRDA:227,49,0,0
BRDA:227,49,1,0
BRDA:231,50,0,0
BRDA:231,50,1,0
BRDA:231,51,0,0
BRDA:231,51,1,0
BRDA:246,52,0,0
BRDA:248,53,0,3
BRDA:249,54,0,3
BRDA:250,55,0,0
BRDA:251,56,0,3
BRDA:256,57,0,2
BRDA:256,57,1,1
BRDA:257,58,0,2
BRDA:257,58,1,0
BRDA:265,59,0,0
BRDA:265,59,1,1
BRDA:269,60,0,0
BRDA:269,60,1,1
BRDA:273,61,0,0
BRDA:273,61,1,1
BRDA:273,62,0,1
BRDA:273,62,1,1
BRDA:278,63,0,1
BRDA:278,63,1,0
BRDA:292,64,0,0
BRDA:294,65,0,0
BRDA:295,66,0,0
BRDA:296,67,0,0
BRDA:301,68,0,0
BRDA:301,68,1,0
BRDA:302,69,0,0
BRDA:302,69,1,0
BRDA:308,70,0,0
BRDA:308,70,1,0
BRDA:312,71,0,0
BRDA:312,71,1,0
BRDA:325,72,0,1
BRDA:327,73,0,1
BRDA:328,74,0,4
BRDA:329,75,0,4
BRDA:332,76,0,3
BRDA:332,76,1,1
BRDA:336,77,0,1
BRDA:336,77,1,0
BRDA:340,78,0,0
BRDA:340,78,1,1
BRDA:344,79,0,0
BRDA:344,79,1,1
BRDA:344,80,0,1
BRDA:344,80,1,0
BRDA:359,81,0,3
BRDA:359,81,1,0
BRDA:365,82,0,2
BRDA:365,82,1,1
BRDA:370,83,0,2
BRDA:370,83,1,1
BRDA:372,84,0,1
BRDA:372,84,1,1
BRDA:381,85,0,3
BRDA:381,85,1,2
BRDA:382,86,0,3
BRDA:382,86,1,2
BRDA:384,87,0,2
BRDA:384,87,1,1
BRDA:398,88,0,0
BRDA:398,88,1,0
BRDA:404,89,0,0
BRDA:404,89,1,0
BRDA:414,90,0,0
BRDA:414,90,1,0
BRDA:419,91,0,0
BRDA:419,91,1,0
BRDA:421,92,0,0
BRDA:421,92,1,0
BRDA:430,93,0,0
BRDA:430,93,1,0
BRDA:431,94,0,0
BRDA:431,94,1,0
BRDA:432,95,0,0
BRDA:432,95,1,0
BRDA:433,96,0,0
BRDA:433,96,1,0
BRDA:449,97,0,0
BRDA:449,97,1,0
BRDA:449,98,0,0
BRDA:449,98,1,0
BRDA:454,99,0,0
BRDA:454,99,1,0
BRDA:455,100,0,0
BRDA:455,100,1,0
BRDA:458,101,0,0
BRDA:458,101,1,0
BRDA:467,102,0,0
BRDA:467,102,1,0
BRDA:479,103,0,0
BRDA:479,103,1,0
BRF:184
BRH:67
end_of_record
TN:
SF:src/utils/healthMonitor.js
FN:4,(anonymous_0)
FN:16,(anonymous_1)
FN:18,(anonymous_2)
FN:21,(anonymous_3)
FN:25,(anonymous_4)
FN:31,(anonymous_5)
FN:34,(anonymous_6)
FN:42,(anonymous_7)
FN:47,(anonymous_8)
FN:54,(anonymous_9)
FN:96,(anonymous_10)
FNF:11
FNH:2
FNDA:1,(anonymous_0)
FNDA:1,(anonymous_1)
FNDA:0,(anonymous_2)
FNDA:0,(anonymous_3)
FNDA:0,(anonymous_4)
FNDA:0,(anonymous_5)
FNDA:0,(anonymous_6)
FNDA:0,(anonymous_7)
FNDA:0,(anonymous_8)
FNDA:0,(anonymous_9)
FNDA:0,(anonymous_10)
DA:1,1
DA:5,1
DA:6,1
DA:7,1
DA:8,1
DA:9,1
DA:10,1
DA:11,1
DA:13,1
DA:18,1
DA:19,0
DA:21,0
DA:22,0
DA:25,0
DA:26,0
DA:31,1
DA:32,0
DA:34,0
DA:35,0
DA:36,0
DA:42,1
DA:43,0
DA:47,1
DA:48,0
DA:49,0
DA:55,0
DA:56,0
DA:57,0
DA:59,0
DA:75,0
DA:80,0
DA:81,0
DA:82,0
DA:83,0
DA:84,0
DA:85,0
DA:88,0
DA:91,0
DA:92,0
DA:97,0
DA:110,1
LF:41
LH:14
BRDA:35,0,0,0
BRDA:35,0,1,0
BRDA:48,1,0,0
BRDA:48,1,1,0
BRDA:65,2,0,0
BRDA:65,2,1,0
BRDA:75,3,0,0
BRDA:75,3,1,0
BRDA:75,3,2,0
BRDA:80,4,0,0
BRDA:80,4,1,0
BRDA:80,5,0,0
BRDA:80,5,1,0
BRDA:83,6,0,0
BRDA:83,6,1,0
BRDA:83,7,0,0
BRDA:83,7,1,0
BRDA:91,8,0,0
BRDA:91,8,1,0
BRDA:91,9,0,0
BRDA:91,9,1,0
BRDA:103,10,0,0
BRDA:103,10,1,0
BRF:23
BRH:0
end_of_record
TN:
SF:src/utils/logger.js
FN:26,(anonymous_0)
FN:53,(anonymous_1)
FN:76,(anonymous_2)
FNF:3
FNH:1
FNDA:27,(anonymous_0)
FNDA:0,(anonymous_1)
FNDA:0,(anonymous_2)
DA:1,2
DA:2,2
DA:5,2
DA:19,2
DA:21,2
DA:27,27
DA:34,0
DA:49,2
DA:52,2
DA:54,0
DA:59,2
DA:76,2
DA:77,0
DA:88,2
LF:14
LH:11
BRDA:6,0,0,2
BRDA:6,0,1,2
BRDA:19,1,0,2
BRDA:19,1,1,0
BRDA:27,2,0,27
BRDA:27,2,1,0
BRDA:76,3,0,0
BRDA:83,4,0,0
BRDA:83,4,1,0
BRDA:84,5,0,0
BRDA:84,5,1,0
BRF:11
BRH:4
end_of_record
TN:
SF:src/utils/validators.js
FN:13,validateCPF
FN:49,validateCNPJ
FN:85,validateEmail
FN:96,validatePhone
FN:114,validateCEP
FN:126,validateCRM
FN:148,hashPassword
FN:162,verifyPassword
FN:173,validateCOREN
FN:195,validateBirthDate
FN:221,validateMinAge
FN:236,sanitizeString
FN:246,formatCPF
FN:257,formatCNPJ
FN:268,formatPhone
FN:288,formatCEP
FN:299,validatePatientData
FN:349,validateDoctorData
FNF:18
FNH:0
FNDA:0,validateCPF
FNDA:0,validateCNPJ
FNDA:0,validateEmail
FNDA:0,validatePhone
FNDA:0,validateCEP
FNDA:0,validateCRM
FNDA:0,hashPassword
FNDA:0,verifyPassword
FNDA:0,validateCOREN
FNDA:0,validateBirthDate
FNDA:0,validateMinAge
FNDA:0,sanitizeString
FNDA:0,formatCPF
FNDA:0,formatCNPJ
FNDA:0,formatPhone
FNDA:0,formatCEP
FNDA:0,validatePatientData
FNDA:0,validateDoctorData
DA:14,0
DA:17,0
DA:20,0
DA:23,0
DA:26,0
DA:27,0
DA:28,0
DA:30,0
DA:32,0
DA:35,0
DA:36,0
DA:37,0
DA:39,0
DA:41,0
DA:50,0
DA:52,0
DA:54,0
DA:55,0
DA:58,0
DA:59,0
DA:60,0
DA:61,0
DA:62,0
DA:64,0
DA:66,0
DA:69,0
DA:70,0
DA:71,0
DA:72,0
DA:73,0
DA:75,0
DA:77,0
DA:86,0
DA:87,0
DA:88,0
DA:97,0
DA:100,0
DA:106,0
DA:115,0
DA:116,0
DA:117,0
DA:127,0
DA:130,0
DA:131,0
DA:134,0
DA:140,0
DA:149,0
DA:151,0
DA:152,0
DA:153,0
DA:163,0
DA:164,0
DA:174,0
DA:177,0
DA:178,0
DA:181,0
DA:187,0
DA:196,0
DA:198,0
DA:199,0
DA:202,0
DA:205,0
DA:208,0
DA:209,0
DA:210,0
DA:212,0
DA:222,0
DA:224,0
DA:225,0
DA:226,0
DA:228,0
DA:237,0
DA:238,0
DA:247,0
DA:248,0
DA:249,0
DA:258,0
DA:259,0
DA:260,0
DA:269,0
DA:270,0
DA:272,0
DA:273,0
DA:274,0
DA:275,0
DA:276,0
DA:277,0
DA:280,0
DA:289,0
DA:290,0
DA:291,0
DA:300,0
DA:303,0
DA:304,0
DA:308,0
DA:309,0
DA:310,0
DA:311,0
DA:315,0
DA:316,0
DA:317,0
DA:318,0
DA:322,0
DA:323,0
DA:324,0
DA:325,0
DA:329,0
DA:330,0
DA:334,0
DA:335,0
DA:338,0
DA:350,0
DA:353,0
DA:354,0
DA:358,0
DA:359,0
DA:360,0
DA:361,0
DA:365,0
DA:366,0
DA:367,0
DA:368,0
DA:372,0
DA:373,0
DA:377,0
DA:378,0
DA:379,0
DA:380,0
DA:384,0
DA:385,0
DA:389,0
DA:390,0
DA:394,0
DA:395,0
DA:399,0
DA:400,0
DA:403,0
DA:409,2
LF:138
LH:1
BRDA:14,0,0,0
BRDA:14,0,1,0
BRDA:20,1,0,0
BRDA:20,1,1,0
BRDA:23,2,0,0
BRDA:23,2,1,0
BRDA:32,3,0,0
BRDA:32,3,1,0
BRDA:50,4,0,0
BRDA:50,4,1,0
BRDA:54,5,0,0
BRDA:54,5,1,0
BRDA:55,6,0,0
BRDA:55,6,1,0
BRDA:62,7,0,0
BRDA:62,7,1,0
BRDA:64,8,0,0
BRDA:64,8,1,0
BRDA:66,9,0,0
BRDA:66,9,1,0
BRDA:73,10,0,0
BRDA:73,10,1,0
BRDA:75,11,0,0
BRDA:75,11,1,0
BRDA:86,12,0,0
BRDA:86,12,1,0
BRDA:97,13,0,0
BRDA:97,13,1,0
BRDA:115,14,0,0
BRDA:115,14,1,0
BRDA:127,15,0,0
BRDA:127,15,1,0
BRDA:127,16,0,0
BRDA:127,16,1,0
BRDA:131,17,0,0
BRDA:131,17,1,0
BRDA:149,18,0,0
BRDA:149,18,1,0
BRDA:174,19,0,0
BRDA:174,19,1,0
BRDA:174,20,0,0
BRDA:174,20,1,0
BRDA:178,21,0,0
BRDA:178,21,1,0
BRDA:196,22,0,0
BRDA:196,22,1,0
BRDA:202,23,0,0
BRDA:202,23,1,0
BRDA:205,24,0,0
BRDA:205,24,1,0
BRDA:210,25,0,0
BRDA:210,25,1,0
BRDA:221,26,0,0
BRDA:222,27,0,0
BRDA:222,27,1,0
BRDA:237,28,0,0
BRDA:237,28,1,0
BRDA:247,29,0,0
BRDA:247,29,1,0
BRDA:258,30,0,0
BRDA:258,30,1,0
BRDA:269,31,0,0
BRDA:269,31,1,0
BRDA:272,32,0,0
BRDA:272,32,1,0
BRDA:274,33,0,0
BRDA:274,33,1,0
BRDA:276,34,0,0
BRDA:276,34,1,0
BRDA:289,35,0,0
BRDA:289,35,1,0
BRDA:303,36,0,0
BRDA:303,36,1,0
BRDA:303,37,0,0
BRDA:303,37,1,0
BRDA:308,38,0,0
BRDA:308,38,1,0
BRDA:310,39,0,0
BRDA:310,39,1,0
BRDA:315,40,0,0
BRDA:315,40,1,0
BRDA:317,41,0,0
BRDA:317,41,1,0
BRDA:322,42,0,0
BRDA:322,42,1,0
BRDA:324,43,0,0
BRDA:324,43,1,0
BRDA:329,44,0,0
BRDA:329,44,1,0
BRDA:329,45,0,0
BRDA:329,45,1,0
BRDA:334,46,0,0
BRDA:334,46,1,0
BRDA:334,47,0,0
BRDA:334,47,1,0
BRDA:353,48,0,0
BRDA:353,48,1,0
BRDA:353,49,0,0
BRDA:353,49,1,0
BRDA:358,50,0,0
BRDA:358,50,1,0
BRDA:360,51,0,0
BRDA:360,51,1,0
BRDA:365,52,0,0
BRDA:365,52,1,0
BRDA:367,53,0,0
BRDA:367,53,1,0
BRDA:372,54,0,0
BRDA:372,54,1,0
BRDA:372,55,0,0
BRDA:372,55,1,0
BRDA:377,56,0,0
BRDA:377,56,1,0
BRDA:379,57,0,0
BRDA:379,57,1,0
BRDA:384,58,0,0
BRDA:384,58,1,0
BRDA:384,59,0,0
BRDA:384,59,1,0
BRDA:389,60,0,0
BRDA:389,60,1,0
BRDA:389,61,0,0
BRDA:389,61,1,0
BRDA:394,62,0,0
BRDA:394,62,1,0
BRDA:394,63,0,0
BRDA:394,63,1,0
BRDA:399,64,0,0
BRDA:399,64,1,0
BRDA:399,65,0,0
BRDA:399,65,1,0
BRF:131
BRH:0
end_of_record
